[ 2017-08-30T01:03:29+08:00 ] 121.199.70.200 /
INFO: [ app_init ] --START--
INFO: Run Behavior\BuildLiteBehavior [ RunTime:0.000017s ]
INFO: [ app_init ] --END-- [ RunTime:0.000140s ]
INFO: [ app_begin ] --START--
INFO: Run Behavior\ReadHtmlCacheBehavior [ RunTime:0.001049s ]
INFO: [ app_begin ] --END-- [ RunTime:0.001120s ]
SQL: SHOW COLUMNS FROM `pvinfo` [ RunTime:0.0007s ]
SQL: SELECT * FROM `pvinfo` WHERE ( id=1 )  [ RunTime:0.0004s ]
SQL: UPDATE `pvinfo` SET `pv`='1891' WHERE ( id=1 ) [ RunTime:0.0005s ]
INFO: [ view_parse ] --START--
INFO: [ template_filter ] --START--
INFO: Run Behavior\ContentReplaceBehavior [ RunTime:0.000049s ]
INFO: [ template_filter ] --END-- [ RunTime:0.000137s ]
INFO: Run Behavior\ParseTemplateBehavior [ RunTime:0.005179s ]
INFO: [ view_parse ] --END-- [ RunTime:0.005246s ]
INFO: [ view_filter ] --START--
INFO: Run Behavior\WriteHtmlCacheBehavior [ RunTime:0.001203s ]
INFO: [ view_filter ] --END-- [ RunTime:0.001271s ]
INFO: [ app_end ] --START--
INFO: Run Behavior\ShowPageTraceBehavior [ RunTime:0.001431s ]
INFO: [ app_end ] --END-- [ RunTime:0.001493s ]

[ 2017-08-30T01:33:32+08:00 ] 192.3.185.51 ip.imazes.org:443
INFO: [ app_init ] --START--
INFO: Run Behavior\BuildLiteBehavior [ RunTime:0.000016s ]
INFO: [ app_init ] --END-- [ RunTime:0.000129s ]
INFO: [ app_begin ] --START--
INFO: Run Behavior\ReadHtmlCacheBehavior [ RunTime:0.001178s ]
INFO: [ app_begin ] --END-- [ RunTime:0.001244s ]
SQL: SHOW COLUMNS FROM `pvinfo` [ RunTime:0.0007s ]
SQL: SELECT * FROM `pvinfo` WHERE ( id=1 )  [ RunTime:0.0004s ]
SQL: UPDATE `pvinfo` SET `pv`='1892' WHERE ( id=1 ) [ RunTime:0.0005s ]
INFO: [ view_parse ] --START--
INFO: [ template_filter ] --START--
INFO: Run Behavior\ContentReplaceBehavior [ RunTime:0.000042s ]
INFO: [ template_filter ] --END-- [ RunTime:0.000105s ]
INFO: Run Behavior\ParseTemplateBehavior [ RunTime:0.004767s ]
INFO: [ view_parse ] --END-- [ RunTime:0.004829s ]
INFO: [ view_filter ] --START--
INFO: Run Behavior\WriteHtmlCacheBehavior [ RunTime:0.001141s ]
INFO: [ view_filter ] --END-- [ RunTime:0.001198s ]
INFO: [ app_end ] --START--
INFO: Run Behavior\ShowPageTraceBehavior [ RunTime:0.001186s ]
INFO: [ app_end ] --END-- [ RunTime:0.001246s ]

[ 2017-08-30T01:33:33+08:00 ] 192.3.185.51 ip.imazes.org:443
INFO: [ app_init ] --START--
INFO: Run Behavior\BuildLiteBehavior [ RunTime:0.000017s ]
INFO: [ app_init ] --END-- [ RunTime:0.000120s ]
INFO: [ app_begin ] --START--
INFO: Run Behavior\ReadHtmlCacheBehavior [ RunTime:0.000998s ]
INFO: [ app_begin ] --END-- [ RunTime:0.001064s ]
SQL: SHOW COLUMNS FROM `pvinfo` [ RunTime:0.0007s ]
SQL: SELECT * FROM `pvinfo` WHERE ( id=1 )  [ RunTime:0.0004s ]
SQL: UPDATE `pvinfo` SET `pv`='1893' WHERE ( id=1 ) [ RunTime:0.0005s ]
INFO: [ view_parse ] --START--
INFO: [ template_filter ] --START--
INFO: Run Behavior\ContentReplaceBehavior [ RunTime:0.000053s ]
INFO: [ template_filter ] --END-- [ RunTime:0.000118s ]
INFO: Run Behavior\ParseTemplateBehavior [ RunTime:0.004800s ]
INFO: [ view_parse ] --END-- [ RunTime:0.004863s ]
INFO: [ view_filter ] --START--
INFO: Run Behavior\WriteHtmlCacheBehavior [ RunTime:0.001134s ]
INFO: [ view_filter ] --END-- [ RunTime:0.001192s ]
INFO: [ app_end ] --START--
INFO: Run Behavior\ShowPageTraceBehavior [ RunTime:0.001274s ]
INFO: [ app_end ] --END-- [ RunTime:0.001337s ]

[ 2017-08-30T01:33:34+08:00 ] 192.3.185.51 ip.imazes.org:443
INFO: [ app_init ] --START--
INFO: Run Behavior\BuildLiteBehavior [ RunTime:0.000020s ]
INFO: [ app_init ] --END-- [ RunTime:0.000160s ]
INFO: [ app_begin ] --START--
INFO: Run Behavior\ReadHtmlCacheBehavior [ RunTime:0.001107s ]
INFO: [ app_begin ] --END-- [ RunTime:0.001179s ]
SQL: SHOW COLUMNS FROM `pvinfo` [ RunTime:0.0007s ]
SQL: SELECT * FROM `pvinfo` WHERE ( id=1 )  [ RunTime:0.0004s ]
SQL: UPDATE `pvinfo` SET `pv`='1894' WHERE ( id=1 ) [ RunTime:0.0006s ]
INFO: [ view_parse ] --START--
INFO: [ template_filter ] --START--
INFO: Run Behavior\ContentReplaceBehavior [ RunTime:0.000054s ]
INFO: [ template_filter ] --END-- [ RunTime:0.000134s ]
INFO: Run Behavior\ParseTemplateBehavior [ RunTime:0.004915s ]
INFO: [ view_parse ] --END-- [ RunTime:0.004980s ]
INFO: [ view_filter ] --START--
INFO: Run Behavior\WriteHtmlCacheBehavior [ RunTime:0.001101s ]
INFO: [ view_filter ] --END-- [ RunTime:0.001161s ]
INFO: [ app_end ] --START--
INFO: Run Behavior\ShowPageTraceBehavior [ RunTime:0.001054s ]
INFO: [ app_end ] --END-- [ RunTime:0.001114s ]

[ 2017-08-30T02:10:31+08:00 ] 47.88.76.4 /
INFO: [ app_init ] --START--
INFO: Run Behavior\BuildLiteBehavior [ RunTime:0.000017s ]
INFO: [ app_init ] --END-- [ RunTime:0.000126s ]
INFO: [ app_begin ] --START--
INFO: Run Behavior\ReadHtmlCacheBehavior [ RunTime:0.001177s ]
INFO: [ app_begin ] --END-- [ RunTime:0.001245s ]
SQL: SHOW COLUMNS FROM `pvinfo` [ RunTime:0.0008s ]
SQL: SELECT * FROM `pvinfo` WHERE ( id=1 )  [ RunTime:0.0004s ]
SQL: UPDATE `pvinfo` SET `pv`='1895' WHERE ( id=1 ) [ RunTime:0.0005s ]
INFO: [ view_parse ] --START--
INFO: [ template_filter ] --START--
INFO: Run Behavior\ContentReplaceBehavior [ RunTime:0.000042s ]
INFO: [ template_filter ] --END-- [ RunTime:0.000107s ]
INFO: Run Behavior\ParseTemplateBehavior [ RunTime:0.004810s ]
INFO: [ view_parse ] --END-- [ RunTime:0.004876s ]
INFO: [ view_filter ] --START--
INFO: Run Behavior\WriteHtmlCacheBehavior [ RunTime:0.001190s ]
INFO: [ view_filter ] --END-- [ RunTime:0.001250s ]
INFO: [ app_end ] --START--
INFO: Run Behavior\ShowPageTraceBehavior [ RunTime:0.001201s ]
INFO: [ app_end ] --END-- [ RunTime:0.001264s ]

[ 2017-08-30T02:17:48+08:00 ] 58.217.192.54 /
INFO: [ app_init ] --START--
INFO: Run Behavior\BuildLiteBehavior [ RunTime:0.000018s ]
INFO: [ app_init ] --END-- [ RunTime:0.000147s ]
INFO: [ app_begin ] --START--
INFO: Run Behavior\ReadHtmlCacheBehavior [ RunTime:0.001328s ]
INFO: [ app_begin ] --END-- [ RunTime:0.001396s ]
SQL: SHOW COLUMNS FROM `pvinfo` [ RunTime:0.0007s ]
SQL: SELECT * FROM `pvinfo` WHERE ( id=1 )  [ RunTime:0.0005s ]
SQL: UPDATE `pvinfo` SET `pv`='1896' WHERE ( id=1 ) [ RunTime:0.0005s ]
INFO: [ view_parse ] --START--
INFO: [ template_filter ] --START--
INFO: Run Behavior\ContentReplaceBehavior [ RunTime:0.000041s ]
INFO: [ template_filter ] --END-- [ RunTime:0.000105s ]
INFO: Run Behavior\ParseTemplateBehavior [ RunTime:0.004897s ]
INFO: [ view_parse ] --END-- [ RunTime:0.004960s ]
INFO: [ view_filter ] --START--
INFO: Run Behavior\WriteHtmlCacheBehavior [ RunTime:0.001344s ]
INFO: [ view_filter ] --END-- [ RunTime:0.001403s ]
INFO: [ app_end ] --START--
INFO: Run Behavior\ShowPageTraceBehavior [ RunTime:0.001392s ]
INFO: [ app_end ] --END-- [ RunTime:0.001454s ]

[ 2017-08-30T04:55:37+08:00 ] 123.59.146.153 /
INFO: [ app_init ] --START--
INFO: Run Behavior\BuildLiteBehavior [ RunTime:0.000016s ]
INFO: [ app_init ] --END-- [ RunTime:0.000126s ]
INFO: [ app_begin ] --START--
INFO: Run Behavior\ReadHtmlCacheBehavior [ RunTime:0.001201s ]
INFO: [ app_begin ] --END-- [ RunTime:0.001269s ]
SQL: SHOW COLUMNS FROM `pvinfo` [ RunTime:0.0007s ]
SQL: SELECT * FROM `pvinfo` WHERE ( id=1 )  [ RunTime:0.0004s ]
SQL: UPDATE `pvinfo` SET `pv`='1897' WHERE ( id=1 ) [ RunTime:0.0005s ]
INFO: [ view_parse ] --START--
INFO: [ template_filter ] --START--
INFO: Run Behavior\ContentReplaceBehavior [ RunTime:0.000046s ]
INFO: [ template_filter ] --END-- [ RunTime:0.000113s ]
INFO: Run Behavior\ParseTemplateBehavior [ RunTime:0.004940s ]
INFO: [ view_parse ] --END-- [ RunTime:0.005005s ]
INFO: [ view_filter ] --START--
INFO: Run Behavior\WriteHtmlCacheBehavior [ RunTime:0.001170s ]
INFO: [ view_filter ] --END-- [ RunTime:0.001230s ]
INFO: [ app_end ] --START--
INFO: Run Behavior\ShowPageTraceBehavior [ RunTime:0.001206s ]
INFO: [ app_end ] --END-- [ RunTime:0.001268s ]

[ 2017-08-30T05:12:05+08:00 ] 123.249.76.5 /
INFO: [ app_init ] --START--
INFO: Run Behavior\BuildLiteBehavior [ RunTime:0.000016s ]
INFO: [ app_init ] --END-- [ RunTime:0.000122s ]
INFO: [ app_begin ] --START--
INFO: Run Behavior\ReadHtmlCacheBehavior [ RunTime:0.001224s ]
INFO: [ app_begin ] --END-- [ RunTime:0.001302s ]
SQL: SHOW COLUMNS FROM `pvinfo` [ RunTime:0.0007s ]
SQL: SELECT * FROM `pvinfo` WHERE ( id=1 )  [ RunTime:0.0005s ]
SQL: UPDATE `pvinfo` SET `pv`='1898' WHERE ( id=1 ) [ RunTime:0.0005s ]
INFO: [ view_parse ] --START--
INFO: [ template_filter ] --START--
INFO: Run Behavior\ContentReplaceBehavior [ RunTime:0.000052s ]
INFO: [ template_filter ] --END-- [ RunTime:0.000125s ]
INFO: Run Behavior\ParseTemplateBehavior [ RunTime:0.004928s ]
INFO: [ view_parse ] --END-- [ RunTime:0.004992s ]
INFO: [ view_filter ] --START--
INFO: Run Behavior\WriteHtmlCacheBehavior [ RunTime:0.001193s ]
INFO: [ view_filter ] --END-- [ RunTime:0.001251s ]
INFO: [ app_end ] --START--
INFO: Run Behavior\ShowPageTraceBehavior [ RunTime:0.001227s ]
INFO: [ app_end ] --END-- [ RunTime:0.001288s ]

[ 2017-08-30T07:14:10+08:00 ] 140.205.225.202 /index.php
INFO: [ app_init ] --START--
INFO: Run Behavior\BuildLiteBehavior [ RunTime:0.000017s ]
INFO: [ app_init ] --END-- [ RunTime:0.000124s ]
INFO: [ app_begin ] --START--
INFO: Run Behavior\ReadHtmlCacheBehavior [ RunTime:0.001201s ]
INFO: [ app_begin ] --END-- [ RunTime:0.001274s ]
SQL: SHOW COLUMNS FROM `pvinfo` [ RunTime:0.0007s ]
SQL: SELECT * FROM `pvinfo` WHERE ( id=1 )  [ RunTime:0.0004s ]
SQL: UPDATE `pvinfo` SET `pv`='1899' WHERE ( id=1 ) [ RunTime:0.0005s ]
INFO: [ view_parse ] --START--
INFO: [ template_filter ] --START--
INFO: Run Behavior\ContentReplaceBehavior [ RunTime:0.000044s ]
INFO: [ template_filter ] --END-- [ RunTime:0.000113s ]
INFO: Run Behavior\ParseTemplateBehavior [ RunTime:0.004892s ]
INFO: [ view_parse ] --END-- [ RunTime:0.004954s ]
INFO: [ view_filter ] --START--
INFO: Run Behavior\WriteHtmlCacheBehavior [ RunTime:0.001208s ]
INFO: [ view_filter ] --END-- [ RunTime:0.001267s ]
INFO: [ app_end ] --START--
INFO: Run Behavior\ShowPageTraceBehavior [ RunTime:0.001249s ]
INFO: [ app_end ] --END-- [ RunTime:0.001310s ]

[ 2017-08-30T07:14:22+08:00 ] 140.205.225.202 /
INFO: [ app_init ] --START--
INFO: Run Behavior\BuildLiteBehavior [ RunTime:0.000017s ]
INFO: [ app_init ] --END-- [ RunTime:0.000149s ]
INFO: [ app_begin ] --START--
INFO: Run Behavior\ReadHtmlCacheBehavior [ RunTime:0.001158s ]
INFO: [ app_begin ] --END-- [ RunTime:0.001228s ]
SQL: SHOW COLUMNS FROM `pvinfo` [ RunTime:0.0007s ]
SQL: SELECT * FROM `pvinfo` WHERE ( id=1 )  [ RunTime:0.0004s ]
SQL: UPDATE `pvinfo` SET `pv`='1900' WHERE ( id=1 ) [ RunTime:0.0005s ]
INFO: [ view_parse ] --START--
INFO: [ template_filter ] --START--
INFO: Run Behavior\ContentReplaceBehavior [ RunTime:0.000047s ]
INFO: [ template_filter ] --END-- [ RunTime:0.000118s ]
INFO: Run Behavior\ParseTemplateBehavior [ RunTime:0.005174s ]
INFO: [ view_parse ] --END-- [ RunTime:0.005242s ]
INFO: [ view_filter ] --START--
INFO: Run Behavior\WriteHtmlCacheBehavior [ RunTime:0.001252s ]
INFO: [ view_filter ] --END-- [ RunTime:0.001325s ]
INFO: [ app_end ] --START--
INFO: Run Behavior\ShowPageTraceBehavior [ RunTime:0.001299s ]
INFO: [ app_end ] --END-- [ RunTime:0.001362s ]

[ 2017-08-30T07:15:12+08:00 ] 140.205.225.202 /
INFO: [ app_init ] --START--
INFO: Run Behavior\BuildLiteBehavior [ RunTime:0.000017s ]
INFO: [ app_init ] --END-- [ RunTime:0.000125s ]
INFO: [ app_begin ] --START--
INFO: Run Behavior\ReadHtmlCacheBehavior [ RunTime:0.001179s ]
INFO: [ app_begin ] --END-- [ RunTime:0.001246s ]
SQL: SHOW COLUMNS FROM `pvinfo` [ RunTime:0.0007s ]
SQL: SELECT * FROM `pvinfo` WHERE ( id=1 )  [ RunTime:0.0004s ]
SQL: UPDATE `pvinfo` SET `pv`='1901' WHERE ( id=1 ) [ RunTime:0.0005s ]
INFO: [ view_parse ] --START--
INFO: [ template_filter ] --START--
INFO: Run Behavior\ContentReplaceBehavior [ RunTime:0.000041s ]
INFO: [ template_filter ] --END-- [ RunTime:0.000106s ]
INFO: Run Behavior\ParseTemplateBehavior [ RunTime:0.004658s ]
INFO: [ view_parse ] --END-- [ RunTime:0.004721s ]
INFO: [ view_filter ] --START--
INFO: Run Behavior\WriteHtmlCacheBehavior [ RunTime:0.001160s ]
INFO: [ view_filter ] --END-- [ RunTime:0.001218s ]
INFO: [ app_end ] --START--
INFO: Run Behavior\ShowPageTraceBehavior [ RunTime:0.001154s ]
INFO: [ app_end ] --END-- [ RunTime:0.001213s ]

[ 2017-08-30T07:15:26+08:00 ] 140.205.225.202 /
INFO: [ app_init ] --START--
INFO: Run Behavior\BuildLiteBehavior [ RunTime:0.000017s ]
INFO: [ app_init ] --END-- [ RunTime:0.000140s ]
INFO: [ app_begin ] --START--
INFO: Run Behavior\ReadHtmlCacheBehavior [ RunTime:0.001242s ]
INFO: [ app_begin ] --END-- [ RunTime:0.001308s ]
SQL: SHOW COLUMNS FROM `pvinfo` [ RunTime:0.0007s ]
SQL: SELECT * FROM `pvinfo` WHERE ( id=1 )  [ RunTime:0.0004s ]
SQL: UPDATE `pvinfo` SET `pv`='1902' WHERE ( id=1 ) [ RunTime:0.0005s ]
INFO: [ view_parse ] --START--
INFO: [ template_filter ] --START--
INFO: Run Behavior\ContentReplaceBehavior [ RunTime:0.000041s ]
INFO: [ template_filter ] --END-- [ RunTime:0.000104s ]
INFO: Run Behavior\ParseTemplateBehavior [ RunTime:0.004960s ]
INFO: [ view_parse ] --END-- [ RunTime:0.005023s ]
INFO: [ view_filter ] --START--
INFO: Run Behavior\WriteHtmlCacheBehavior [ RunTime:0.001211s ]
INFO: [ view_filter ] --END-- [ RunTime:0.001271s ]
INFO: [ app_end ] --START--
INFO: Run Behavior\ShowPageTraceBehavior [ RunTime:0.001248s ]
INFO: [ app_end ] --END-- [ RunTime:0.001309s ]

[ 2017-08-30T07:15:31+08:00 ] 140.205.225.202 /
INFO: [ app_init ] --START--
INFO: Run Behavior\BuildLiteBehavior [ RunTime:0.000019s ]
INFO: [ app_init ] --END-- [ RunTime:0.000139s ]
INFO: [ app_begin ] --START--
INFO: Run Behavior\ReadHtmlCacheBehavior [ RunTime:0.001302s ]
INFO: [ app_begin ] --END-- [ RunTime:0.001376s ]
SQL: SHOW COLUMNS FROM `pvinfo` [ RunTime:0.0007s ]
SQL: SELECT * FROM `pvinfo` WHERE ( id=1 )  [ RunTime:0.0004s ]
SQL: UPDATE `pvinfo` SET `pv`='1903' WHERE ( id=1 ) [ RunTime:0.0005s ]
INFO: [ view_parse ] --START--
INFO: [ template_filter ] --START--
INFO: Run Behavior\ContentReplaceBehavior [ RunTime:0.000043s ]
INFO: [ template_filter ] --END-- [ RunTime:0.000117s ]
INFO: Run Behavior\ParseTemplateBehavior [ RunTime:0.005087s ]
INFO: [ view_parse ] --END-- [ RunTime:0.005151s ]
INFO: [ view_filter ] --START--
INFO: Run Behavior\WriteHtmlCacheBehavior [ RunTime:0.001276s ]
INFO: [ view_filter ] --END-- [ RunTime:0.001336s ]
INFO: [ app_end ] --START--
INFO: Run Behavior\ShowPageTraceBehavior [ RunTime:0.001317s ]
INFO: [ app_end ] --END-- [ RunTime:0.001379s ]

[ 2017-08-30T07:15:38+08:00 ] 140.205.225.202 /
INFO: [ app_init ] --START--
INFO: Run Behavior\BuildLiteBehavior [ RunTime:0.000017s ]
INFO: [ app_init ] --END-- [ RunTime:0.000124s ]
INFO: [ app_begin ] --START--
INFO: Run Behavior\ReadHtmlCacheBehavior [ RunTime:0.001189s ]
INFO: [ app_begin ] --END-- [ RunTime:0.001258s ]
SQL: SHOW COLUMNS FROM `pvinfo` [ RunTime:0.0007s ]
SQL: SELECT * FROM `pvinfo` WHERE ( id=1 )  [ RunTime:0.0004s ]
SQL: UPDATE `pvinfo` SET `pv`='1904' WHERE ( id=1 ) [ RunTime:0.0005s ]
INFO: [ view_parse ] --START--
INFO: [ template_filter ] --START--
INFO: Run Behavior\ContentReplaceBehavior [ RunTime:0.000043s ]
INFO: [ template_filter ] --END-- [ RunTime:0.000107s ]
INFO: Run Behavior\ParseTemplateBehavior [ RunTime:0.004801s ]
INFO: [ view_parse ] --END-- [ RunTime:0.004899s ]
INFO: [ view_filter ] --START--
INFO: Run Behavior\WriteHtmlCacheBehavior [ RunTime:0.001171s ]
INFO: [ view_filter ] --END-- [ RunTime:0.001238s ]
INFO: [ app_end ] --START--
INFO: Run Behavior\ShowPageTraceBehavior [ RunTime:0.001246s ]
INFO: [ app_end ] --END-- [ RunTime:0.001307s ]

[ 2017-08-30T07:16:17+08:00 ] 140.205.225.202 /
INFO: [ app_init ] --START--
INFO: Run Behavior\BuildLiteBehavior [ RunTime:0.000016s ]
INFO: [ app_init ] --END-- [ RunTime:0.000122s ]
INFO: [ app_begin ] --START--
INFO: Run Behavior\ReadHtmlCacheBehavior [ RunTime:0.001103s ]
INFO: [ app_begin ] --END-- [ RunTime:0.001171s ]
SQL: SHOW COLUMNS FROM `pvinfo` [ RunTime:0.0008s ]
SQL: SELECT * FROM `pvinfo` WHERE ( id=1 )  [ RunTime:0.0005s ]
SQL: UPDATE `pvinfo` SET `pv`='1905' WHERE ( id=1 ) [ RunTime:0.0005s ]
INFO: [ view_parse ] --START--
INFO: [ template_filter ] --START--
INFO: Run Behavior\ContentReplaceBehavior [ RunTime:0.000046s ]
INFO: [ template_filter ] --END-- [ RunTime:0.000113s ]
INFO: Run Behavior\ParseTemplateBehavior [ RunTime:0.005426s ]
INFO: [ view_parse ] --END-- [ RunTime:0.005491s ]
INFO: [ view_filter ] --START--
INFO: Run Behavior\WriteHtmlCacheBehavior [ RunTime:0.001222s ]
INFO: [ view_filter ] --END-- [ RunTime:0.001281s ]
INFO: [ app_end ] --START--
INFO: Run Behavior\ShowPageTraceBehavior [ RunTime:0.001245s ]
INFO: [ app_end ] --END-- [ RunTime:0.001305s ]

[ 2017-08-30T07:17:07+08:00 ] 140.205.225.202 /
INFO: [ app_init ] --START--
INFO: Run Behavior\BuildLiteBehavior [ RunTime:0.000017s ]
INFO: [ app_init ] --END-- [ RunTime:0.000129s ]
INFO: [ app_begin ] --START--
INFO: Run Behavior\ReadHtmlCacheBehavior [ RunTime:0.001501s ]
INFO: [ app_begin ] --END-- [ RunTime:0.001615s ]
SQL: SHOW COLUMNS FROM `pvinfo` [ RunTime:0.0008s ]
SQL: SELECT * FROM `pvinfo` WHERE ( id=1 )  [ RunTime:0.0005s ]
SQL: UPDATE `pvinfo` SET `pv`='1906' WHERE ( id=1 ) [ RunTime:0.0005s ]
INFO: [ view_parse ] --START--
INFO: [ template_filter ] --START--
INFO: Run Behavior\ContentReplaceBehavior [ RunTime:0.000061s ]
INFO: [ template_filter ] --END-- [ RunTime:0.000135s ]
INFO: Run Behavior\ParseTemplateBehavior [ RunTime:0.006518s ]
INFO: [ view_parse ] --END-- [ RunTime:0.006638s ]
INFO: [ view_filter ] --START--
INFO: Run Behavior\WriteHtmlCacheBehavior [ RunTime:0.001425s ]
INFO: [ view_filter ] --END-- [ RunTime:0.001525s ]
INFO: [ app_end ] --START--
INFO: Run Behavior\ShowPageTraceBehavior [ RunTime:0.001902s ]
INFO: [ app_end ] --END-- [ RunTime:0.002006s ]

[ 2017-08-30T07:17:10+08:00 ] 140.205.225.202 /
INFO: [ app_init ] --START--
INFO: Run Behavior\BuildLiteBehavior [ RunTime:0.000017s ]
INFO: [ app_init ] --END-- [ RunTime:0.000126s ]
INFO: [ app_begin ] --START--
INFO: Run Behavior\ReadHtmlCacheBehavior [ RunTime:0.001539s ]
INFO: [ app_begin ] --END-- [ RunTime:0.001612s ]
SQL: SHOW COLUMNS FROM `pvinfo` [ RunTime:0.0007s ]
SQL: SELECT * FROM `pvinfo` WHERE ( id=1 )  [ RunTime:0.0004s ]
SQL: UPDATE `pvinfo` SET `pv`='1907' WHERE ( id=1 ) [ RunTime:0.0005s ]
INFO: [ view_parse ] --START--
INFO: [ template_filter ] --START--
INFO: Run Behavior\ContentReplaceBehavior [ RunTime:0.000058s ]
INFO: [ template_filter ] --END-- [ RunTime:0.000138s ]
INFO: Run Behavior\ParseTemplateBehavior [ RunTime:0.005274s ]
INFO: [ view_parse ] --END-- [ RunTime:0.005340s ]
INFO: [ view_filter ] --START--
INFO: Run Behavior\WriteHtmlCacheBehavior [ RunTime:0.001082s ]
INFO: [ view_filter ] --END-- [ RunTime:0.001144s ]
INFO: [ app_end ] --START--
INFO: Run Behavior\ShowPageTraceBehavior [ RunTime:0.001284s ]
INFO: [ app_end ] --END-- [ RunTime:0.001347s ]

[ 2017-08-30T07:19:43+08:00 ] 140.205.225.202 /
INFO: [ app_init ] --START--
INFO: Run Behavior\BuildLiteBehavior [ RunTime:0.000017s ]
INFO: [ app_init ] --END-- [ RunTime:0.000133s ]
INFO: [ app_begin ] --START--
INFO: Run Behavior\ReadHtmlCacheBehavior [ RunTime:0.001172s ]
INFO: [ app_begin ] --END-- [ RunTime:0.001238s ]
SQL: SHOW COLUMNS FROM `pvinfo` [ RunTime:0.0007s ]
SQL: SELECT * FROM `pvinfo` WHERE ( id=1 )  [ RunTime:0.0004s ]
SQL: UPDATE `pvinfo` SET `pv`='1908' WHERE ( id=1 ) [ RunTime:0.0005s ]
INFO: [ view_parse ] --START--
INFO: [ template_filter ] --START--
INFO: Run Behavior\ContentReplaceBehavior [ RunTime:0.000043s ]
INFO: [ template_filter ] --END-- [ RunTime:0.000108s ]
INFO: Run Behavior\ParseTemplateBehavior [ RunTime:0.005126s ]
INFO: [ view_parse ] --END-- [ RunTime:0.005189s ]
INFO: [ view_filter ] --START--
INFO: Run Behavior\WriteHtmlCacheBehavior [ RunTime:0.001147s ]
INFO: [ view_filter ] --END-- [ RunTime:0.001218s ]
INFO: [ app_end ] --START--
INFO: Run Behavior\ShowPageTraceBehavior [ RunTime:0.003827s ]
INFO: [ app_end ] --END-- [ RunTime:0.003891s ]

[ 2017-08-30T07:19:45+08:00 ] 140.205.225.202 /
INFO: [ app_init ] --START--
INFO: Run Behavior\BuildLiteBehavior [ RunTime:0.000016s ]
INFO: [ app_init ] --END-- [ RunTime:0.000121s ]
INFO: [ app_begin ] --START--
INFO: Run Behavior\ReadHtmlCacheBehavior [ RunTime:0.001175s ]
INFO: [ app_begin ] --END-- [ RunTime:0.001246s ]
SQL: SHOW COLUMNS FROM `pvinfo` [ RunTime:0.0006s ]
SQL: SELECT * FROM `pvinfo` WHERE ( id=1 )  [ RunTime:0.0004s ]
SQL: UPDATE `pvinfo` SET `pv`='1909' WHERE ( id=1 ) [ RunTime:0.0005s ]
INFO: [ view_parse ] --START--
INFO: [ template_filter ] --START--
INFO: Run Behavior\ContentReplaceBehavior [ RunTime:0.000043s ]
INFO: [ template_filter ] --END-- [ RunTime:0.000108s ]
INFO: Run Behavior\ParseTemplateBehavior [ RunTime:0.004753s ]
INFO: [ view_parse ] --END-- [ RunTime:0.004817s ]
INFO: [ view_filter ] --START--
INFO: Run Behavior\WriteHtmlCacheBehavior [ RunTime:0.001194s ]
INFO: [ view_filter ] --END-- [ RunTime:0.001252s ]
INFO: [ app_end ] --START--
INFO: Run Behavior\ShowPageTraceBehavior [ RunTime:0.001197s ]
INFO: [ app_end ] --END-- [ RunTime:0.001257s ]

[ 2017-08-30T07:19:46+08:00 ] 140.205.225.202 /
INFO: [ app_init ] --START--
INFO: Run Behavior\BuildLiteBehavior [ RunTime:0.000017s ]
INFO: [ app_init ] --END-- [ RunTime:0.000124s ]
INFO: [ app_begin ] --START--
INFO: Run Behavior\ReadHtmlCacheBehavior [ RunTime:0.001113s ]
INFO: [ app_begin ] --END-- [ RunTime:0.001180s ]
SQL: SHOW COLUMNS FROM `pvinfo` [ RunTime:0.0008s ]
SQL: SELECT * FROM `pvinfo` WHERE ( id=1 )  [ RunTime:0.0005s ]
SQL: UPDATE `pvinfo` SET `pv`='1910' WHERE ( id=1 ) [ RunTime:0.0006s ]
INFO: [ view_parse ] --START--
INFO: [ template_filter ] --START--
INFO: Run Behavior\ContentReplaceBehavior [ RunTime:0.000058s ]
INFO: [ template_filter ] --END-- [ RunTime:0.000144s ]
INFO: Run Behavior\ParseTemplateBehavior [ RunTime:0.007080s ]
INFO: [ view_parse ] --END-- [ RunTime:0.007166s ]
INFO: [ view_filter ] --START--
INFO: Run Behavior\WriteHtmlCacheBehavior [ RunTime:0.001210s ]
INFO: [ view_filter ] --END-- [ RunTime:0.001281s ]
INFO: [ app_end ] --START--
INFO: Run Behavior\ShowPageTraceBehavior [ RunTime:0.001278s ]
INFO: [ app_end ] --END-- [ RunTime:0.001346s ]

[ 2017-08-30T07:43:46+08:00 ] 106.11.242.142 /
INFO: [ app_init ] --START--
INFO: Run Behavior\BuildLiteBehavior [ RunTime:0.000023s ]
INFO: [ app_init ] --END-- [ RunTime:0.000131s ]
INFO: [ app_begin ] --START--
INFO: Run Behavior\ReadHtmlCacheBehavior [ RunTime:0.001186s ]
INFO: [ app_begin ] --END-- [ RunTime:0.001259s ]
SQL: SHOW COLUMNS FROM `pvinfo` [ RunTime:0.0007s ]
SQL: SELECT * FROM `pvinfo` WHERE ( id=1 )  [ RunTime:0.0004s ]
SQL: UPDATE `pvinfo` SET `pv`='1911' WHERE ( id=1 ) [ RunTime:0.0005s ]
INFO: [ view_parse ] --START--
INFO: [ template_filter ] --START--
INFO: Run Behavior\ContentReplaceBehavior [ RunTime:0.000041s ]
INFO: [ template_filter ] --END-- [ RunTime:0.000103s ]
INFO: Run Behavior\ParseTemplateBehavior [ RunTime:0.004881s ]
INFO: [ view_parse ] --END-- [ RunTime:0.004943s ]
INFO: [ view_filter ] --START--
INFO: Run Behavior\WriteHtmlCacheBehavior [ RunTime:0.001198s ]
INFO: [ view_filter ] --END-- [ RunTime:0.001256s ]
INFO: [ app_end ] --START--
INFO: Run Behavior\ShowPageTraceBehavior [ RunTime:0.001252s ]
INFO: [ app_end ] --END-- [ RunTime:0.001320s ]

[ 2017-08-30T08:59:24+08:00 ] 106.11.242.125 /
INFO: [ app_init ] --START--
INFO: Run Behavior\BuildLiteBehavior [ RunTime:0.000029s ]
INFO: [ app_init ] --END-- [ RunTime:0.000234s ]
INFO: [ app_begin ] --START--
INFO: Run Behavior\ReadHtmlCacheBehavior [ RunTime:0.001233s ]
INFO: [ app_begin ] --END-- [ RunTime:0.001305s ]
SQL: SHOW COLUMNS FROM `pvinfo` [ RunTime:0.0007s ]
SQL: SELECT * FROM `pvinfo` WHERE ( id=1 )  [ RunTime:0.0005s ]
SQL: UPDATE `pvinfo` SET `pv`='1912' WHERE ( id=1 ) [ RunTime:0.0005s ]
INFO: [ view_parse ] --START--
INFO: [ template_filter ] --START--
INFO: Run Behavior\ContentReplaceBehavior [ RunTime:0.000042s ]
INFO: [ template_filter ] --END-- [ RunTime:0.000108s ]
INFO: Run Behavior\ParseTemplateBehavior [ RunTime:0.005052s ]
INFO: [ view_parse ] --END-- [ RunTime:0.005116s ]
INFO: [ view_filter ] --START--
INFO: Run Behavior\WriteHtmlCacheBehavior [ RunTime:0.001179s ]
INFO: [ view_filter ] --END-- [ RunTime:0.001238s ]
INFO: [ app_end ] --START--
INFO: Run Behavior\ShowPageTraceBehavior [ RunTime:0.001234s ]
INFO: [ app_end ] --END-- [ RunTime:0.001296s ]

[ 2017-08-30T10:08:01+08:00 ] 139.162.108.53 /
INFO: [ app_init ] --START--
INFO: Run Behavior\BuildLiteBehavior [ RunTime:0.000017s ]
INFO: [ app_init ] --END-- [ RunTime:0.000127s ]
INFO: [ app_begin ] --START--
INFO: Run Behavior\ReadHtmlCacheBehavior [ RunTime:0.001083s ]
INFO: [ app_begin ] --END-- [ RunTime:0.001157s ]
SQL: SHOW COLUMNS FROM `pvinfo` [ RunTime:0.0007s ]
SQL: SELECT * FROM `pvinfo` WHERE ( id=1 )  [ RunTime:0.0005s ]
SQL: UPDATE `pvinfo` SET `pv`='1913' WHERE ( id=1 ) [ RunTime:0.0005s ]
INFO: [ view_parse ] --START--
INFO: [ template_filter ] --START--
INFO: Run Behavior\ContentReplaceBehavior [ RunTime:0.000046s ]
INFO: [ template_filter ] --END-- [ RunTime:0.000113s ]
INFO: Run Behavior\ParseTemplateBehavior [ RunTime:0.004733s ]
INFO: [ view_parse ] --END-- [ RunTime:0.004801s ]
INFO: [ view_filter ] --START--
INFO: Run Behavior\WriteHtmlCacheBehavior [ RunTime:0.001095s ]
INFO: [ view_filter ] --END-- [ RunTime:0.001153s ]
INFO: [ app_end ] --START--
INFO: Run Behavior\ShowPageTraceBehavior [ RunTime:0.001143s ]
INFO: [ app_end ] --END-- [ RunTime:0.001204s ]

[ 2017-08-30T10:40:52+08:00 ] 2.237.229.19 /
INFO: [ app_init ] --START--
INFO: Run Behavior\BuildLiteBehavior [ RunTime:0.000017s ]
INFO: [ app_init ] --END-- [ RunTime:0.000124s ]
INFO: [ app_begin ] --START--
INFO: Run Behavior\ReadHtmlCacheBehavior [ RunTime:0.001903s ]
INFO: [ app_begin ] --END-- [ RunTime:0.002011s ]
SQL: SHOW COLUMNS FROM `pvinfo` [ RunTime:0.0009s ]
SQL: SELECT * FROM `pvinfo` WHERE ( id=1 )  [ RunTime:0.0005s ]
SQL: UPDATE `pvinfo` SET `pv`='1914' WHERE ( id=1 ) [ RunTime:0.0006s ]
INFO: [ view_parse ] --START--
INFO: [ template_filter ] --START--
INFO: Run Behavior\ContentReplaceBehavior [ RunTime:0.000080s ]
INFO: [ template_filter ] --END-- [ RunTime:0.000208s ]
INFO: Run Behavior\ParseTemplateBehavior [ RunTime:0.009906s ]
INFO: [ view_parse ] --END-- [ RunTime:0.010029s ]
INFO: [ view_filter ] --START--
INFO: Run Behavior\WriteHtmlCacheBehavior [ RunTime:0.002314s ]
INFO: [ view_filter ] --END-- [ RunTime:0.002432s ]
INFO: [ app_end ] --START--
INFO: Run Behavior\ShowPageTraceBehavior [ RunTime:0.002373s ]
INFO: [ app_end ] --END-- [ RunTime:0.002493s ]

[ 2017-08-30T15:44:57+08:00 ] 140.205.225.194 /index.php
INFO: [ app_init ] --START--
INFO: Run Behavior\BuildLiteBehavior [ RunTime:0.000038s ]
INFO: [ app_init ] --END-- [ RunTime:0.000156s ]
INFO: [ app_begin ] --START--
INFO: Run Behavior\ReadHtmlCacheBehavior [ RunTime:0.001404s ]
INFO: [ app_begin ] --END-- [ RunTime:0.001474s ]
SQL: SHOW COLUMNS FROM `pvinfo` [ RunTime:0.0007s ]
SQL: SELECT * FROM `pvinfo` WHERE ( id=1 )  [ RunTime:0.0004s ]
SQL: UPDATE `pvinfo` SET `pv`='1915' WHERE ( id=1 ) [ RunTime:0.0005s ]
INFO: [ view_parse ] --START--
INFO: [ template_filter ] --START--
INFO: Run Behavior\ContentReplaceBehavior [ RunTime:0.000046s ]
INFO: [ template_filter ] --END-- [ RunTime:0.000115s ]
INFO: Run Behavior\ParseTemplateBehavior [ RunTime:0.005516s ]
INFO: [ view_parse ] --END-- [ RunTime:0.005581s ]
INFO: [ view_filter ] --START--
INFO: Run Behavior\WriteHtmlCacheBehavior [ RunTime:0.001213s ]
INFO: [ view_filter ] --END-- [ RunTime:0.001275s ]
INFO: [ app_end ] --START--
INFO: Run Behavior\ShowPageTraceBehavior [ RunTime:0.001436s ]
INFO: [ app_end ] --END-- [ RunTime:0.001499s ]

[ 2017-08-30T15:45:28+08:00 ] 140.205.225.194 /
INFO: [ app_init ] --START--
INFO: Run Behavior\BuildLiteBehavior [ RunTime:0.000018s ]
INFO: [ app_init ] --END-- [ RunTime:0.000146s ]
INFO: [ app_begin ] --START--
INFO: Run Behavior\ReadHtmlCacheBehavior [ RunTime:0.001441s ]
INFO: [ app_begin ] --END-- [ RunTime:0.001520s ]
SQL: SHOW COLUMNS FROM `pvinfo` [ RunTime:0.0007s ]
SQL: SELECT * FROM `pvinfo` WHERE ( id=1 )  [ RunTime:0.0004s ]
SQL: UPDATE `pvinfo` SET `pv`='1916' WHERE ( id=1 ) [ RunTime:0.0005s ]
INFO: [ view_parse ] --START--
INFO: [ template_filter ] --START--
INFO: Run Behavior\ContentReplaceBehavior [ RunTime:0.000060s ]
INFO: [ template_filter ] --END-- [ RunTime:0.000148s ]
INFO: Run Behavior\ParseTemplateBehavior [ RunTime:0.005497s ]
INFO: [ view_parse ] --END-- [ RunTime:0.005584s ]
INFO: [ view_filter ] --START--
INFO: Run Behavior\WriteHtmlCacheBehavior [ RunTime:0.001360s ]
INFO: [ view_filter ] --END-- [ RunTime:0.001428s ]
INFO: [ app_end ] --START--
INFO: Run Behavior\ShowPageTraceBehavior [ RunTime:0.001480s ]
INFO: [ app_end ] --END-- [ RunTime:0.001546s ]

[ 2017-08-30T15:47:27+08:00 ] 140.205.225.194 /
INFO: [ app_init ] --START--
INFO: Run Behavior\BuildLiteBehavior [ RunTime:0.000017s ]
INFO: [ app_init ] --END-- [ RunTime:0.000134s ]
INFO: [ app_begin ] --START--
INFO: Run Behavior\ReadHtmlCacheBehavior [ RunTime:0.001462s ]
INFO: [ app_begin ] --END-- [ RunTime:0.001559s ]
SQL: SHOW COLUMNS FROM `pvinfo` [ RunTime:0.0007s ]
SQL: SELECT * FROM `pvinfo` WHERE ( id=1 )  [ RunTime:0.0004s ]
SQL: UPDATE `pvinfo` SET `pv`='1917' WHERE ( id=1 ) [ RunTime:0.0005s ]
INFO: [ view_parse ] --START--
INFO: [ template_filter ] --START--
INFO: Run Behavior\ContentReplaceBehavior [ RunTime:0.000045s ]
INFO: [ template_filter ] --END-- [ RunTime:0.000110s ]
INFO: Run Behavior\ParseTemplateBehavior [ RunTime:0.004952s ]
INFO: [ view_parse ] --END-- [ RunTime:0.005018s ]
INFO: [ view_filter ] --START--
INFO: Run Behavior\WriteHtmlCacheBehavior [ RunTime:0.001181s ]
INFO: [ view_filter ] --END-- [ RunTime:0.001240s ]
INFO: [ app_end ] --START--
INFO: Run Behavior\ShowPageTraceBehavior [ RunTime:0.001225s ]
INFO: [ app_end ] --END-- [ RunTime:0.001286s ]

[ 2017-08-30T15:47:53+08:00 ] 140.205.225.194 /
INFO: [ app_init ] --START--
INFO: Run Behavior\BuildLiteBehavior [ RunTime:0.000016s ]
INFO: [ app_init ] --END-- [ RunTime:0.000125s ]
INFO: [ app_begin ] --START--
INFO: Run Behavior\ReadHtmlCacheBehavior [ RunTime:0.001236s ]
INFO: [ app_begin ] --END-- [ RunTime:0.001311s ]
SQL: SHOW COLUMNS FROM `pvinfo` [ RunTime:0.0007s ]
SQL: SELECT * FROM `pvinfo` WHERE ( id=1 )  [ RunTime:0.0004s ]
SQL: UPDATE `pvinfo` SET `pv`='1918' WHERE ( id=1 ) [ RunTime:0.0005s ]
INFO: [ view_parse ] --START--
INFO: [ template_filter ] --START--
INFO: Run Behavior\ContentReplaceBehavior [ RunTime:0.000046s ]
INFO: [ template_filter ] --END-- [ RunTime:0.000122s ]
INFO: Run Behavior\ParseTemplateBehavior [ RunTime:0.005025s ]
INFO: [ view_parse ] --END-- [ RunTime:0.005102s ]
INFO: [ view_filter ] --START--
INFO: Run Behavior\WriteHtmlCacheBehavior [ RunTime:0.001167s ]
INFO: [ view_filter ] --END-- [ RunTime:0.001226s ]
INFO: [ app_end ] --START--
INFO: Run Behavior\ShowPageTraceBehavior [ RunTime:0.001250s ]
INFO: [ app_end ] --END-- [ RunTime:0.001312s ]

[ 2017-08-30T15:47:58+08:00 ] 140.205.225.194 /
INFO: [ app_init ] --START--
INFO: Run Behavior\BuildLiteBehavior [ RunTime:0.000018s ]
INFO: [ app_init ] --END-- [ RunTime:0.000127s ]
INFO: [ app_begin ] --START--
INFO: Run Behavior\ReadHtmlCacheBehavior [ RunTime:0.001214s ]
INFO: [ app_begin ] --END-- [ RunTime:0.001287s ]
SQL: SHOW COLUMNS FROM `pvinfo` [ RunTime:0.0008s ]
SQL: SELECT * FROM `pvinfo` WHERE ( id=1 )  [ RunTime:0.0005s ]
SQL: UPDATE `pvinfo` SET `pv`='1919' WHERE ( id=1 ) [ RunTime:0.0005s ]
INFO: [ view_parse ] --START--
INFO: [ template_filter ] --START--
INFO: Run Behavior\ContentReplaceBehavior [ RunTime:0.000046s ]
INFO: [ template_filter ] --END-- [ RunTime:0.000114s ]
INFO: Run Behavior\ParseTemplateBehavior [ RunTime:0.004672s ]
INFO: [ view_parse ] --END-- [ RunTime:0.004749s ]
INFO: [ view_filter ] --START--
INFO: Run Behavior\WriteHtmlCacheBehavior [ RunTime:0.001251s ]
INFO: [ view_filter ] --END-- [ RunTime:0.001314s ]
INFO: [ app_end ] --START--
INFO: Run Behavior\ShowPageTraceBehavior [ RunTime:0.001235s ]
INFO: [ app_end ] --END-- [ RunTime:0.001299s ]

[ 2017-08-30T15:47:58+08:00 ] 140.205.225.194 /
INFO: [ app_init ] --START--
INFO: Run Behavior\BuildLiteBehavior [ RunTime:0.000017s ]
INFO: [ app_init ] --END-- [ RunTime:0.000126s ]
INFO: [ app_begin ] --START--
INFO: Run Behavior\ReadHtmlCacheBehavior [ RunTime:0.001193s ]
INFO: [ app_begin ] --END-- [ RunTime:0.001260s ]
SQL: SHOW COLUMNS FROM `pvinfo` [ RunTime:0.0006s ]
SQL: SELECT * FROM `pvinfo` WHERE ( id=1 )  [ RunTime:0.0004s ]
SQL: UPDATE `pvinfo` SET `pv`='1920' WHERE ( id=1 ) [ RunTime:0.0005s ]
INFO: [ view_parse ] --START--
INFO: [ template_filter ] --START--
INFO: Run Behavior\ContentReplaceBehavior [ RunTime:0.000124s ]
INFO: [ template_filter ] --END-- [ RunTime:0.000281s ]
INFO: Run Behavior\ParseTemplateBehavior [ RunTime:0.005925s ]
INFO: [ view_parse ] --END-- [ RunTime:0.006024s ]
INFO: [ view_filter ] --START--
INFO: Run Behavior\WriteHtmlCacheBehavior [ RunTime:0.002285s ]
INFO: [ view_filter ] --END-- [ RunTime:0.002413s ]
INFO: [ app_end ] --START--
INFO: Run Behavior\ShowPageTraceBehavior [ RunTime:0.002188s ]
INFO: [ app_end ] --END-- [ RunTime:0.002308s ]

[ 2017-08-30T15:49:20+08:00 ] 140.205.225.194 /
INFO: [ app_init ] --START--
INFO: Run Behavior\BuildLiteBehavior [ RunTime:0.000016s ]
INFO: [ app_init ] --END-- [ RunTime:0.000126s ]
INFO: [ app_begin ] --START--
INFO: Run Behavior\ReadHtmlCacheBehavior [ RunTime:0.001145s ]
INFO: [ app_begin ] --END-- [ RunTime:0.001213s ]
SQL: SHOW COLUMNS FROM `pvinfo` [ RunTime:0.0007s ]
SQL: SELECT * FROM `pvinfo` WHERE ( id=1 )  [ RunTime:0.0004s ]
SQL: UPDATE `pvinfo` SET `pv`='1921' WHERE ( id=1 ) [ RunTime:0.0005s ]
INFO: [ view_parse ] --START--
INFO: [ template_filter ] --START--
INFO: Run Behavior\ContentReplaceBehavior [ RunTime:0.000063s ]
INFO: [ template_filter ] --END-- [ RunTime:0.000136s ]
INFO: Run Behavior\ParseTemplateBehavior [ RunTime:0.005240s ]
INFO: [ view_parse ] --END-- [ RunTime:0.005345s ]
INFO: [ view_filter ] --START--
INFO: Run Behavior\WriteHtmlCacheBehavior [ RunTime:0.001262s ]
INFO: [ view_filter ] --END-- [ RunTime:0.001321s ]
INFO: [ app_end ] --START--
INFO: Run Behavior\ShowPageTraceBehavior [ RunTime:0.001317s ]
INFO: [ app_end ] --END-- [ RunTime:0.001379s ]

[ 2017-08-30T15:57:34+08:00 ] 140.205.225.194 /
INFO: [ app_init ] --START--
INFO: Run Behavior\BuildLiteBehavior [ RunTime:0.000018s ]
INFO: [ app_init ] --END-- [ RunTime:0.000136s ]
INFO: [ app_begin ] --START--
INFO: Run Behavior\ReadHtmlCacheBehavior [ RunTime:0.001128s ]
INFO: [ app_begin ] --END-- [ RunTime:0.001195s ]
SQL: SHOW COLUMNS FROM `pvinfo` [ RunTime:0.0007s ]
SQL: SELECT * FROM `pvinfo` WHERE ( id=1 )  [ RunTime:0.0005s ]
SQL: UPDATE `pvinfo` SET `pv`='1922' WHERE ( id=1 ) [ RunTime:0.0005s ]
INFO: [ view_parse ] --START--
INFO: [ template_filter ] --START--
INFO: Run Behavior\ContentReplaceBehavior [ RunTime:0.000043s ]
INFO: [ template_filter ] --END-- [ RunTime:0.000110s ]
INFO: Run Behavior\ParseTemplateBehavior [ RunTime:0.005571s ]
INFO: [ view_parse ] --END-- [ RunTime:0.005637s ]
INFO: [ view_filter ] --START--
INFO: Run Behavior\WriteHtmlCacheBehavior [ RunTime:0.001187s ]
INFO: [ view_filter ] --END-- [ RunTime:0.001246s ]
INFO: [ app_end ] --START--
INFO: Run Behavior\ShowPageTraceBehavior [ RunTime:0.001223s ]
INFO: [ app_end ] --END-- [ RunTime:0.001319s ]

[ 2017-08-30T16:00:03+08:00 ] 140.205.225.194 /
INFO: [ app_init ] --START--
INFO: Run Behavior\BuildLiteBehavior [ RunTime:0.000018s ]
INFO: [ app_init ] --END-- [ RunTime:0.000129s ]
INFO: [ app_begin ] --START--
INFO: Run Behavior\ReadHtmlCacheBehavior [ RunTime:0.001253s ]
INFO: [ app_begin ] --END-- [ RunTime:0.001336s ]
SQL: SHOW COLUMNS FROM `pvinfo` [ RunTime:0.0007s ]
SQL: SELECT * FROM `pvinfo` WHERE ( id=1 )  [ RunTime:0.0005s ]
SQL: UPDATE `pvinfo` SET `pv`='1923' WHERE ( id=1 ) [ RunTime:0.0006s ]
INFO: [ view_parse ] --START--
INFO: [ template_filter ] --START--
INFO: Run Behavior\ContentReplaceBehavior [ RunTime:0.000046s ]
INFO: [ template_filter ] --END-- [ RunTime:0.000116s ]
INFO: Run Behavior\ParseTemplateBehavior [ RunTime:0.005134s ]
INFO: [ view_parse ] --END-- [ RunTime:0.005200s ]
INFO: [ view_filter ] --START--
INFO: Run Behavior\WriteHtmlCacheBehavior [ RunTime:0.001216s ]
INFO: [ view_filter ] --END-- [ RunTime:0.001277s ]
INFO: [ app_end ] --START--
INFO: Run Behavior\ShowPageTraceBehavior [ RunTime:0.001344s ]
INFO: [ app_end ] --END-- [ RunTime:0.001415s ]

[ 2017-08-30T16:10:20+08:00 ] 140.205.225.194 /
INFO: [ app_init ] --START--
INFO: Run Behavior\BuildLiteBehavior [ RunTime:0.000020s ]
INFO: [ app_init ] --END-- [ RunTime:0.000163s ]
INFO: [ app_begin ] --START--
INFO: Run Behavior\ReadHtmlCacheBehavior [ RunTime:0.001400s ]
INFO: [ app_begin ] --END-- [ RunTime:0.001469s ]
SQL: SHOW COLUMNS FROM `pvinfo` [ RunTime:0.0007s ]
SQL: SELECT * FROM `pvinfo` WHERE ( id=1 )  [ RunTime:0.0004s ]
SQL: UPDATE `pvinfo` SET `pv`='1924' WHERE ( id=1 ) [ RunTime:0.0005s ]
INFO: [ view_parse ] --START--
INFO: [ template_filter ] --START--
INFO: Run Behavior\ContentReplaceBehavior [ RunTime:0.000046s ]
INFO: [ template_filter ] --END-- [ RunTime:0.000112s ]
INFO: Run Behavior\ParseTemplateBehavior [ RunTime:0.005203s ]
INFO: [ view_parse ] --END-- [ RunTime:0.005268s ]
INFO: [ view_filter ] --START--
INFO: Run Behavior\WriteHtmlCacheBehavior [ RunTime:0.001218s ]
INFO: [ view_filter ] --END-- [ RunTime:0.001278s ]
INFO: [ app_end ] --START--
INFO: Run Behavior\ShowPageTraceBehavior [ RunTime:0.001472s ]
INFO: [ app_end ] --END-- [ RunTime:0.001534s ]

[ 2017-08-30T16:16:49+08:00 ] 140.205.225.194 /
INFO: [ app_init ] --START--
INFO: Run Behavior\BuildLiteBehavior [ RunTime:0.000016s ]
INFO: [ app_init ] --END-- [ RunTime:0.000124s ]
INFO: [ app_begin ] --START--
INFO: Run Behavior\ReadHtmlCacheBehavior [ RunTime:0.001193s ]
INFO: [ app_begin ] --END-- [ RunTime:0.001259s ]
SQL: SHOW COLUMNS FROM `pvinfo` [ RunTime:0.0007s ]
SQL: SELECT * FROM `pvinfo` WHERE ( id=1 )  [ RunTime:0.0004s ]
SQL: UPDATE `pvinfo` SET `pv`='1925' WHERE ( id=1 ) [ RunTime:0.0005s ]
INFO: [ view_parse ] --START--
INFO: [ template_filter ] --START--
INFO: Run Behavior\ContentReplaceBehavior [ RunTime:0.000041s ]
INFO: [ template_filter ] --END-- [ RunTime:0.000105s ]
INFO: Run Behavior\ParseTemplateBehavior [ RunTime:0.004869s ]
INFO: [ view_parse ] --END-- [ RunTime:0.004932s ]
INFO: [ view_filter ] --START--
INFO: Run Behavior\WriteHtmlCacheBehavior [ RunTime:0.001162s ]
INFO: [ view_filter ] --END-- [ RunTime:0.001221s ]
INFO: [ app_end ] --START--
INFO: Run Behavior\ShowPageTraceBehavior [ RunTime:0.001190s ]
INFO: [ app_end ] --END-- [ RunTime:0.001249s ]

[ 2017-08-30T16:17:49+08:00 ] 140.205.225.194 /
INFO: [ app_init ] --START--
INFO: Run Behavior\BuildLiteBehavior [ RunTime:0.000017s ]
INFO: [ app_init ] --END-- [ RunTime:0.000144s ]
INFO: [ app_begin ] --START--
INFO: Run Behavior\ReadHtmlCacheBehavior [ RunTime:0.001244s ]
INFO: [ app_begin ] --END-- [ RunTime:0.001356s ]
SQL: SHOW COLUMNS FROM `pvinfo` [ RunTime:0.0007s ]
SQL: SELECT * FROM `pvinfo` WHERE ( id=1 )  [ RunTime:0.0004s ]
SQL: UPDATE `pvinfo` SET `pv`='1926' WHERE ( id=1 ) [ RunTime:0.0005s ]
INFO: [ view_parse ] --START--
INFO: [ template_filter ] --START--
INFO: Run Behavior\ContentReplaceBehavior [ RunTime:0.000046s ]
INFO: [ template_filter ] --END-- [ RunTime:0.000113s ]
INFO: Run Behavior\ParseTemplateBehavior [ RunTime:0.005236s ]
INFO: [ view_parse ] --END-- [ RunTime:0.005299s ]
INFO: [ view_filter ] --START--
INFO: Run Behavior\WriteHtmlCacheBehavior [ RunTime:0.001227s ]
INFO: [ view_filter ] --END-- [ RunTime:0.001287s ]
INFO: [ app_end ] --START--
INFO: Run Behavior\ShowPageTraceBehavior [ RunTime:0.001251s ]
INFO: [ app_end ] --END-- [ RunTime:0.001319s ]

[ 2017-08-30T16:49:28+08:00 ] 209.126.136.4 /
INFO: [ app_init ] --START--
INFO: Run Behavior\BuildLiteBehavior [ RunTime:0.000018s ]
INFO: [ app_init ] --END-- [ RunTime:0.000129s ]
INFO: [ app_begin ] --START--
INFO: Run Behavior\ReadHtmlCacheBehavior [ RunTime:0.001287s ]
INFO: [ app_begin ] --END-- [ RunTime:0.001365s ]
SQL: SHOW COLUMNS FROM `pvinfo` [ RunTime:0.0007s ]
SQL: SELECT * FROM `pvinfo` WHERE ( id=1 )  [ RunTime:0.0004s ]
SQL: UPDATE `pvinfo` SET `pv`='1927' WHERE ( id=1 ) [ RunTime:0.0005s ]
INFO: [ view_parse ] --START--
INFO: [ template_filter ] --START--
INFO: Run Behavior\ContentReplaceBehavior [ RunTime:0.000042s ]
INFO: [ template_filter ] --END-- [ RunTime:0.000113s ]
INFO: Run Behavior\ParseTemplateBehavior [ RunTime:0.005028s ]
INFO: [ view_parse ] --END-- [ RunTime:0.005092s ]
INFO: [ view_filter ] --START--
INFO: Run Behavior\WriteHtmlCacheBehavior [ RunTime:0.001249s ]
INFO: [ view_filter ] --END-- [ RunTime:0.001323s ]
INFO: [ app_end ] --START--
INFO: Run Behavior\ShowPageTraceBehavior [ RunTime:0.001288s ]
INFO: [ app_end ] --END-- [ RunTime:0.001350s ]

[ 2017-08-30T20:26:52+08:00 ] 179.153.240.110 /
INFO: [ app_init ] --START--
INFO: Run Behavior\BuildLiteBehavior [ RunTime:0.000018s ]
INFO: [ app_init ] --END-- [ RunTime:0.000144s ]
INFO: [ app_begin ] --START--
INFO: Run Behavior\ReadHtmlCacheBehavior [ RunTime:0.001334s ]
INFO: [ app_begin ] --END-- [ RunTime:0.001401s ]
SQL: SHOW COLUMNS FROM `pvinfo` [ RunTime:0.0007s ]
SQL: SELECT * FROM `pvinfo` WHERE ( id=1 )  [ RunTime:0.0005s ]
SQL: UPDATE `pvinfo` SET `pv`='1928' WHERE ( id=1 ) [ RunTime:0.0005s ]
INFO: [ view_parse ] --START--
INFO: [ template_filter ] --START--
INFO: Run Behavior\ContentReplaceBehavior [ RunTime:0.000041s ]
INFO: [ template_filter ] --END-- [ RunTime:0.000106s ]
INFO: Run Behavior\ParseTemplateBehavior [ RunTime:0.005313s ]
INFO: [ view_parse ] --END-- [ RunTime:0.005378s ]
INFO: [ view_filter ] --START--
INFO: Run Behavior\WriteHtmlCacheBehavior [ RunTime:0.001351s ]
INFO: [ view_filter ] --END-- [ RunTime:0.001409s ]
INFO: [ app_end ] --START--
INFO: Run Behavior\ShowPageTraceBehavior [ RunTime:0.001340s ]
INFO: [ app_end ] --END-- [ RunTime:0.001402s ]

[ 2017-08-30T22:09:50+08:00 ] 210.14.78.91 /
INFO: [ app_init ] --START--
INFO: Run Behavior\BuildLiteBehavior [ RunTime:0.000018s ]
INFO: [ app_init ] --END-- [ RunTime:0.000133s ]
INFO: [ app_begin ] --START--
INFO: Run Behavior\ReadHtmlCacheBehavior [ RunTime:0.001241s ]
INFO: [ app_begin ] --END-- [ RunTime:0.001317s ]
SQL: SHOW COLUMNS FROM `pvinfo` [ RunTime:0.0007s ]
SQL: SELECT * FROM `pvinfo` WHERE ( id=1 )  [ RunTime:0.0005s ]
SQL: UPDATE `pvinfo` SET `pv`='1929' WHERE ( id=1 ) [ RunTime:0.0006s ]
INFO: [ view_parse ] --START--
INFO: [ template_filter ] --START--
INFO: Run Behavior\ContentReplaceBehavior [ RunTime:0.000044s ]
INFO: [ template_filter ] --END-- [ RunTime:0.000109s ]
INFO: Run Behavior\ParseTemplateBehavior [ RunTime:0.004816s ]
INFO: [ view_parse ] --END-- [ RunTime:0.004892s ]
INFO: [ view_filter ] --START--
INFO: Run Behavior\WriteHtmlCacheBehavior [ RunTime:0.001139s ]
INFO: [ view_filter ] --END-- [ RunTime:0.001198s ]
INFO: [ app_end ] --START--
INFO: Run Behavior\ShowPageTraceBehavior [ RunTime:0.001183s ]
INFO: [ app_end ] --END-- [ RunTime:0.001245s ]

