[ 2017-09-09T00:03:04+08:00 ] 118.190.79.161 /
INFO: [ app_init ] --START--
INFO: Run Behavior\BuildLiteBehavior [ RunTime:0.000017s ]
INFO: [ app_init ] --END-- [ RunTime:0.000126s ]
INFO: [ app_begin ] --START--
INFO: Run Behavior\ReadHtmlCacheBehavior [ RunTime:0.001207s ]
INFO: [ app_begin ] --END-- [ RunTime:0.001276s ]
SQL: SHOW COLUMNS FROM `pvinfo` [ RunTime:0.0007s ]
SQL: SELECT * FROM `pvinfo` WHERE ( id=1 )  [ RunTime:0.0005s ]
SQL: UPDATE `pvinfo` SET `pv`='2400' WHERE ( id=1 ) [ RunTime:0.0005s ]
INFO: [ view_parse ] --START--
INFO: [ template_filter ] --START--
INFO: Run Behavior\ContentReplaceBehavior [ RunTime:0.000056s ]
INFO: [ template_filter ] --END-- [ RunTime:0.000126s ]
INFO: Run Behavior\ParseTemplateBehavior [ RunTime:0.004942s ]
INFO: [ view_parse ] --END-- [ RunTime:0.005010s ]
INFO: [ view_filter ] --START--
INFO: Run Behavior\WriteHtmlCacheBehavior [ RunTime:0.001167s ]
INFO: [ view_filter ] --END-- [ RunTime:0.001226s ]
INFO: [ app_end ] --START--
INFO: Run Behavior\ShowPageTraceBehavior [ RunTime:0.001194s ]
INFO: [ app_end ] --END-- [ RunTime:0.001255s ]

[ 2017-09-09T00:30:31+08:00 ] 106.91.210.237 http://www.boxun.com/
INFO: [ app_init ] --START--
INFO: Run Behavior\BuildLiteBehavior [ RunTime:0.000016s ]
INFO: [ app_init ] --END-- [ RunTime:0.000121s ]
INFO: [ app_begin ] --START--
INFO: Run Behavior\ReadHtmlCacheBehavior [ RunTime:0.001174s ]
INFO: [ app_begin ] --END-- [ RunTime:0.001241s ]
SQL: SHOW COLUMNS FROM `pvinfo` [ RunTime:0.0007s ]
SQL: SELECT * FROM `pvinfo` WHERE ( id=1 )  [ RunTime:0.0004s ]
SQL: UPDATE `pvinfo` SET `pv`='2401' WHERE ( id=1 ) [ RunTime:0.0005s ]
INFO: [ view_parse ] --START--
INFO: [ template_filter ] --START--
INFO: Run Behavior\ContentReplaceBehavior [ RunTime:0.000041s ]
INFO: [ template_filter ] --END-- [ RunTime:0.000104s ]
INFO: Run Behavior\ParseTemplateBehavior [ RunTime:0.004770s ]
INFO: [ view_parse ] --END-- [ RunTime:0.004833s ]
INFO: [ view_filter ] --START--
INFO: Run Behavior\WriteHtmlCacheBehavior [ RunTime:0.001143s ]
INFO: [ view_filter ] --END-- [ RunTime:0.001202s ]
INFO: [ app_end ] --START--
INFO: Run Behavior\ShowPageTraceBehavior [ RunTime:0.001191s ]
INFO: [ app_end ] --END-- [ RunTime:0.001262s ]

[ 2017-09-09T00:33:01+08:00 ] 117.43.152.52 http://www.epochtimes.com/
INFO: [ app_init ] --START--
INFO: Run Behavior\BuildLiteBehavior [ RunTime:0.000019s ]
INFO: [ app_init ] --END-- [ RunTime:0.000154s ]
INFO: [ app_begin ] --START--
INFO: Run Behavior\ReadHtmlCacheBehavior [ RunTime:0.001355s ]
INFO: [ app_begin ] --END-- [ RunTime:0.001431s ]
SQL: SHOW COLUMNS FROM `pvinfo` [ RunTime:0.0007s ]
SQL: SELECT * FROM `pvinfo` WHERE ( id=1 )  [ RunTime:0.0004s ]
SQL: UPDATE `pvinfo` SET `pv`='2402' WHERE ( id=1 ) [ RunTime:0.0005s ]
INFO: [ view_parse ] --START--
INFO: [ template_filter ] --START--
INFO: Run Behavior\ContentReplaceBehavior [ RunTime:0.000040s ]
INFO: [ template_filter ] --END-- [ RunTime:0.000104s ]
INFO: Run Behavior\ParseTemplateBehavior [ RunTime:0.004806s ]
INFO: [ view_parse ] --END-- [ RunTime:0.004868s ]
INFO: [ view_filter ] --START--
INFO: Run Behavior\WriteHtmlCacheBehavior [ RunTime:0.001169s ]
INFO: [ view_filter ] --END-- [ RunTime:0.001243s ]
INFO: [ app_end ] --START--
INFO: Run Behavior\ShowPageTraceBehavior [ RunTime:0.001212s ]
INFO: [ app_end ] --END-- [ RunTime:0.001272s ]

[ 2017-09-09T01:42:47+08:00 ] 202.108.211.56 /
INFO: [ app_init ] --START--
INFO: Run Behavior\BuildLiteBehavior [ RunTime:0.000019s ]
INFO: [ app_init ] --END-- [ RunTime:0.000153s ]
INFO: [ app_begin ] --START--
INFO: Run Behavior\ReadHtmlCacheBehavior [ RunTime:0.001382s ]
INFO: [ app_begin ] --END-- [ RunTime:0.001458s ]
SQL: SHOW COLUMNS FROM `pvinfo` [ RunTime:0.0007s ]
SQL: SELECT * FROM `pvinfo` WHERE ( id=1 )  [ RunTime:0.0005s ]
SQL: UPDATE `pvinfo` SET `pv`='2403' WHERE ( id=1 ) [ RunTime:0.0005s ]
INFO: [ view_parse ] --START--
INFO: [ template_filter ] --START--
INFO: Run Behavior\ContentReplaceBehavior [ RunTime:0.000041s ]
INFO: [ template_filter ] --END-- [ RunTime:0.000104s ]
INFO: Run Behavior\ParseTemplateBehavior [ RunTime:0.004899s ]
INFO: [ view_parse ] --END-- [ RunTime:0.004962s ]
INFO: [ view_filter ] --START--
INFO: Run Behavior\WriteHtmlCacheBehavior [ RunTime:0.001176s ]
INFO: [ view_filter ] --END-- [ RunTime:0.001236s ]
INFO: [ app_end ] --START--
INFO: Run Behavior\ShowPageTraceBehavior [ RunTime:0.001232s ]
INFO: [ app_end ] --END-- [ RunTime:0.001294s ]

[ 2017-09-09T03:26:49+08:00 ] 119.23.150.148 /
INFO: [ app_init ] --START--
INFO: Run Behavior\BuildLiteBehavior [ RunTime:0.000017s ]
INFO: [ app_init ] --END-- [ RunTime:0.000132s ]
INFO: [ app_begin ] --START--
INFO: Run Behavior\ReadHtmlCacheBehavior [ RunTime:0.001011s ]
INFO: [ app_begin ] --END-- [ RunTime:0.001078s ]
SQL: SHOW COLUMNS FROM `pvinfo` [ RunTime:0.0007s ]
SQL: SELECT * FROM `pvinfo` WHERE ( id=1 )  [ RunTime:0.0004s ]
SQL: UPDATE `pvinfo` SET `pv`='2404' WHERE ( id=1 ) [ RunTime:0.0005s ]
INFO: [ view_parse ] --START--
INFO: [ template_filter ] --START--
INFO: Run Behavior\ContentReplaceBehavior [ RunTime:0.000041s ]
INFO: [ template_filter ] --END-- [ RunTime:0.000105s ]
INFO: Run Behavior\ParseTemplateBehavior [ RunTime:0.005090s ]
INFO: [ view_parse ] --END-- [ RunTime:0.005154s ]
INFO: [ view_filter ] --START--
INFO: Run Behavior\WriteHtmlCacheBehavior [ RunTime:0.001052s ]
INFO: [ view_filter ] --END-- [ RunTime:0.001111s ]
INFO: [ app_end ] --START--
INFO: Run Behavior\ShowPageTraceBehavior [ RunTime:0.001185s ]
INFO: [ app_end ] --END-- [ RunTime:0.001244s ]

[ 2017-09-09T03:44:43+08:00 ] 60.191.38.77 /
INFO: [ app_init ] --START--
INFO: Run Behavior\BuildLiteBehavior [ RunTime:0.000026s ]
INFO: [ app_init ] --END-- [ RunTime:0.000140s ]
INFO: [ app_begin ] --START--
INFO: Run Behavior\ReadHtmlCacheBehavior [ RunTime:0.001245s ]
INFO: [ app_begin ] --END-- [ RunTime:0.001312s ]
SQL: SHOW COLUMNS FROM `pvinfo` [ RunTime:0.0007s ]
SQL: SELECT * FROM `pvinfo` WHERE ( id=1 )  [ RunTime:0.0004s ]
SQL: UPDATE `pvinfo` SET `pv`='2405' WHERE ( id=1 ) [ RunTime:0.0005s ]
INFO: [ view_parse ] --START--
INFO: [ template_filter ] --START--
INFO: Run Behavior\ContentReplaceBehavior [ RunTime:0.000043s ]
INFO: [ template_filter ] --END-- [ RunTime:0.000108s ]
INFO: Run Behavior\ParseTemplateBehavior [ RunTime:0.004957s ]
INFO: [ view_parse ] --END-- [ RunTime:0.005022s ]
INFO: [ view_filter ] --START--
INFO: Run Behavior\WriteHtmlCacheBehavior [ RunTime:0.001226s ]
INFO: [ view_filter ] --END-- [ RunTime:0.001294s ]
INFO: [ app_end ] --START--
INFO: Run Behavior\ShowPageTraceBehavior [ RunTime:0.001227s ]
INFO: [ app_end ] --END-- [ RunTime:0.001288s ]

[ 2017-09-09T04:43:57+08:00 ] 111.85.179.142 http://www.boxun.com/
INFO: [ app_init ] --START--
INFO: Run Behavior\BuildLiteBehavior [ RunTime:0.000020s ]
INFO: [ app_init ] --END-- [ RunTime:0.000141s ]
INFO: [ app_begin ] --START--
INFO: Run Behavior\ReadHtmlCacheBehavior [ RunTime:0.001416s ]
INFO: [ app_begin ] --END-- [ RunTime:0.001494s ]
SQL: SHOW COLUMNS FROM `pvinfo` [ RunTime:0.0007s ]
SQL: SELECT * FROM `pvinfo` WHERE ( id=1 )  [ RunTime:0.0004s ]
SQL: UPDATE `pvinfo` SET `pv`='2406' WHERE ( id=1 ) [ RunTime:0.0005s ]
INFO: [ view_parse ] --START--
INFO: [ template_filter ] --START--
INFO: Run Behavior\ContentReplaceBehavior [ RunTime:0.000045s ]
INFO: [ template_filter ] --END-- [ RunTime:0.000116s ]
INFO: Run Behavior\ParseTemplateBehavior [ RunTime:0.004835s ]
INFO: [ view_parse ] --END-- [ RunTime:0.004903s ]
INFO: [ view_filter ] --START--
INFO: Run Behavior\WriteHtmlCacheBehavior [ RunTime:0.001206s ]
INFO: [ view_filter ] --END-- [ RunTime:0.001265s ]
INFO: [ app_end ] --START--
INFO: Run Behavior\ShowPageTraceBehavior [ RunTime:0.001288s ]
INFO: [ app_end ] --END-- [ RunTime:0.001356s ]

[ 2017-09-09T04:46:18+08:00 ] 27.211.58.95 http://www.epochtimes.com/
INFO: [ app_init ] --START--
INFO: Run Behavior\BuildLiteBehavior [ RunTime:0.000016s ]
INFO: [ app_init ] --END-- [ RunTime:0.000125s ]
INFO: [ app_begin ] --START--
INFO: Run Behavior\ReadHtmlCacheBehavior [ RunTime:0.001183s ]
INFO: [ app_begin ] --END-- [ RunTime:0.001250s ]
SQL: SHOW COLUMNS FROM `pvinfo` [ RunTime:0.0006s ]
SQL: SELECT * FROM `pvinfo` WHERE ( id=1 )  [ RunTime:0.0004s ]
SQL: UPDATE `pvinfo` SET `pv`='2407' WHERE ( id=1 ) [ RunTime:0.0005s ]
INFO: [ view_parse ] --START--
INFO: [ template_filter ] --START--
INFO: Run Behavior\ContentReplaceBehavior [ RunTime:0.000042s ]
INFO: [ template_filter ] --END-- [ RunTime:0.000106s ]
INFO: Run Behavior\ParseTemplateBehavior [ RunTime:0.004834s ]
INFO: [ view_parse ] --END-- [ RunTime:0.004898s ]
INFO: [ view_filter ] --START--
INFO: Run Behavior\WriteHtmlCacheBehavior [ RunTime:0.001144s ]
INFO: [ view_filter ] --END-- [ RunTime:0.001202s ]
INFO: [ app_end ] --START--
INFO: Run Behavior\ShowPageTraceBehavior [ RunTime:0.001185s ]
INFO: [ app_end ] --END-- [ RunTime:0.001245s ]

[ 2017-09-09T05:39:20+08:00 ] 106.11.225.125 /
INFO: [ app_init ] --START--
INFO: Run Behavior\BuildLiteBehavior [ RunTime:0.000018s ]
INFO: [ app_init ] --END-- [ RunTime:0.000139s ]
INFO: [ app_begin ] --START--
INFO: Run Behavior\ReadHtmlCacheBehavior [ RunTime:0.001137s ]
INFO: [ app_begin ] --END-- [ RunTime:0.001203s ]
SQL: SHOW COLUMNS FROM `pvinfo` [ RunTime:0.0007s ]
SQL: SELECT * FROM `pvinfo` WHERE ( id=1 )  [ RunTime:0.0004s ]
SQL: UPDATE `pvinfo` SET `pv`='2408' WHERE ( id=1 ) [ RunTime:0.0005s ]
INFO: [ view_parse ] --START--
INFO: [ template_filter ] --START--
INFO: Run Behavior\ContentReplaceBehavior [ RunTime:0.000041s ]
INFO: [ template_filter ] --END-- [ RunTime:0.000109s ]
INFO: Run Behavior\ParseTemplateBehavior [ RunTime:0.004693s ]
INFO: [ view_parse ] --END-- [ RunTime:0.004757s ]
INFO: [ view_filter ] --START--
INFO: Run Behavior\WriteHtmlCacheBehavior [ RunTime:0.001101s ]
INFO: [ view_filter ] --END-- [ RunTime:0.001158s ]
INFO: [ app_end ] --START--
INFO: Run Behavior\ShowPageTraceBehavior [ RunTime:0.001149s ]
INFO: [ app_end ] --END-- [ RunTime:0.001210s ]

[ 2017-09-09T07:12:29+08:00 ] 45.55.22.59 /
INFO: [ app_init ] --START--
INFO: Run Behavior\BuildLiteBehavior [ RunTime:0.000018s ]
INFO: [ app_init ] --END-- [ RunTime:0.000125s ]
INFO: [ app_begin ] --START--
INFO: Run Behavior\ReadHtmlCacheBehavior [ RunTime:0.001264s ]
INFO: [ app_begin ] --END-- [ RunTime:0.001344s ]
SQL: SHOW COLUMNS FROM `pvinfo` [ RunTime:0.0006s ]
SQL: SELECT * FROM `pvinfo` WHERE ( id=1 )  [ RunTime:0.0004s ]
SQL: UPDATE `pvinfo` SET `pv`='2409' WHERE ( id=1 ) [ RunTime:0.0005s ]
INFO: [ view_parse ] --START--
INFO: [ template_filter ] --START--
INFO: Run Behavior\ContentReplaceBehavior [ RunTime:0.000041s ]
INFO: [ template_filter ] --END-- [ RunTime:0.000106s ]
INFO: Run Behavior\ParseTemplateBehavior [ RunTime:0.004910s ]
INFO: [ view_parse ] --END-- [ RunTime:0.004974s ]
INFO: [ view_filter ] --START--
INFO: Run Behavior\WriteHtmlCacheBehavior [ RunTime:0.001173s ]
INFO: [ view_filter ] --END-- [ RunTime:0.001231s ]
INFO: [ app_end ] --START--
INFO: Run Behavior\ShowPageTraceBehavior [ RunTime:0.001264s ]
INFO: [ app_end ] --END-- [ RunTime:0.001326s ]

[ 2017-09-09T09:58:23+08:00 ] 106.11.225.165 /
INFO: [ app_init ] --START--
INFO: Run Behavior\BuildLiteBehavior [ RunTime:0.000016s ]
INFO: [ app_init ] --END-- [ RunTime:0.000122s ]
INFO: [ app_begin ] --START--
INFO: Run Behavior\ReadHtmlCacheBehavior [ RunTime:0.001174s ]
INFO: [ app_begin ] --END-- [ RunTime:0.001240s ]
SQL: SHOW COLUMNS FROM `pvinfo` [ RunTime:0.0007s ]
SQL: SELECT * FROM `pvinfo` WHERE ( id=1 )  [ RunTime:0.0004s ]
SQL: UPDATE `pvinfo` SET `pv`='2410' WHERE ( id=1 ) [ RunTime:0.0005s ]
INFO: [ view_parse ] --START--
INFO: [ template_filter ] --START--
INFO: Run Behavior\ContentReplaceBehavior [ RunTime:0.000040s ]
INFO: [ template_filter ] --END-- [ RunTime:0.000104s ]
INFO: Run Behavior\ParseTemplateBehavior [ RunTime:0.004755s ]
INFO: [ view_parse ] --END-- [ RunTime:0.004820s ]
INFO: [ view_filter ] --START--
INFO: Run Behavior\WriteHtmlCacheBehavior [ RunTime:0.001147s ]
INFO: [ view_filter ] --END-- [ RunTime:0.001205s ]
INFO: [ app_end ] --START--
INFO: Run Behavior\ShowPageTraceBehavior [ RunTime:0.001194s ]
INFO: [ app_end ] --END-- [ RunTime:0.001254s ]

[ 2017-09-09T10:56:54+08:00 ] 60.191.38.77 /
INFO: [ app_init ] --START--
INFO: Run Behavior\BuildLiteBehavior [ RunTime:0.000017s ]
INFO: [ app_init ] --END-- [ RunTime:0.000126s ]
INFO: [ app_begin ] --START--
INFO: Run Behavior\ReadHtmlCacheBehavior [ RunTime:0.001211s ]
INFO: [ app_begin ] --END-- [ RunTime:0.001284s ]
SQL: SHOW COLUMNS FROM `pvinfo` [ RunTime:0.0007s ]
SQL: SELECT * FROM `pvinfo` WHERE ( id=1 )  [ RunTime:0.0004s ]
SQL: UPDATE `pvinfo` SET `pv`='2411' WHERE ( id=1 ) [ RunTime:0.0005s ]
INFO: [ view_parse ] --START--
INFO: [ template_filter ] --START--
INFO: Run Behavior\ContentReplaceBehavior [ RunTime:0.000044s ]
INFO: [ template_filter ] --END-- [ RunTime:0.000116s ]
INFO: Run Behavior\ParseTemplateBehavior [ RunTime:0.004926s ]
INFO: [ view_parse ] --END-- [ RunTime:0.004990s ]
INFO: [ view_filter ] --START--
INFO: Run Behavior\WriteHtmlCacheBehavior [ RunTime:0.001171s ]
INFO: [ view_filter ] --END-- [ RunTime:0.001230s ]
INFO: [ app_end ] --START--
INFO: Run Behavior\ShowPageTraceBehavior [ RunTime:0.001189s ]
INFO: [ app_end ] --END-- [ RunTime:0.001247s ]

[ 2017-09-09T15:31:52+08:00 ] 140.205.201.39 /
INFO: [ app_init ] --START--
INFO: Run Behavior\BuildLiteBehavior [ RunTime:0.000016s ]
INFO: [ app_init ] --END-- [ RunTime:0.000123s ]
INFO: [ app_begin ] --START--
INFO: Run Behavior\ReadHtmlCacheBehavior [ RunTime:0.001043s ]
INFO: [ app_begin ] --END-- [ RunTime:0.001112s ]
SQL: SHOW COLUMNS FROM `pvinfo` [ RunTime:0.0009s ]
SQL: SELECT * FROM `pvinfo` WHERE ( id=1 )  [ RunTime:0.0005s ]
SQL: UPDATE `pvinfo` SET `pv`='2412' WHERE ( id=1 ) [ RunTime:0.0006s ]
INFO: [ view_parse ] --START--
INFO: [ template_filter ] --START--
INFO: Run Behavior\ContentReplaceBehavior [ RunTime:0.000098s ]
INFO: [ template_filter ] --END-- [ RunTime:0.000274s ]
INFO: Run Behavior\ParseTemplateBehavior [ RunTime:0.009330s ]
INFO: [ view_parse ] --END-- [ RunTime:0.009452s ]
INFO: [ view_filter ] --START--
INFO: Run Behavior\WriteHtmlCacheBehavior [ RunTime:0.002364s ]
INFO: [ view_filter ] --END-- [ RunTime:0.002507s ]
INFO: [ app_end ] --START--
INFO: Run Behavior\ShowPageTraceBehavior [ RunTime:0.002036s ]
INFO: [ app_end ] --END-- [ RunTime:0.002128s ]

[ 2017-09-09T15:35:50+08:00 ] 140.205.201.39 /
INFO: [ app_init ] --START--
INFO: Run Behavior\BuildLiteBehavior [ RunTime:0.000017s ]
INFO: [ app_init ] --END-- [ RunTime:0.000123s ]
INFO: [ app_begin ] --START--
INFO: Run Behavior\ReadHtmlCacheBehavior [ RunTime:0.001194s ]
INFO: [ app_begin ] --END-- [ RunTime:0.001261s ]
SQL: SHOW COLUMNS FROM `pvinfo` [ RunTime:0.0007s ]
SQL: SELECT * FROM `pvinfo` WHERE ( id=1 )  [ RunTime:0.0004s ]
SQL: UPDATE `pvinfo` SET `pv`='2413' WHERE ( id=1 ) [ RunTime:0.0005s ]
INFO: [ view_parse ] --START--
INFO: [ template_filter ] --START--
INFO: Run Behavior\ContentReplaceBehavior [ RunTime:0.000041s ]
INFO: [ template_filter ] --END-- [ RunTime:0.000103s ]
INFO: Run Behavior\ParseTemplateBehavior [ RunTime:0.004799s ]
INFO: [ view_parse ] --END-- [ RunTime:0.004862s ]
INFO: [ view_filter ] --START--
INFO: Run Behavior\WriteHtmlCacheBehavior [ RunTime:0.001188s ]
INFO: [ view_filter ] --END-- [ RunTime:0.001246s ]
INFO: [ app_end ] --START--
INFO: Run Behavior\ShowPageTraceBehavior [ RunTime:0.001203s ]
INFO: [ app_end ] --END-- [ RunTime:0.001263s ]

[ 2017-09-09T15:39:15+08:00 ] 140.205.201.34 /
INFO: [ app_init ] --START--
INFO: Run Behavior\BuildLiteBehavior [ RunTime:0.000017s ]
INFO: [ app_init ] --END-- [ RunTime:0.000127s ]
INFO: [ app_begin ] --START--
INFO: Run Behavior\ReadHtmlCacheBehavior [ RunTime:0.001169s ]
INFO: [ app_begin ] --END-- [ RunTime:0.001238s ]
SQL: SHOW COLUMNS FROM `pvinfo` [ RunTime:0.0007s ]
SQL: SELECT * FROM `pvinfo` WHERE ( id=1 )  [ RunTime:0.0004s ]
SQL: UPDATE `pvinfo` SET `pv`='2414' WHERE ( id=1 ) [ RunTime:0.0005s ]
INFO: [ view_parse ] --START--
INFO: [ template_filter ] --START--
INFO: Run Behavior\ContentReplaceBehavior [ RunTime:0.000042s ]
INFO: [ template_filter ] --END-- [ RunTime:0.000105s ]
INFO: Run Behavior\ParseTemplateBehavior [ RunTime:0.004818s ]
INFO: [ view_parse ] --END-- [ RunTime:0.004880s ]
INFO: [ view_filter ] --START--
INFO: Run Behavior\WriteHtmlCacheBehavior [ RunTime:0.001150s ]
INFO: [ view_filter ] --END-- [ RunTime:0.001215s ]
INFO: [ app_end ] --START--
INFO: Run Behavior\ShowPageTraceBehavior [ RunTime:0.001201s ]
INFO: [ app_end ] --END-- [ RunTime:0.001272s ]

[ 2017-09-09T15:40:30+08:00 ] 140.205.201.39 /index.php
INFO: [ app_init ] --START--
INFO: Run Behavior\BuildLiteBehavior [ RunTime:0.000017s ]
INFO: [ app_init ] --END-- [ RunTime:0.000142s ]
INFO: [ app_begin ] --START--
INFO: Run Behavior\ReadHtmlCacheBehavior [ RunTime:0.001231s ]
INFO: [ app_begin ] --END-- [ RunTime:0.001299s ]
SQL: SHOW COLUMNS FROM `pvinfo` [ RunTime:0.0007s ]
SQL: SELECT * FROM `pvinfo` WHERE ( id=1 )  [ RunTime:0.0004s ]
SQL: UPDATE `pvinfo` SET `pv`='2415' WHERE ( id=1 ) [ RunTime:0.0005s ]
INFO: [ view_parse ] --START--
INFO: [ template_filter ] --START--
INFO: Run Behavior\ContentReplaceBehavior [ RunTime:0.000041s ]
INFO: [ template_filter ] --END-- [ RunTime:0.000104s ]
INFO: Run Behavior\ParseTemplateBehavior [ RunTime:0.004875s ]
INFO: [ view_parse ] --END-- [ RunTime:0.004939s ]
INFO: [ view_filter ] --START--
INFO: Run Behavior\WriteHtmlCacheBehavior [ RunTime:0.002361s ]
INFO: [ view_filter ] --END-- [ RunTime:0.002423s ]
INFO: [ app_end ] --START--
INFO: Run Behavior\ShowPageTraceBehavior [ RunTime:0.001275s ]
INFO: [ app_end ] --END-- [ RunTime:0.001338s ]

[ 2017-09-09T15:45:31+08:00 ] 140.205.201.39 /
INFO: [ app_init ] --START--
INFO: Run Behavior\BuildLiteBehavior [ RunTime:0.000017s ]
INFO: [ app_init ] --END-- [ RunTime:0.000138s ]
INFO: [ app_begin ] --START--
INFO: Run Behavior\ReadHtmlCacheBehavior [ RunTime:0.001236s ]
INFO: [ app_begin ] --END-- [ RunTime:0.001305s ]
SQL: SHOW COLUMNS FROM `pvinfo` [ RunTime:0.0007s ]
SQL: SELECT * FROM `pvinfo` WHERE ( id=1 )  [ RunTime:0.0005s ]
SQL: UPDATE `pvinfo` SET `pv`='2416' WHERE ( id=1 ) [ RunTime:0.0005s ]
INFO: [ view_parse ] --START--
INFO: [ template_filter ] --START--
INFO: Run Behavior\ContentReplaceBehavior [ RunTime:0.000042s ]
INFO: [ template_filter ] --END-- [ RunTime:0.000109s ]
INFO: Run Behavior\ParseTemplateBehavior [ RunTime:0.004891s ]
INFO: [ view_parse ] --END-- [ RunTime:0.004970s ]
INFO: [ view_filter ] --START--
INFO: Run Behavior\WriteHtmlCacheBehavior [ RunTime:0.001242s ]
INFO: [ view_filter ] --END-- [ RunTime:0.001302s ]
INFO: [ app_end ] --START--
INFO: Run Behavior\ShowPageTraceBehavior [ RunTime:0.001245s ]
INFO: [ app_end ] --END-- [ RunTime:0.001307s ]

[ 2017-09-09T15:46:05+08:00 ] 140.205.201.34 /index.php
INFO: [ app_init ] --START--
INFO: Run Behavior\BuildLiteBehavior [ RunTime:0.000017s ]
INFO: [ app_init ] --END-- [ RunTime:0.000128s ]
INFO: [ app_begin ] --START--
INFO: Run Behavior\ReadHtmlCacheBehavior [ RunTime:0.001176s ]
INFO: [ app_begin ] --END-- [ RunTime:0.001256s ]
SQL: SHOW COLUMNS FROM `pvinfo` [ RunTime:0.0007s ]
SQL: SELECT * FROM `pvinfo` WHERE ( id=1 )  [ RunTime:0.0004s ]
SQL: UPDATE `pvinfo` SET `pv`='2417' WHERE ( id=1 ) [ RunTime:0.0005s ]
INFO: [ view_parse ] --START--
INFO: [ template_filter ] --START--
INFO: Run Behavior\ContentReplaceBehavior [ RunTime:0.000043s ]
INFO: [ template_filter ] --END-- [ RunTime:0.000111s ]
INFO: Run Behavior\ParseTemplateBehavior [ RunTime:0.004773s ]
INFO: [ view_parse ] --END-- [ RunTime:0.004838s ]
INFO: [ view_filter ] --START--
INFO: Run Behavior\WriteHtmlCacheBehavior [ RunTime:0.001244s ]
INFO: [ view_filter ] --END-- [ RunTime:0.001304s ]
INFO: [ app_end ] --START--
INFO: Run Behavior\ShowPageTraceBehavior [ RunTime:0.001232s ]
INFO: [ app_end ] --END-- [ RunTime:0.001300s ]

[ 2017-09-09T15:46:15+08:00 ] 140.205.201.34 /
INFO: [ app_init ] --START--
INFO: Run Behavior\BuildLiteBehavior [ RunTime:0.000019s ]
INFO: [ app_init ] --END-- [ RunTime:0.000141s ]
INFO: [ app_begin ] --START--
INFO: Run Behavior\ReadHtmlCacheBehavior [ RunTime:0.001358s ]
INFO: [ app_begin ] --END-- [ RunTime:0.001442s ]
SQL: SHOW COLUMNS FROM `pvinfo` [ RunTime:0.0007s ]
SQL: SELECT * FROM `pvinfo` WHERE ( id=1 )  [ RunTime:0.0004s ]
SQL: UPDATE `pvinfo` SET `pv`='2418' WHERE ( id=1 ) [ RunTime:0.0005s ]
INFO: [ view_parse ] --START--
INFO: [ template_filter ] --START--
INFO: Run Behavior\ContentReplaceBehavior [ RunTime:0.000043s ]
INFO: [ template_filter ] --END-- [ RunTime:0.000114s ]
INFO: Run Behavior\ParseTemplateBehavior [ RunTime:0.004821s ]
INFO: [ view_parse ] --END-- [ RunTime:0.004888s ]
INFO: [ view_filter ] --START--
INFO: Run Behavior\WriteHtmlCacheBehavior [ RunTime:0.001129s ]
INFO: [ view_filter ] --END-- [ RunTime:0.001192s ]
INFO: [ app_end ] --START--
INFO: Run Behavior\ShowPageTraceBehavior [ RunTime:0.001316s ]
INFO: [ app_end ] --END-- [ RunTime:0.001376s ]

[ 2017-09-09T15:46:37+08:00 ] 140.205.201.39 /
INFO: [ app_init ] --START--
INFO: Run Behavior\BuildLiteBehavior [ RunTime:0.000018s ]
INFO: [ app_init ] --END-- [ RunTime:0.000128s ]
INFO: [ app_begin ] --START--
INFO: Run Behavior\ReadHtmlCacheBehavior [ RunTime:0.001251s ]
INFO: [ app_begin ] --END-- [ RunTime:0.001332s ]
SQL: SHOW COLUMNS FROM `pvinfo` [ RunTime:0.0007s ]
SQL: SELECT * FROM `pvinfo` WHERE ( id=1 )  [ RunTime:0.0004s ]
SQL: UPDATE `pvinfo` SET `pv`='2419' WHERE ( id=1 ) [ RunTime:0.0005s ]
INFO: [ view_parse ] --START--
INFO: [ template_filter ] --START--
INFO: Run Behavior\ContentReplaceBehavior [ RunTime:0.000044s ]
INFO: [ template_filter ] --END-- [ RunTime:0.000111s ]
INFO: Run Behavior\ParseTemplateBehavior [ RunTime:0.005233s ]
INFO: [ view_parse ] --END-- [ RunTime:0.005298s ]
INFO: [ view_filter ] --START--
INFO: Run Behavior\WriteHtmlCacheBehavior [ RunTime:0.001267s ]
INFO: [ view_filter ] --END-- [ RunTime:0.001335s ]
INFO: [ app_end ] --START--
INFO: Run Behavior\ShowPageTraceBehavior [ RunTime:0.001309s ]
INFO: [ app_end ] --END-- [ RunTime:0.001389s ]

[ 2017-09-09T15:47:24+08:00 ] 140.205.201.39 /
INFO: [ app_init ] --START--
INFO: Run Behavior\BuildLiteBehavior [ RunTime:0.000030s ]
INFO: [ app_init ] --END-- [ RunTime:0.000216s ]
INFO: [ app_begin ] --START--
INFO: Run Behavior\ReadHtmlCacheBehavior [ RunTime:0.001395s ]
INFO: [ app_begin ] --END-- [ RunTime:0.001502s ]
SQL: SHOW COLUMNS FROM `pvinfo` [ RunTime:0.0007s ]
SQL: SELECT * FROM `pvinfo` WHERE ( id=1 )  [ RunTime:0.0006s ]
SQL: UPDATE `pvinfo` SET `pv`='2420' WHERE ( id=1 ) [ RunTime:0.0005s ]
INFO: [ view_parse ] --START--
INFO: [ template_filter ] --START--
INFO: Run Behavior\ContentReplaceBehavior [ RunTime:0.000050s ]
INFO: [ template_filter ] --END-- [ RunTime:0.000126s ]
INFO: Run Behavior\ParseTemplateBehavior [ RunTime:0.005161s ]
INFO: [ view_parse ] --END-- [ RunTime:0.005229s ]
INFO: [ view_filter ] --START--
INFO: Run Behavior\WriteHtmlCacheBehavior [ RunTime:0.001274s ]
INFO: [ view_filter ] --END-- [ RunTime:0.001335s ]
INFO: [ app_end ] --START--
INFO: Run Behavior\ShowPageTraceBehavior [ RunTime:0.001248s ]
INFO: [ app_end ] --END-- [ RunTime:0.001316s ]

[ 2017-09-09T15:51:27+08:00 ] 140.205.201.39 /
INFO: [ app_init ] --START--
INFO: Run Behavior\BuildLiteBehavior [ RunTime:0.000016s ]
INFO: [ app_init ] --END-- [ RunTime:0.000136s ]
INFO: [ app_begin ] --START--
INFO: Run Behavior\ReadHtmlCacheBehavior [ RunTime:0.001016s ]
INFO: [ app_begin ] --END-- [ RunTime:0.001129s ]
SQL: SHOW COLUMNS FROM `pvinfo` [ RunTime:0.0007s ]
SQL: SELECT * FROM `pvinfo` WHERE ( id=1 )  [ RunTime:0.0004s ]
SQL: UPDATE `pvinfo` SET `pv`='2421' WHERE ( id=1 ) [ RunTime:0.0005s ]
INFO: [ view_parse ] --START--
INFO: [ template_filter ] --START--
INFO: Run Behavior\ContentReplaceBehavior [ RunTime:0.000045s ]
INFO: [ template_filter ] --END-- [ RunTime:0.000129s ]
INFO: Run Behavior\ParseTemplateBehavior [ RunTime:0.004915s ]
INFO: [ view_parse ] --END-- [ RunTime:0.004982s ]
INFO: [ view_filter ] --START--
INFO: Run Behavior\WriteHtmlCacheBehavior [ RunTime:0.001181s ]
INFO: [ view_filter ] --END-- [ RunTime:0.001239s ]
INFO: [ app_end ] --START--
INFO: Run Behavior\ShowPageTraceBehavior [ RunTime:0.001168s ]
INFO: [ app_end ] --END-- [ RunTime:0.001229s ]

[ 2017-09-09T15:54:06+08:00 ] 140.205.201.39 /
INFO: [ app_init ] --START--
INFO: Run Behavior\BuildLiteBehavior [ RunTime:0.000018s ]
INFO: [ app_init ] --END-- [ RunTime:0.000129s ]
INFO: [ app_begin ] --START--
INFO: Run Behavior\ReadHtmlCacheBehavior [ RunTime:0.001213s ]
INFO: [ app_begin ] --END-- [ RunTime:0.001279s ]
SQL: SHOW COLUMNS FROM `pvinfo` [ RunTime:0.0007s ]
SQL: SELECT * FROM `pvinfo` WHERE ( id=1 )  [ RunTime:0.0004s ]
SQL: UPDATE `pvinfo` SET `pv`='2422' WHERE ( id=1 ) [ RunTime:0.0005s ]
INFO: [ view_parse ] --START--
INFO: [ template_filter ] --START--
INFO: Run Behavior\ContentReplaceBehavior [ RunTime:0.000042s ]
INFO: [ template_filter ] --END-- [ RunTime:0.000106s ]
INFO: Run Behavior\ParseTemplateBehavior [ RunTime:0.004908s ]
INFO: [ view_parse ] --END-- [ RunTime:0.004981s ]
INFO: [ view_filter ] --START--
INFO: Run Behavior\WriteHtmlCacheBehavior [ RunTime:0.001075s ]
INFO: [ view_filter ] --END-- [ RunTime:0.001135s ]
INFO: [ app_end ] --START--
INFO: Run Behavior\ShowPageTraceBehavior [ RunTime:0.001205s ]
INFO: [ app_end ] --END-- [ RunTime:0.001265s ]

[ 2017-09-09T15:54:35+08:00 ] 140.205.201.39 /
INFO: [ app_init ] --START--
INFO: Run Behavior\BuildLiteBehavior [ RunTime:0.000038s ]
INFO: [ app_init ] --END-- [ RunTime:0.000199s ]
INFO: [ app_begin ] --START--
INFO: Run Behavior\ReadHtmlCacheBehavior [ RunTime:0.001948s ]
INFO: [ app_begin ] --END-- [ RunTime:0.002070s ]
SQL: SHOW COLUMNS FROM `pvinfo` [ RunTime:0.0009s ]
SQL: SELECT * FROM `pvinfo` WHERE ( id=1 )  [ RunTime:0.0005s ]
SQL: UPDATE `pvinfo` SET `pv`='2423' WHERE ( id=1 ) [ RunTime:0.0006s ]
INFO: [ view_parse ] --START--
INFO: [ template_filter ] --START--
INFO: Run Behavior\ContentReplaceBehavior [ RunTime:0.000049s ]
INFO: [ template_filter ] --END-- [ RunTime:0.000134s ]
INFO: Run Behavior\ParseTemplateBehavior [ RunTime:0.005932s ]
INFO: [ view_parse ] --END-- [ RunTime:0.006015s ]
INFO: [ view_filter ] --START--
INFO: Run Behavior\WriteHtmlCacheBehavior [ RunTime:0.001143s ]
INFO: [ view_filter ] --END-- [ RunTime:0.001202s ]
INFO: [ app_end ] --START--
INFO: Run Behavior\ShowPageTraceBehavior [ RunTime:0.001202s ]
INFO: [ app_end ] --END-- [ RunTime:0.001264s ]

[ 2017-09-09T15:57:02+08:00 ] 140.205.201.39 /
INFO: [ app_init ] --START--
INFO: Run Behavior\BuildLiteBehavior [ RunTime:0.000016s ]
INFO: [ app_init ] --END-- [ RunTime:0.000123s ]
INFO: [ app_begin ] --START--
INFO: Run Behavior\ReadHtmlCacheBehavior [ RunTime:0.001205s ]
INFO: [ app_begin ] --END-- [ RunTime:0.001271s ]
SQL: SHOW COLUMNS FROM `pvinfo` [ RunTime:0.0007s ]
SQL: SELECT * FROM `pvinfo` WHERE ( id=1 )  [ RunTime:0.0005s ]
SQL: UPDATE `pvinfo` SET `pv`='2424' WHERE ( id=1 ) [ RunTime:0.0005s ]
INFO: [ view_parse ] --START--
INFO: [ template_filter ] --START--
INFO: Run Behavior\ContentReplaceBehavior [ RunTime:0.000047s ]
INFO: [ template_filter ] --END-- [ RunTime:0.000130s ]
INFO: Run Behavior\ParseTemplateBehavior [ RunTime:0.005308s ]
INFO: [ view_parse ] --END-- [ RunTime:0.005374s ]
INFO: [ view_filter ] --START--
INFO: Run Behavior\WriteHtmlCacheBehavior [ RunTime:0.001167s ]
INFO: [ view_filter ] --END-- [ RunTime:0.001226s ]
INFO: [ app_end ] --START--
INFO: Run Behavior\ShowPageTraceBehavior [ RunTime:0.001223s ]
INFO: [ app_end ] --END-- [ RunTime:0.001294s ]

[ 2017-09-09T15:57:10+08:00 ] 140.205.201.39 /
INFO: [ app_init ] --START--
INFO: Run Behavior\BuildLiteBehavior [ RunTime:0.000016s ]
INFO: [ app_init ] --END-- [ RunTime:0.000123s ]
INFO: [ app_begin ] --START--
INFO: Run Behavior\ReadHtmlCacheBehavior [ RunTime:0.001222s ]
INFO: [ app_begin ] --END-- [ RunTime:0.001287s ]
SQL: SHOW COLUMNS FROM `pvinfo` [ RunTime:0.0007s ]
SQL: SELECT * FROM `pvinfo` WHERE ( id=1 )  [ RunTime:0.0004s ]
SQL: UPDATE `pvinfo` SET `pv`='2425' WHERE ( id=1 ) [ RunTime:0.0005s ]
INFO: [ view_parse ] --START--
INFO: [ template_filter ] --START--
INFO: Run Behavior\ContentReplaceBehavior [ RunTime:0.000041s ]
INFO: [ template_filter ] --END-- [ RunTime:0.000104s ]
INFO: Run Behavior\ParseTemplateBehavior [ RunTime:0.004758s ]
INFO: [ view_parse ] --END-- [ RunTime:0.004830s ]
INFO: [ view_filter ] --START--
INFO: Run Behavior\WriteHtmlCacheBehavior [ RunTime:0.001173s ]
INFO: [ view_filter ] --END-- [ RunTime:0.001231s ]
INFO: [ app_end ] --START--
INFO: Run Behavior\ShowPageTraceBehavior [ RunTime:0.001386s ]
INFO: [ app_end ] --END-- [ RunTime:0.001450s ]

[ 2017-09-09T15:57:11+08:00 ] 140.205.201.39 /
INFO: [ app_init ] --START--
INFO: Run Behavior\BuildLiteBehavior [ RunTime:0.000018s ]
INFO: [ app_init ] --END-- [ RunTime:0.000135s ]
INFO: [ app_begin ] --START--
INFO: Run Behavior\ReadHtmlCacheBehavior [ RunTime:0.001071s ]
INFO: [ app_begin ] --END-- [ RunTime:0.001136s ]
SQL: SHOW COLUMNS FROM `pvinfo` [ RunTime:0.0007s ]
SQL: SELECT * FROM `pvinfo` WHERE ( id=1 )  [ RunTime:0.0004s ]
SQL: UPDATE `pvinfo` SET `pv`='2426' WHERE ( id=1 ) [ RunTime:0.0005s ]
INFO: [ view_parse ] --START--
INFO: [ template_filter ] --START--
INFO: Run Behavior\ContentReplaceBehavior [ RunTime:0.000043s ]
INFO: [ template_filter ] --END-- [ RunTime:0.000109s ]
INFO: Run Behavior\ParseTemplateBehavior [ RunTime:0.004781s ]
INFO: [ view_parse ] --END-- [ RunTime:0.004845s ]
INFO: [ view_filter ] --START--
INFO: Run Behavior\WriteHtmlCacheBehavior [ RunTime:0.001217s ]
INFO: [ view_filter ] --END-- [ RunTime:0.001277s ]
INFO: [ app_end ] --START--
INFO: Run Behavior\ShowPageTraceBehavior [ RunTime:0.001208s ]
INFO: [ app_end ] --END-- [ RunTime:0.001268s ]

[ 2017-09-09T16:03:40+08:00 ] 140.205.201.34 /
INFO: [ app_init ] --START--
INFO: Run Behavior\BuildLiteBehavior [ RunTime:0.000017s ]
INFO: [ app_init ] --END-- [ RunTime:0.000126s ]
INFO: [ app_begin ] --START--
INFO: Run Behavior\ReadHtmlCacheBehavior [ RunTime:0.001205s ]
INFO: [ app_begin ] --END-- [ RunTime:0.001272s ]
SQL: SHOW COLUMNS FROM `pvinfo` [ RunTime:0.0007s ]
SQL: SELECT * FROM `pvinfo` WHERE ( id=1 )  [ RunTime:0.0004s ]
SQL: UPDATE `pvinfo` SET `pv`='2427' WHERE ( id=1 ) [ RunTime:0.0005s ]
INFO: [ view_parse ] --START--
INFO: [ template_filter ] --START--
INFO: Run Behavior\ContentReplaceBehavior [ RunTime:0.000041s ]
INFO: [ template_filter ] --END-- [ RunTime:0.000105s ]
INFO: Run Behavior\ParseTemplateBehavior [ RunTime:0.004855s ]
INFO: [ view_parse ] --END-- [ RunTime:0.004918s ]
INFO: [ view_filter ] --START--
INFO: Run Behavior\WriteHtmlCacheBehavior [ RunTime:0.001169s ]
INFO: [ view_filter ] --END-- [ RunTime:0.001227s ]
INFO: [ app_end ] --START--
INFO: Run Behavior\ShowPageTraceBehavior [ RunTime:0.001206s ]
INFO: [ app_end ] --END-- [ RunTime:0.001267s ]

[ 2017-09-09T16:14:04+08:00 ] 140.205.201.34 /
INFO: [ app_init ] --START--
INFO: Run Behavior\BuildLiteBehavior [ RunTime:0.000018s ]
INFO: [ app_init ] --END-- [ RunTime:0.000150s ]
INFO: [ app_begin ] --START--
INFO: Run Behavior\ReadHtmlCacheBehavior [ RunTime:0.001260s ]
INFO: [ app_begin ] --END-- [ RunTime:0.001342s ]
SQL: SHOW COLUMNS FROM `pvinfo` [ RunTime:0.0007s ]
SQL: SELECT * FROM `pvinfo` WHERE ( id=1 )  [ RunTime:0.0005s ]
SQL: UPDATE `pvinfo` SET `pv`='2428' WHERE ( id=1 ) [ RunTime:0.0006s ]
INFO: [ view_parse ] --START--
INFO: [ template_filter ] --START--
INFO: Run Behavior\ContentReplaceBehavior [ RunTime:0.000041s ]
INFO: [ template_filter ] --END-- [ RunTime:0.000105s ]
INFO: Run Behavior\ParseTemplateBehavior [ RunTime:0.004914s ]
INFO: [ view_parse ] --END-- [ RunTime:0.004991s ]
INFO: [ view_filter ] --START--
INFO: Run Behavior\WriteHtmlCacheBehavior [ RunTime:0.001237s ]
INFO: [ view_filter ] --END-- [ RunTime:0.001314s ]
INFO: [ app_end ] --START--
INFO: Run Behavior\ShowPageTraceBehavior [ RunTime:0.001241s ]
INFO: [ app_end ] --END-- [ RunTime:0.001302s ]

[ 2017-09-09T16:17:01+08:00 ] 140.205.201.34 /
INFO: [ app_init ] --START--
INFO: Run Behavior\BuildLiteBehavior [ RunTime:0.000019s ]
INFO: [ app_init ] --END-- [ RunTime:0.000131s ]
INFO: [ app_begin ] --START--
INFO: Run Behavior\ReadHtmlCacheBehavior [ RunTime:0.001064s ]
INFO: [ app_begin ] --END-- [ RunTime:0.001133s ]
SQL: SHOW COLUMNS FROM `pvinfo` [ RunTime:0.0007s ]
SQL: SELECT * FROM `pvinfo` WHERE ( id=1 )  [ RunTime:0.0004s ]
SQL: UPDATE `pvinfo` SET `pv`='2429' WHERE ( id=1 ) [ RunTime:0.0005s ]
INFO: [ view_parse ] --START--
INFO: [ template_filter ] --START--
INFO: Run Behavior\ContentReplaceBehavior [ RunTime:0.000043s ]
INFO: [ template_filter ] --END-- [ RunTime:0.000110s ]
INFO: Run Behavior\ParseTemplateBehavior [ RunTime:0.005036s ]
INFO: [ view_parse ] --END-- [ RunTime:0.005103s ]
INFO: [ view_filter ] --START--
INFO: Run Behavior\WriteHtmlCacheBehavior [ RunTime:0.001164s ]
INFO: [ view_filter ] --END-- [ RunTime:0.001232s ]
INFO: [ app_end ] --START--
INFO: Run Behavior\ShowPageTraceBehavior [ RunTime:0.001224s ]
INFO: [ app_end ] --END-- [ RunTime:0.001332s ]

[ 2017-09-09T16:20:29+08:00 ] 203.208.60.234 /
INFO: [ app_init ] --START--
INFO: Run Behavior\BuildLiteBehavior [ RunTime:0.000017s ]
INFO: [ app_init ] --END-- [ RunTime:0.000126s ]
INFO: [ app_begin ] --START--
INFO: Run Behavior\ReadHtmlCacheBehavior [ RunTime:0.001214s ]
INFO: [ app_begin ] --END-- [ RunTime:0.001289s ]
SQL: SHOW COLUMNS FROM `pvinfo` [ RunTime:0.0007s ]
SQL: SELECT * FROM `pvinfo` WHERE ( id=1 )  [ RunTime:0.0004s ]
SQL: UPDATE `pvinfo` SET `pv`='2430' WHERE ( id=1 ) [ RunTime:0.0005s ]
INFO: [ view_parse ] --START--
INFO: [ template_filter ] --START--
INFO: Run Behavior\ContentReplaceBehavior [ RunTime:0.000046s ]
INFO: [ template_filter ] --END-- [ RunTime:0.000123s ]
INFO: Run Behavior\ParseTemplateBehavior [ RunTime:0.005114s ]
INFO: [ view_parse ] --END-- [ RunTime:0.005179s ]
INFO: [ view_filter ] --START--
INFO: Run Behavior\WriteHtmlCacheBehavior [ RunTime:0.001244s ]
INFO: [ view_filter ] --END-- [ RunTime:0.001331s ]
INFO: [ app_end ] --START--
INFO: Run Behavior\ShowPageTraceBehavior [ RunTime:0.001253s ]
INFO: [ app_end ] --END-- [ RunTime:0.001315s ]

[ 2017-09-09T16:40:05+08:00 ] 140.205.201.34 /
INFO: [ app_init ] --START--
INFO: Run Behavior\BuildLiteBehavior [ RunTime:0.000017s ]
INFO: [ app_init ] --END-- [ RunTime:0.000128s ]
INFO: [ app_begin ] --START--
INFO: Run Behavior\ReadHtmlCacheBehavior [ RunTime:0.001271s ]
INFO: [ app_begin ] --END-- [ RunTime:0.001340s ]
SQL: SHOW COLUMNS FROM `pvinfo` [ RunTime:0.0007s ]
SQL: SELECT * FROM `pvinfo` WHERE ( id=1 )  [ RunTime:0.0005s ]
SQL: UPDATE `pvinfo` SET `pv`='2431' WHERE ( id=1 ) [ RunTime:0.0005s ]
INFO: [ view_parse ] --START--
INFO: [ template_filter ] --START--
INFO: Run Behavior\ContentReplaceBehavior [ RunTime:0.000043s ]
INFO: [ template_filter ] --END-- [ RunTime:0.000109s ]
INFO: Run Behavior\ParseTemplateBehavior [ RunTime:0.004966s ]
INFO: [ view_parse ] --END-- [ RunTime:0.005032s ]
INFO: [ view_filter ] --START--
INFO: Run Behavior\WriteHtmlCacheBehavior [ RunTime:0.001231s ]
INFO: [ view_filter ] --END-- [ RunTime:0.001291s ]
INFO: [ app_end ] --START--
INFO: Run Behavior\ShowPageTraceBehavior [ RunTime:0.001249s ]
INFO: [ app_end ] --END-- [ RunTime:0.001311s ]

[ 2017-09-09T16:54:04+08:00 ] 123.59.146.153 /
INFO: [ app_init ] --START--
INFO: Run Behavior\BuildLiteBehavior [ RunTime:0.000020s ]
INFO: [ app_init ] --END-- [ RunTime:0.000143s ]
INFO: [ app_begin ] --START--
INFO: Run Behavior\ReadHtmlCacheBehavior [ RunTime:0.001192s ]
INFO: [ app_begin ] --END-- [ RunTime:0.001271s ]
SQL: SHOW COLUMNS FROM `pvinfo` [ RunTime:0.0007s ]
SQL: SELECT * FROM `pvinfo` WHERE ( id=1 )  [ RunTime:0.0005s ]
SQL: UPDATE `pvinfo` SET `pv`='2432' WHERE ( id=1 ) [ RunTime:0.0005s ]
INFO: [ view_parse ] --START--
INFO: [ template_filter ] --START--
INFO: Run Behavior\ContentReplaceBehavior [ RunTime:0.000042s ]
INFO: [ template_filter ] --END-- [ RunTime:0.000109s ]
INFO: Run Behavior\ParseTemplateBehavior [ RunTime:0.005015s ]
INFO: [ view_parse ] --END-- [ RunTime:0.005080s ]
INFO: [ view_filter ] --START--
INFO: Run Behavior\WriteHtmlCacheBehavior [ RunTime:0.001177s ]
INFO: [ view_filter ] --END-- [ RunTime:0.001236s ]
INFO: [ app_end ] --START--
INFO: Run Behavior\ShowPageTraceBehavior [ RunTime:0.001220s ]
INFO: [ app_end ] --END-- [ RunTime:0.001283s ]

[ 2017-09-09T16:56:05+08:00 ] 140.205.201.34 /
INFO: [ app_init ] --START--
INFO: Run Behavior\BuildLiteBehavior [ RunTime:0.000017s ]
INFO: [ app_init ] --END-- [ RunTime:0.000124s ]
INFO: [ app_begin ] --START--
INFO: Run Behavior\ReadHtmlCacheBehavior [ RunTime:0.001198s ]
INFO: [ app_begin ] --END-- [ RunTime:0.001265s ]
SQL: SHOW COLUMNS FROM `pvinfo` [ RunTime:0.0008s ]
SQL: SELECT * FROM `pvinfo` WHERE ( id=1 )  [ RunTime:0.0004s ]
SQL: UPDATE `pvinfo` SET `pv`='2433' WHERE ( id=1 ) [ RunTime:0.0005s ]
INFO: [ view_parse ] --START--
INFO: [ template_filter ] --START--
INFO: Run Behavior\ContentReplaceBehavior [ RunTime:0.000040s ]
INFO: [ template_filter ] --END-- [ RunTime:0.000115s ]
INFO: Run Behavior\ParseTemplateBehavior [ RunTime:0.004843s ]
INFO: [ view_parse ] --END-- [ RunTime:0.004907s ]
INFO: [ view_filter ] --START--
INFO: Run Behavior\WriteHtmlCacheBehavior [ RunTime:0.001163s ]
INFO: [ view_filter ] --END-- [ RunTime:0.001221s ]
INFO: [ app_end ] --START--
INFO: Run Behavior\ShowPageTraceBehavior [ RunTime:0.001421s ]
INFO: [ app_end ] --END-- [ RunTime:0.001484s ]

[ 2017-09-09T17:02:46+08:00 ] 140.205.201.34 /
INFO: [ app_init ] --START--
INFO: Run Behavior\BuildLiteBehavior [ RunTime:0.000017s ]
INFO: [ app_init ] --END-- [ RunTime:0.000128s ]
INFO: [ app_begin ] --START--
INFO: Run Behavior\ReadHtmlCacheBehavior [ RunTime:0.001901s ]
INFO: [ app_begin ] --END-- [ RunTime:0.002000s ]
SQL: SHOW COLUMNS FROM `pvinfo` [ RunTime:0.0006s ]
SQL: SELECT * FROM `pvinfo` WHERE ( id=1 )  [ RunTime:0.0004s ]
SQL: UPDATE `pvinfo` SET `pv`='2434' WHERE ( id=1 ) [ RunTime:0.0005s ]
INFO: [ view_parse ] --START--
INFO: [ template_filter ] --START--
INFO: Run Behavior\ContentReplaceBehavior [ RunTime:0.000045s ]
INFO: [ template_filter ] --END-- [ RunTime:0.000123s ]
INFO: Run Behavior\ParseTemplateBehavior [ RunTime:0.004964s ]
INFO: [ view_parse ] --END-- [ RunTime:0.005029s ]
INFO: [ view_filter ] --START--
INFO: Run Behavior\WriteHtmlCacheBehavior [ RunTime:0.001166s ]
INFO: [ view_filter ] --END-- [ RunTime:0.001224s ]
INFO: [ app_end ] --START--
INFO: Run Behavior\ShowPageTraceBehavior [ RunTime:0.001258s ]
INFO: [ app_end ] --END-- [ RunTime:0.001320s ]

[ 2017-09-09T17:33:53+08:00 ] 140.205.201.34 /
INFO: [ app_init ] --START--
INFO: Run Behavior\BuildLiteBehavior [ RunTime:0.000018s ]
INFO: [ app_init ] --END-- [ RunTime:0.000137s ]
INFO: [ app_begin ] --START--
INFO: Run Behavior\ReadHtmlCacheBehavior [ RunTime:0.001245s ]
INFO: [ app_begin ] --END-- [ RunTime:0.001316s ]
SQL: SHOW COLUMNS FROM `pvinfo` [ RunTime:0.0007s ]
SQL: SELECT * FROM `pvinfo` WHERE ( id=1 )  [ RunTime:0.0004s ]
SQL: UPDATE `pvinfo` SET `pv`='2435' WHERE ( id=1 ) [ RunTime:0.0005s ]
INFO: [ view_parse ] --START--
INFO: [ template_filter ] --START--
INFO: Run Behavior\ContentReplaceBehavior [ RunTime:0.000044s ]
INFO: [ template_filter ] --END-- [ RunTime:0.000112s ]
INFO: Run Behavior\ParseTemplateBehavior [ RunTime:0.004925s ]
INFO: [ view_parse ] --END-- [ RunTime:0.004989s ]
INFO: [ view_filter ] --START--
INFO: Run Behavior\WriteHtmlCacheBehavior [ RunTime:0.001248s ]
INFO: [ view_filter ] --END-- [ RunTime:0.001309s ]
INFO: [ app_end ] --START--
INFO: Run Behavior\ShowPageTraceBehavior [ RunTime:0.001138s ]
INFO: [ app_end ] --END-- [ RunTime:0.001198s ]

[ 2017-09-09T17:56:16+08:00 ] 121.235.203.18 /
INFO: [ app_init ] --START--
INFO: Run Behavior\BuildLiteBehavior [ RunTime:0.000017s ]
INFO: [ app_init ] --END-- [ RunTime:0.000127s ]
INFO: [ app_begin ] --START--
INFO: Run Behavior\ReadHtmlCacheBehavior [ RunTime:0.001252s ]
INFO: [ app_begin ] --END-- [ RunTime:0.001320s ]
SQL: SHOW COLUMNS FROM `pvinfo` [ RunTime:0.0007s ]
SQL: SELECT * FROM `pvinfo` WHERE ( id=1 )  [ RunTime:0.0004s ]
SQL: UPDATE `pvinfo` SET `pv`='2436' WHERE ( id=1 ) [ RunTime:0.0005s ]
INFO: [ view_parse ] --START--
INFO: [ template_filter ] --START--
INFO: Run Behavior\ContentReplaceBehavior [ RunTime:0.000041s ]
INFO: [ template_filter ] --END-- [ RunTime:0.000106s ]
INFO: Run Behavior\ParseTemplateBehavior [ RunTime:0.004911s ]
INFO: [ view_parse ] --END-- [ RunTime:0.004976s ]
INFO: [ view_filter ] --START--
INFO: Run Behavior\WriteHtmlCacheBehavior [ RunTime:0.001093s ]
INFO: [ view_filter ] --END-- [ RunTime:0.001151s ]
INFO: [ app_end ] --START--
INFO: Run Behavior\ShowPageTraceBehavior [ RunTime:0.001159s ]
INFO: [ app_end ] --END-- [ RunTime:0.001245s ]

[ 2017-09-09T17:57:58+08:00 ] 120.92.32.139 /
INFO: [ app_init ] --START--
INFO: Run Behavior\BuildLiteBehavior [ RunTime:0.000018s ]
INFO: [ app_init ] --END-- [ RunTime:0.000126s ]
INFO: [ app_begin ] --START--
INFO: Run Behavior\ReadHtmlCacheBehavior [ RunTime:0.001195s ]
INFO: [ app_begin ] --END-- [ RunTime:0.001268s ]
SQL: SHOW COLUMNS FROM `pvinfo` [ RunTime:0.0007s ]
SQL: SELECT * FROM `pvinfo` WHERE ( id=1 )  [ RunTime:0.0004s ]
SQL: UPDATE `pvinfo` SET `pv`='2437' WHERE ( id=1 ) [ RunTime:0.0005s ]
INFO: [ view_parse ] --START--
INFO: [ template_filter ] --START--
INFO: Run Behavior\ContentReplaceBehavior [ RunTime:0.000042s ]
INFO: [ template_filter ] --END-- [ RunTime:0.000105s ]
INFO: Run Behavior\ParseTemplateBehavior [ RunTime:0.004621s ]
INFO: [ view_parse ] --END-- [ RunTime:0.004685s ]
INFO: [ view_filter ] --START--
INFO: Run Behavior\WriteHtmlCacheBehavior [ RunTime:0.001201s ]
INFO: [ view_filter ] --END-- [ RunTime:0.001260s ]
INFO: [ app_end ] --START--
INFO: Run Behavior\ShowPageTraceBehavior [ RunTime:0.001214s ]
INFO: [ app_end ] --END-- [ RunTime:0.001283s ]

[ 2017-09-09T18:09:04+08:00 ] 140.205.201.34 /
INFO: [ app_init ] --START--
INFO: Run Behavior\BuildLiteBehavior [ RunTime:0.000020s ]
INFO: [ app_init ] --END-- [ RunTime:0.000157s ]
INFO: [ app_begin ] --START--
INFO: Run Behavior\ReadHtmlCacheBehavior [ RunTime:0.001153s ]
INFO: [ app_begin ] --END-- [ RunTime:0.001224s ]
SQL: SHOW COLUMNS FROM `pvinfo` [ RunTime:0.0007s ]
SQL: SELECT * FROM `pvinfo` WHERE ( id=1 )  [ RunTime:0.0004s ]
SQL: UPDATE `pvinfo` SET `pv`='2438' WHERE ( id=1 ) [ RunTime:0.0005s ]
INFO: [ view_parse ] --START--
INFO: [ template_filter ] --START--
INFO: Run Behavior\ContentReplaceBehavior [ RunTime:0.000052s ]
INFO: [ template_filter ] --END-- [ RunTime:0.000119s ]
INFO: Run Behavior\ParseTemplateBehavior [ RunTime:0.005143s ]
INFO: [ view_parse ] --END-- [ RunTime:0.005210s ]
INFO: [ view_filter ] --START--
INFO: Run Behavior\WriteHtmlCacheBehavior [ RunTime:0.001088s ]
INFO: [ view_filter ] --END-- [ RunTime:0.001149s ]
INFO: [ app_end ] --START--
INFO: Run Behavior\ShowPageTraceBehavior [ RunTime:0.001226s ]
INFO: [ app_end ] --END-- [ RunTime:0.001290s ]

[ 2017-09-09T18:10:08+08:00 ] 140.205.201.34 /
INFO: [ app_init ] --START--
INFO: Run Behavior\BuildLiteBehavior [ RunTime:0.000020s ]
INFO: [ app_init ] --END-- [ RunTime:0.000170s ]
INFO: [ app_begin ] --START--
INFO: Run Behavior\ReadHtmlCacheBehavior [ RunTime:0.001149s ]
INFO: [ app_begin ] --END-- [ RunTime:0.001220s ]
SQL: SHOW COLUMNS FROM `pvinfo` [ RunTime:0.0007s ]
SQL: SELECT * FROM `pvinfo` WHERE ( id=1 )  [ RunTime:0.0004s ]
SQL: UPDATE `pvinfo` SET `pv`='2439' WHERE ( id=1 ) [ RunTime:0.0005s ]
INFO: [ view_parse ] --START--
INFO: [ template_filter ] --START--
INFO: Run Behavior\ContentReplaceBehavior [ RunTime:0.000051s ]
INFO: [ template_filter ] --END-- [ RunTime:0.000118s ]
INFO: Run Behavior\ParseTemplateBehavior [ RunTime:0.005279s ]
INFO: [ view_parse ] --END-- [ RunTime:0.005347s ]
INFO: [ view_filter ] --START--
INFO: Run Behavior\WriteHtmlCacheBehavior [ RunTime:0.001152s ]
INFO: [ view_filter ] --END-- [ RunTime:0.001214s ]
INFO: [ app_end ] --START--
INFO: Run Behavior\ShowPageTraceBehavior [ RunTime:0.001241s ]
INFO: [ app_end ] --END-- [ RunTime:0.001305s ]

[ 2017-09-09T18:52:17+08:00 ] 203.208.60.234 /
INFO: [ app_init ] --START--
INFO: Run Behavior\BuildLiteBehavior [ RunTime:0.000019s ]
INFO: [ app_init ] --END-- [ RunTime:0.000145s ]
INFO: [ app_begin ] --START--
INFO: Run Behavior\ReadHtmlCacheBehavior [ RunTime:0.001389s ]
INFO: [ app_begin ] --END-- [ RunTime:0.001466s ]
SQL: SHOW COLUMNS FROM `pvinfo` [ RunTime:0.0007s ]
SQL: SELECT * FROM `pvinfo` WHERE ( id=1 )  [ RunTime:0.0004s ]
SQL: UPDATE `pvinfo` SET `pv`='2440' WHERE ( id=1 ) [ RunTime:0.0005s ]
INFO: [ view_parse ] --START--
INFO: [ template_filter ] --START--
INFO: Run Behavior\ContentReplaceBehavior [ RunTime:0.000042s ]
INFO: [ template_filter ] --END-- [ RunTime:0.000113s ]
INFO: Run Behavior\ParseTemplateBehavior [ RunTime:0.004902s ]
INFO: [ view_parse ] --END-- [ RunTime:0.004967s ]
INFO: [ view_filter ] --START--
INFO: Run Behavior\WriteHtmlCacheBehavior [ RunTime:0.001198s ]
INFO: [ view_filter ] --END-- [ RunTime:0.001264s ]
INFO: [ app_end ] --START--
INFO: Run Behavior\ShowPageTraceBehavior [ RunTime:0.001270s ]
INFO: [ app_end ] --END-- [ RunTime:0.001334s ]

[ 2017-09-09T19:19:45+08:00 ] 189.100.189.24 /
INFO: [ app_init ] --START--
INFO: Run Behavior\BuildLiteBehavior [ RunTime:0.000017s ]
INFO: [ app_init ] --END-- [ RunTime:0.000125s ]
INFO: [ app_begin ] --START--
INFO: Run Behavior\ReadHtmlCacheBehavior [ RunTime:0.001248s ]
INFO: [ app_begin ] --END-- [ RunTime:0.001316s ]
SQL: SHOW COLUMNS FROM `pvinfo` [ RunTime:0.0007s ]
SQL: SELECT * FROM `pvinfo` WHERE ( id=1 )  [ RunTime:0.0005s ]
SQL: UPDATE `pvinfo` SET `pv`='2441' WHERE ( id=1 ) [ RunTime:0.0005s ]
INFO: [ view_parse ] --START--
INFO: [ template_filter ] --START--
INFO: Run Behavior\ContentReplaceBehavior [ RunTime:0.000041s ]
INFO: [ template_filter ] --END-- [ RunTime:0.000108s ]
INFO: Run Behavior\ParseTemplateBehavior [ RunTime:0.004752s ]
INFO: [ view_parse ] --END-- [ RunTime:0.004817s ]
INFO: [ view_filter ] --START--
INFO: Run Behavior\WriteHtmlCacheBehavior [ RunTime:0.001263s ]
INFO: [ view_filter ] --END-- [ RunTime:0.001345s ]
INFO: [ app_end ] --START--
INFO: Run Behavior\ShowPageTraceBehavior [ RunTime:0.001275s ]
INFO: [ app_end ] --END-- [ RunTime:0.001336s ]

[ 2017-09-09T20:00:58+08:00 ] 60.191.38.77 /
INFO: [ app_init ] --START--
INFO: Run Behavior\BuildLiteBehavior [ RunTime:0.000018s ]
INFO: [ app_init ] --END-- [ RunTime:0.000128s ]
INFO: [ app_begin ] --START--
INFO: Run Behavior\ReadHtmlCacheBehavior [ RunTime:0.001016s ]
INFO: [ app_begin ] --END-- [ RunTime:0.001083s ]
SQL: SHOW COLUMNS FROM `pvinfo` [ RunTime:0.0007s ]
SQL: SELECT * FROM `pvinfo` WHERE ( id=1 )  [ RunTime:0.0004s ]
SQL: UPDATE `pvinfo` SET `pv`='2442' WHERE ( id=1 ) [ RunTime:0.0006s ]
INFO: [ view_parse ] --START--
INFO: [ template_filter ] --START--
INFO: Run Behavior\ContentReplaceBehavior [ RunTime:0.000041s ]
INFO: [ template_filter ] --END-- [ RunTime:0.000109s ]
INFO: Run Behavior\ParseTemplateBehavior [ RunTime:0.004643s ]
INFO: [ view_parse ] --END-- [ RunTime:0.004712s ]
INFO: [ view_filter ] --START--
INFO: Run Behavior\WriteHtmlCacheBehavior [ RunTime:0.001139s ]
INFO: [ view_filter ] --END-- [ RunTime:0.001198s ]
INFO: [ app_end ] --START--
INFO: Run Behavior\ShowPageTraceBehavior [ RunTime:0.001175s ]
INFO: [ app_end ] --END-- [ RunTime:0.001235s ]

[ 2017-09-09T21:09:48+08:00 ] 140.205.225.200 /
INFO: [ app_init ] --START--
INFO: Run Behavior\BuildLiteBehavior [ RunTime:0.000017s ]
INFO: [ app_init ] --END-- [ RunTime:0.000127s ]
INFO: [ app_begin ] --START--
INFO: Run Behavior\ReadHtmlCacheBehavior [ RunTime:0.001005s ]
INFO: [ app_begin ] --END-- [ RunTime:0.001073s ]
SQL: SHOW COLUMNS FROM `pvinfo` [ RunTime:0.0007s ]
SQL: SELECT * FROM `pvinfo` WHERE ( id=1 )  [ RunTime:0.0004s ]
SQL: UPDATE `pvinfo` SET `pv`='2443' WHERE ( id=1 ) [ RunTime:0.0005s ]
INFO: [ view_parse ] --START--
INFO: [ template_filter ] --START--
INFO: Run Behavior\ContentReplaceBehavior [ RunTime:0.000040s ]
INFO: [ template_filter ] --END-- [ RunTime:0.000103s ]
INFO: Run Behavior\ParseTemplateBehavior [ RunTime:0.004791s ]
INFO: [ view_parse ] --END-- [ RunTime:0.004854s ]
INFO: [ view_filter ] --START--
INFO: Run Behavior\WriteHtmlCacheBehavior [ RunTime:0.001142s ]
INFO: [ view_filter ] --END-- [ RunTime:0.001199s ]
INFO: [ app_end ] --START--
INFO: Run Behavior\ShowPageTraceBehavior [ RunTime:0.001197s ]
INFO: [ app_end ] --END-- [ RunTime:0.001257s ]

[ 2017-09-09T21:18:30+08:00 ] 140.205.225.200 /
INFO: [ app_init ] --START--
INFO: Run Behavior\BuildLiteBehavior [ RunTime:0.000017s ]
INFO: [ app_init ] --END-- [ RunTime:0.000127s ]
INFO: [ app_begin ] --START--
INFO: Run Behavior\ReadHtmlCacheBehavior [ RunTime:0.001930s ]
INFO: [ app_begin ] --END-- [ RunTime:0.002060s ]
SQL: SHOW COLUMNS FROM `pvinfo` [ RunTime:0.0009s ]
SQL: SELECT * FROM `pvinfo` WHERE ( id=1 )  [ RunTime:0.0005s ]
SQL: UPDATE `pvinfo` SET `pv`='2444' WHERE ( id=1 ) [ RunTime:0.0005s ]
INFO: [ view_parse ] --START--
INFO: [ template_filter ] --START--
INFO: Run Behavior\ContentReplaceBehavior [ RunTime:0.000044s ]
INFO: [ template_filter ] --END-- [ RunTime:0.000114s ]
INFO: Run Behavior\ParseTemplateBehavior [ RunTime:0.004874s ]
INFO: [ view_parse ] --END-- [ RunTime:0.004946s ]
INFO: [ view_filter ] --START--
INFO: Run Behavior\WriteHtmlCacheBehavior [ RunTime:0.001158s ]
INFO: [ view_filter ] --END-- [ RunTime:0.001219s ]
INFO: [ app_end ] --START--
INFO: Run Behavior\ShowPageTraceBehavior [ RunTime:0.001148s ]
INFO: [ app_end ] --END-- [ RunTime:0.001208s ]

[ 2017-09-09T21:22:53+08:00 ] 140.205.225.200 /index.php
INFO: [ app_init ] --START--
INFO: Run Behavior\BuildLiteBehavior [ RunTime:0.000025s ]
INFO: [ app_init ] --END-- [ RunTime:0.000207s ]
INFO: [ app_begin ] --START--
INFO: Run Behavior\ReadHtmlCacheBehavior [ RunTime:0.001913s ]
INFO: [ app_begin ] --END-- [ RunTime:0.002055s ]
SQL: SHOW COLUMNS FROM `pvinfo` [ RunTime:0.0007s ]
SQL: SELECT * FROM `pvinfo` WHERE ( id=1 )  [ RunTime:0.0004s ]
SQL: UPDATE `pvinfo` SET `pv`='2445' WHERE ( id=1 ) [ RunTime:0.0005s ]
INFO: [ view_parse ] --START--
INFO: [ template_filter ] --START--
INFO: Run Behavior\ContentReplaceBehavior [ RunTime:0.000050s ]
INFO: [ template_filter ] --END-- [ RunTime:0.000131s ]
INFO: Run Behavior\ParseTemplateBehavior [ RunTime:0.005467s ]
INFO: [ view_parse ] --END-- [ RunTime:0.005535s ]
INFO: [ view_filter ] --START--
INFO: Run Behavior\WriteHtmlCacheBehavior [ RunTime:0.001265s ]
INFO: [ view_filter ] --END-- [ RunTime:0.001325s ]
INFO: [ app_end ] --START--
INFO: Run Behavior\ShowPageTraceBehavior [ RunTime:0.001281s ]
INFO: [ app_end ] --END-- [ RunTime:0.001342s ]

[ 2017-09-09T21:30:08+08:00 ] 140.205.225.200 /
INFO: [ app_init ] --START--
INFO: Run Behavior\BuildLiteBehavior [ RunTime:0.000017s ]
INFO: [ app_init ] --END-- [ RunTime:0.000134s ]
INFO: [ app_begin ] --START--
INFO: Run Behavior\ReadHtmlCacheBehavior [ RunTime:0.001188s ]
INFO: [ app_begin ] --END-- [ RunTime:0.001253s ]
SQL: SHOW COLUMNS FROM `pvinfo` [ RunTime:0.0007s ]
SQL: SELECT * FROM `pvinfo` WHERE ( id=1 )  [ RunTime:0.0004s ]
SQL: UPDATE `pvinfo` SET `pv`='2446' WHERE ( id=1 ) [ RunTime:0.0005s ]
INFO: [ view_parse ] --START--
INFO: [ template_filter ] --START--
INFO: Run Behavior\ContentReplaceBehavior [ RunTime:0.000048s ]
INFO: [ template_filter ] --END-- [ RunTime:0.000112s ]
INFO: Run Behavior\ParseTemplateBehavior [ RunTime:0.005011s ]
INFO: [ view_parse ] --END-- [ RunTime:0.005073s ]
INFO: [ view_filter ] --START--
INFO: Run Behavior\WriteHtmlCacheBehavior [ RunTime:0.001049s ]
INFO: [ view_filter ] --END-- [ RunTime:0.001107s ]
INFO: [ app_end ] --START--
INFO: Run Behavior\ShowPageTraceBehavior [ RunTime:0.001189s ]
INFO: [ app_end ] --END-- [ RunTime:0.001279s ]

[ 2017-09-09T21:34:50+08:00 ] 140.205.225.200 /
INFO: [ app_init ] --START--
INFO: Run Behavior\BuildLiteBehavior [ RunTime:0.000018s ]
INFO: [ app_init ] --END-- [ RunTime:0.000136s ]
INFO: [ app_begin ] --START--
INFO: Run Behavior\ReadHtmlCacheBehavior [ RunTime:0.001220s ]
INFO: [ app_begin ] --END-- [ RunTime:0.001289s ]
SQL: SHOW COLUMNS FROM `pvinfo` [ RunTime:0.0007s ]
SQL: SELECT * FROM `pvinfo` WHERE ( id=1 )  [ RunTime:0.0004s ]
SQL: UPDATE `pvinfo` SET `pv`='2447' WHERE ( id=1 ) [ RunTime:0.0005s ]
INFO: [ view_parse ] --START--
INFO: [ template_filter ] --START--
INFO: Run Behavior\ContentReplaceBehavior [ RunTime:0.000045s ]
INFO: [ template_filter ] --END-- [ RunTime:0.000108s ]
INFO: Run Behavior\ParseTemplateBehavior [ RunTime:0.004962s ]
INFO: [ view_parse ] --END-- [ RunTime:0.005026s ]
INFO: [ view_filter ] --START--
INFO: Run Behavior\WriteHtmlCacheBehavior [ RunTime:0.001195s ]
INFO: [ view_filter ] --END-- [ RunTime:0.001254s ]
INFO: [ app_end ] --START--
INFO: Run Behavior\ShowPageTraceBehavior [ RunTime:0.001228s ]
INFO: [ app_end ] --END-- [ RunTime:0.001290s ]

[ 2017-09-09T21:35:56+08:00 ] 140.205.225.200 /
INFO: [ app_init ] --START--
INFO: Run Behavior\BuildLiteBehavior [ RunTime:0.000019s ]
INFO: [ app_init ] --END-- [ RunTime:0.000139s ]
INFO: [ app_begin ] --START--
INFO: Run Behavior\ReadHtmlCacheBehavior [ RunTime:0.001115s ]
INFO: [ app_begin ] --END-- [ RunTime:0.001190s ]
SQL: SHOW COLUMNS FROM `pvinfo` [ RunTime:0.0007s ]
SQL: SELECT * FROM `pvinfo` WHERE ( id=1 )  [ RunTime:0.0004s ]
SQL: UPDATE `pvinfo` SET `pv`='2448' WHERE ( id=1 ) [ RunTime:0.0007s ]
INFO: [ view_parse ] --START--
INFO: [ template_filter ] --START--
INFO: Run Behavior\ContentReplaceBehavior [ RunTime:0.000043s ]
INFO: [ template_filter ] --END-- [ RunTime:0.000116s ]
INFO: Run Behavior\ParseTemplateBehavior [ RunTime:0.004700s ]
INFO: [ view_parse ] --END-- [ RunTime:0.004770s ]
INFO: [ view_filter ] --START--
INFO: Run Behavior\WriteHtmlCacheBehavior [ RunTime:0.001069s ]
INFO: [ view_filter ] --END-- [ RunTime:0.001126s ]
INFO: [ app_end ] --START--
INFO: Run Behavior\ShowPageTraceBehavior [ RunTime:0.001133s ]
INFO: [ app_end ] --END-- [ RunTime:0.001193s ]

[ 2017-09-09T21:50:20+08:00 ] 140.205.225.200 /
INFO: [ app_init ] --START--
INFO: Run Behavior\BuildLiteBehavior [ RunTime:0.000016s ]
INFO: [ app_init ] --END-- [ RunTime:0.000122s ]
INFO: [ app_begin ] --START--
INFO: Run Behavior\ReadHtmlCacheBehavior [ RunTime:0.001022s ]
INFO: [ app_begin ] --END-- [ RunTime:0.001088s ]
SQL: SHOW COLUMNS FROM `pvinfo` [ RunTime:0.0007s ]
SQL: SELECT * FROM `pvinfo` WHERE ( id=1 )  [ RunTime:0.0005s ]
SQL: UPDATE `pvinfo` SET `pv`='2449' WHERE ( id=1 ) [ RunTime:0.0005s ]
INFO: [ view_parse ] --START--
INFO: [ template_filter ] --START--
INFO: Run Behavior\ContentReplaceBehavior [ RunTime:0.000041s ]
INFO: [ template_filter ] --END-- [ RunTime:0.000103s ]
INFO: Run Behavior\ParseTemplateBehavior [ RunTime:0.004775s ]
INFO: [ view_parse ] --END-- [ RunTime:0.004851s ]
INFO: [ view_filter ] --START--
INFO: Run Behavior\WriteHtmlCacheBehavior [ RunTime:0.001146s ]
INFO: [ view_filter ] --END-- [ RunTime:0.001204s ]
INFO: [ app_end ] --START--
INFO: Run Behavior\ShowPageTraceBehavior [ RunTime:0.001190s ]
INFO: [ app_end ] --END-- [ RunTime:0.001249s ]

[ 2017-09-09T21:51:06+08:00 ] 140.205.225.200 /
INFO: [ app_init ] --START--
INFO: Run Behavior\BuildLiteBehavior [ RunTime:0.000017s ]
INFO: [ app_init ] --END-- [ RunTime:0.000124s ]
INFO: [ app_begin ] --START--
INFO: Run Behavior\ReadHtmlCacheBehavior [ RunTime:0.001196s ]
INFO: [ app_begin ] --END-- [ RunTime:0.001262s ]
SQL: SHOW COLUMNS FROM `pvinfo` [ RunTime:0.0007s ]
SQL: SELECT * FROM `pvinfo` WHERE ( id=1 )  [ RunTime:0.0004s ]
SQL: UPDATE `pvinfo` SET `pv`='2450' WHERE ( id=1 ) [ RunTime:0.0006s ]
INFO: [ view_parse ] --START--
INFO: [ template_filter ] --START--
INFO: Run Behavior\ContentReplaceBehavior [ RunTime:0.000041s ]
INFO: [ template_filter ] --END-- [ RunTime:0.000105s ]
INFO: Run Behavior\ParseTemplateBehavior [ RunTime:0.004861s ]
INFO: [ view_parse ] --END-- [ RunTime:0.004941s ]
INFO: [ view_filter ] --START--
INFO: Run Behavior\WriteHtmlCacheBehavior [ RunTime:0.001181s ]
INFO: [ view_filter ] --END-- [ RunTime:0.001239s ]
INFO: [ app_end ] --START--
INFO: Run Behavior\ShowPageTraceBehavior [ RunTime:0.001215s ]
INFO: [ app_end ] --END-- [ RunTime:0.001274s ]

[ 2017-09-09T21:51:10+08:00 ] 140.205.225.200 /
INFO: [ app_init ] --START--
INFO: Run Behavior\BuildLiteBehavior [ RunTime:0.000019s ]
INFO: [ app_init ] --END-- [ RunTime:0.000141s ]
INFO: [ app_begin ] --START--
INFO: Run Behavior\ReadHtmlCacheBehavior [ RunTime:0.001385s ]
INFO: [ app_begin ] --END-- [ RunTime:0.001470s ]
SQL: SHOW COLUMNS FROM `pvinfo` [ RunTime:0.0007s ]
SQL: SELECT * FROM `pvinfo` WHERE ( id=1 )  [ RunTime:0.0005s ]
SQL: UPDATE `pvinfo` SET `pv`='2451' WHERE ( id=1 ) [ RunTime:0.0005s ]
INFO: [ view_parse ] --START--
INFO: [ template_filter ] --START--
INFO: Run Behavior\ContentReplaceBehavior [ RunTime:0.000043s ]
INFO: [ template_filter ] --END-- [ RunTime:0.000119s ]
INFO: Run Behavior\ParseTemplateBehavior [ RunTime:0.004901s ]
INFO: [ view_parse ] --END-- [ RunTime:0.004967s ]
INFO: [ view_filter ] --START--
INFO: Run Behavior\WriteHtmlCacheBehavior [ RunTime:0.001225s ]
INFO: [ view_filter ] --END-- [ RunTime:0.001284s ]
INFO: [ app_end ] --START--
INFO: Run Behavior\ShowPageTraceBehavior [ RunTime:0.001253s ]
INFO: [ app_end ] --END-- [ RunTime:0.001322s ]

[ 2017-09-09T21:51:34+08:00 ] 140.205.225.200 /
INFO: [ app_init ] --START--
INFO: Run Behavior\BuildLiteBehavior [ RunTime:0.000017s ]
INFO: [ app_init ] --END-- [ RunTime:0.000126s ]
INFO: [ app_begin ] --START--
INFO: Run Behavior\ReadHtmlCacheBehavior [ RunTime:0.000972s ]
INFO: [ app_begin ] --END-- [ RunTime:0.001044s ]
SQL: SHOW COLUMNS FROM `pvinfo` [ RunTime:0.0007s ]
SQL: SELECT * FROM `pvinfo` WHERE ( id=1 )  [ RunTime:0.0005s ]
SQL: UPDATE `pvinfo` SET `pv`='2452' WHERE ( id=1 ) [ RunTime:0.0005s ]
INFO: [ view_parse ] --START--
INFO: [ template_filter ] --START--
INFO: Run Behavior\ContentReplaceBehavior [ RunTime:0.000056s ]
INFO: [ template_filter ] --END-- [ RunTime:0.000125s ]
INFO: Run Behavior\ParseTemplateBehavior [ RunTime:0.004845s ]
INFO: [ view_parse ] --END-- [ RunTime:0.004909s ]
INFO: [ view_filter ] --START--
INFO: Run Behavior\WriteHtmlCacheBehavior [ RunTime:0.001014s ]
INFO: [ view_filter ] --END-- [ RunTime:0.001072s ]
INFO: [ app_end ] --START--
INFO: Run Behavior\ShowPageTraceBehavior [ RunTime:0.001124s ]
INFO: [ app_end ] --END-- [ RunTime:0.001183s ]

[ 2017-09-09T21:51:42+08:00 ] 140.205.225.200 /
INFO: [ app_init ] --START--
INFO: Run Behavior\BuildLiteBehavior [ RunTime:0.000017s ]
INFO: [ app_init ] --END-- [ RunTime:0.000124s ]
INFO: [ app_begin ] --START--
INFO: Run Behavior\ReadHtmlCacheBehavior [ RunTime:0.001097s ]
INFO: [ app_begin ] --END-- [ RunTime:0.001163s ]
SQL: SHOW COLUMNS FROM `pvinfo` [ RunTime:0.0007s ]
SQL: SELECT * FROM `pvinfo` WHERE ( id=1 )  [ RunTime:0.0005s ]
SQL: UPDATE `pvinfo` SET `pv`='2453' WHERE ( id=1 ) [ RunTime:0.0005s ]
INFO: [ view_parse ] --START--
INFO: [ template_filter ] --START--
INFO: Run Behavior\ContentReplaceBehavior [ RunTime:0.000043s ]
INFO: [ template_filter ] --END-- [ RunTime:0.000107s ]
INFO: Run Behavior\ParseTemplateBehavior [ RunTime:0.004813s ]
INFO: [ view_parse ] --END-- [ RunTime:0.004886s ]
INFO: [ view_filter ] --START--
INFO: Run Behavior\WriteHtmlCacheBehavior [ RunTime:0.001084s ]
INFO: [ view_filter ] --END-- [ RunTime:0.001141s ]
INFO: [ app_end ] --START--
INFO: Run Behavior\ShowPageTraceBehavior [ RunTime:0.001137s ]
INFO: [ app_end ] --END-- [ RunTime:0.001196s ]

[ 2017-09-09T21:51:43+08:00 ] 140.205.225.200 /
INFO: [ app_init ] --START--
INFO: Run Behavior\BuildLiteBehavior [ RunTime:0.000017s ]
INFO: [ app_init ] --END-- [ RunTime:0.000127s ]
INFO: [ app_begin ] --START--
INFO: Run Behavior\ReadHtmlCacheBehavior [ RunTime:0.001154s ]
INFO: [ app_begin ] --END-- [ RunTime:0.001219s ]
SQL: SHOW COLUMNS FROM `pvinfo` [ RunTime:0.0008s ]
SQL: SELECT * FROM `pvinfo` WHERE ( id=1 )  [ RunTime:0.0006s ]
SQL: UPDATE `pvinfo` SET `pv`='2454' WHERE ( id=1 ) [ RunTime:0.0006s ]
INFO: [ view_parse ] --START--
INFO: [ template_filter ] --START--
INFO: Run Behavior\ContentReplaceBehavior [ RunTime:0.000043s ]
INFO: [ template_filter ] --END-- [ RunTime:0.000108s ]
INFO: Run Behavior\ParseTemplateBehavior [ RunTime:0.004906s ]
INFO: [ view_parse ] --END-- [ RunTime:0.004969s ]
INFO: [ view_filter ] --START--
INFO: Run Behavior\WriteHtmlCacheBehavior [ RunTime:0.000988s ]
INFO: [ view_filter ] --END-- [ RunTime:0.001046s ]
INFO: [ app_end ] --START--
INFO: Run Behavior\ShowPageTraceBehavior [ RunTime:0.001163s ]
INFO: [ app_end ] --END-- [ RunTime:0.001222s ]

