[ 2017-09-03T00:06:34+08:00 ] 71.6.158.166 /robots.txt
INFO: [ app_init ] --START--
INFO: Run Behavior\BuildLiteBehavior [ RunTime:0.000016s ]
INFO: [ app_init ] --END-- [ RunTime:0.000121s ]
ERR: 无法加载模块:Robots

[ 2017-09-03T00:06:34+08:00 ] 71.6.158.166 /sitemap.xml
INFO: [ app_init ] --START--
INFO: Run Behavior\BuildLiteBehavior [ RunTime:0.000016s ]
INFO: [ app_init ] --END-- [ RunTime:0.000129s ]
ERR: 无法加载模块:Sitemap

[ 2017-09-03T02:21:36+08:00 ] 123.125.21.181 /check_user.cgi
INFO: [ app_init ] --START--
INFO: Run Behavior\BuildLiteBehavior [ RunTime:0.000017s ]
INFO: [ app_init ] --END-- [ RunTime:0.000127s ]
ERR: 无法加载模块:Check_user

[ 2017-09-03T02:21:36+08:00 ] 123.125.21.181 /PSIA/Custom/SelfExt/userCheck
INFO: [ app_init ] --START--
INFO: Run Behavior\BuildLiteBehavior [ RunTime:0.000015s ]
INFO: [ app_init ] --END-- [ RunTime:0.000118s ]
ERR: 无法加载模块:PSIA

[ 2017-09-03T02:21:36+08:00 ] 123.125.21.181 /loginAction!login.action
INFO: [ app_init ] --START--
INFO: Run Behavior\BuildLiteBehavior [ RunTime:0.000015s ]
INFO: [ app_init ] --END-- [ RunTime:0.000109s ]
ERR: 无法加载模块:LoginAction!login

[ 2017-09-03T02:21:36+08:00 ] 123.125.21.181 /index.htm?url=http%3A%2F%2F106.14.147.16%2Findex.htm&ipaddress=192.0.0.12&accessright=1&username=admin&password=12345&localport=8000&login=Login
INFO: [ app_init ] --START--
INFO: Run Behavior\BuildLiteBehavior [ RunTime:0.000017s ]
INFO: [ app_init ] --END-- [ RunTime:0.000116s ]
ERR: 无法加载模块:Index

[ 2017-09-03T02:21:36+08:00 ] 123.125.21.181 /ISAPI/Security/sessionLogin/capabilities
INFO: [ app_init ] --START--
INFO: Run Behavior\BuildLiteBehavior [ RunTime:0.000015s ]
INFO: [ app_init ] --END-- [ RunTime:0.000139s ]
ERR: 无法加载模块:ISAPI

[ 2017-09-03T02:21:36+08:00 ] 123.125.21.181 /ISAPI/Security/userCheck?timeStamp=1504376496666
INFO: [ app_init ] --START--
INFO: Run Behavior\BuildLiteBehavior [ RunTime:0.000014s ]
INFO: [ app_init ] --END-- [ RunTime:0.000106s ]
ERR: 无法加载模块:ISAPI

[ 2017-09-03T02:21:36+08:00 ] 123.125.21.181 /Easy4IpPcWeb/loginForm
INFO: [ app_init ] --START--
INFO: Run Behavior\BuildLiteBehavior [ RunTime:0.000014s ]
INFO: [ app_init ] --END-- [ RunTime:0.000106s ]
ERR: 无法加载模块:Easy4IpPcWeb

[ 2017-09-03T02:21:36+08:00 ] 123.125.21.181 /RPC2_Login
INFO: [ app_init ] --START--
INFO: Run Behavior\BuildLiteBehavior [ RunTime:0.000014s ]
INFO: [ app_init ] --END-- [ RunTime:0.000105s ]
ERR: 无法加载模块:RPC2_Login

[ 2017-09-03T02:21:36+08:00 ] 123.125.21.181 /html/main/login.html
INFO: [ app_init ] --START--
INFO: Run Behavior\BuildLiteBehavior [ RunTime:0.000014s ]
INFO: [ app_init ] --END-- [ RunTime:0.000106s ]
ERR: 无法加载模块:Html

[ 2017-09-03T02:21:37+08:00 ] 123.125.21.181 /a_callingindex.htm
INFO: [ app_init ] --START--
INFO: Run Behavior\BuildLiteBehavior [ RunTime:0.000015s ]
INFO: [ app_init ] --END-- [ RunTime:0.000106s ]
ERR: 无法加载模块:A_callingindex

[ 2017-09-03T02:21:37+08:00 ] 123.125.21.181 /view/view.shtml?videos=
INFO: [ app_init ] --START--
INFO: Run Behavior\BuildLiteBehavior [ RunTime:0.000020s ]
INFO: [ app_init ] --END-- [ RunTime:0.000171s ]
ERR: 无法加载模块:View

[ 2017-09-03T02:21:37+08:00 ] 123.125.21.181 /doc/page/home_basic.asp?1504376497666
INFO: [ app_init ] --START--
INFO: Run Behavior\BuildLiteBehavior [ RunTime:0.000015s ]
INFO: [ app_init ] --END-- [ RunTime:0.000105s ]
ERR: 无法加载模块:Doc

[ 2017-09-03T02:21:37+08:00 ] 123.125.21.181 /eng/liveView.cgi
INFO: [ app_init ] --START--
INFO: Run Behavior\BuildLiteBehavior [ RunTime:0.000015s ]
INFO: [ app_init ] --END-- [ RunTime:0.000102s ]
ERR: 无法加载模块:Eng

[ 2017-09-03T02:21:37+08:00 ] 123.125.21.181 /indexFrame.html
INFO: [ app_init ] --START--
INFO: Run Behavior\BuildLiteBehavior [ RunTime:0.000019s ]
INFO: [ app_init ] --END-- [ RunTime:0.000137s ]
ERR: 无法加载模块:IndexFrame

[ 2017-09-03T02:21:37+08:00 ] 123.125.21.181 /login.xml?user=admin&usr=admin&password=admin&pwd=admin
INFO: [ app_init ] --START--
INFO: Run Behavior\BuildLiteBehavior [ RunTime:0.000017s ]
INFO: [ app_init ] --END-- [ RunTime:0.000115s ]
ERR: 无法加载模块:Login

[ 2017-09-03T02:21:37+08:00 ] 123.125.21.181 /top.htm?Currenttime=2017-09-03%2002:21:37
INFO: [ app_init ] --START--
INFO: Run Behavior\BuildLiteBehavior [ RunTime:0.000016s ]
INFO: [ app_init ] --END-- [ RunTime:0.000117s ]
ERR: 无法加载模块:Top

[ 2017-09-03T02:21:38+08:00 ] 123.125.21.181 /STSSYS.HTM
INFO: [ app_init ] --START--
INFO: Run Behavior\BuildLiteBehavior [ RunTime:0.000016s ]
INFO: [ app_init ] --END-- [ RunTime:0.000106s ]
ERR: 无法加载模块:STSSYS

[ 2017-09-03T02:21:38+08:00 ] 123.125.21.181 /settings/night_vision_gain?set=9.00
INFO: [ app_init ] --START--
INFO: Run Behavior\BuildLiteBehavior [ RunTime:0.000014s ]
INFO: [ app_init ] --END-- [ RunTime:0.003551s ]
ERR: 无法加载模块:Settings

[ 2017-09-03T02:21:38+08:00 ] 123.125.21.181 /admin/view.cgi?profile=2
INFO: [ app_init ] --START--
INFO: Run Behavior\BuildLiteBehavior [ RunTime:0.000017s ]
INFO: [ app_init ] --END-- [ RunTime:0.000125s ]
ERR: 无法加载模块:Admin

[ 2017-09-03T03:06:27+08:00 ] 5.178.86.74 http://check.best-proxies.ru/azenv.php?auth=150437918753&a=PSCN&i=1779340048&p=80
INFO: [ app_init ] --START--
INFO: Run Behavior\BuildLiteBehavior [ RunTime:0.000016s ]
INFO: [ app_init ] --END-- [ RunTime:0.000123s ]
ERR: 无法加载模块:Azenv

[ 2017-09-03T03:49:42+08:00 ] 171.34.218.169 http://www.rfa.org/english/
INFO: [ app_init ] --START--
INFO: Run Behavior\BuildLiteBehavior [ RunTime:0.000014s ]
INFO: [ app_init ] --END-- [ RunTime:0.000103s ]
ERR: 无法加载模块:English

[ 2017-09-03T04:37:46+08:00 ] 191.181.210.240 /hndUnblock.cgi
INFO: [ app_init ] --START--
INFO: Run Behavior\BuildLiteBehavior [ RunTime:0.000020s ]
INFO: [ app_init ] --END-- [ RunTime:0.000152s ]
ERR: 无法加载模块:HndUnblock

[ 2017-09-03T04:37:50+08:00 ] 191.181.210.240 /tmUnblock.cgi
INFO: [ app_init ] --START--
INFO: Run Behavior\BuildLiteBehavior [ RunTime:0.000018s ]
INFO: [ app_init ] --END-- [ RunTime:0.000136s ]
ERR: 无法加载模块:TmUnblock

[ 2017-09-03T04:37:53+08:00 ] 191.181.210.240 /moo
INFO: [ app_init ] --START--
INFO: Run Behavior\BuildLiteBehavior [ RunTime:0.000017s ]
INFO: [ app_init ] --END-- [ RunTime:0.000125s ]
ERR: 无法加载模块:Moo

[ 2017-09-03T08:33:56+08:00 ] 95.213.187.189 http://check.best-proxies.ru/azenv.php?auth=150439883663&a=PSCN&i=1779340048&p=80
INFO: [ app_init ] --START--
INFO: Run Behavior\BuildLiteBehavior [ RunTime:0.000017s ]
INFO: [ app_init ] --END-- [ RunTime:0.000126s ]
ERR: 无法加载模块:Azenv

[ 2017-09-03T14:15:03+08:00 ] 5.178.86.75 http://check.best-proxies.ru/azenv.php?auth=150441930393&a=PSCN&i=1779340048&p=80
INFO: [ app_init ] --START--
INFO: Run Behavior\BuildLiteBehavior [ RunTime:0.000018s ]
INFO: [ app_init ] --END-- [ RunTime:0.000140s ]
ERR: 无法加载模块:Azenv

[ 2017-09-03T15:56:38+08:00 ] 42.122.220.245 http://www.rfa.org/english/
INFO: [ app_init ] --START--
INFO: Run Behavior\BuildLiteBehavior [ RunTime:0.000017s ]
INFO: [ app_init ] --END-- [ RunTime:0.000111s ]
ERR: 无法加载模块:English

[ 2017-09-03T16:26:26+08:00 ] 209.66.128.10 /muieblackcat
INFO: [ app_init ] --START--
INFO: Run Behavior\BuildLiteBehavior [ RunTime:0.000017s ]
INFO: [ app_init ] --END-- [ RunTime:0.000128s ]
ERR: 无法加载模块:Muieblackcat

[ 2017-09-03T16:26:27+08:00 ] 209.66.128.10 //phpmyadmin/scripts/setup.php
INFO: [ app_init ] --START--
INFO: Run Behavior\BuildLiteBehavior [ RunTime:0.000018s ]
INFO: [ app_init ] --END-- [ RunTime:0.000136s ]
ERR: 无法加载模块:Phpmyadmin

[ 2017-09-03T16:26:27+08:00 ] 209.66.128.10 //phpMyAdmin/scripts/setup.php
INFO: [ app_init ] --START--
INFO: Run Behavior\BuildLiteBehavior [ RunTime:0.000016s ]
INFO: [ app_init ] --END-- [ RunTime:0.000125s ]
ERR: 无法加载模块:PhpMyAdmin

[ 2017-09-03T16:26:28+08:00 ] 209.66.128.10 //mysqladmin/scripts/setup.php
INFO: [ app_init ] --START--
INFO: Run Behavior\BuildLiteBehavior [ RunTime:0.000017s ]
INFO: [ app_init ] --END-- [ RunTime:0.000158s ]
ERR: 无法加载模块:Mysqladmin

[ 2017-09-03T20:39:41+08:00 ] 139.162.88.63 http://clientapi.ipip.net/echo.php?info=1234567890
INFO: [ app_init ] --START--
INFO: Run Behavior\BuildLiteBehavior [ RunTime:0.000018s ]
INFO: [ app_init ] --END-- [ RunTime:0.000144s ]
ERR: 无法加载模块:Echo

