[ 2017-09-23T10:22:39+08:00 ] 140.205.225.205 /phpmyadmin/
INFO: [ app_init ] --START--
INFO: Run Behavior\BuildLiteBehavior [ RunTime:0.000019s ]
INFO: [ app_init ] --END-- [ RunTime:0.000142s ]
ERR: 无法加载模块:Phpmyadmin

[ 2017-09-23T10:22:39+08:00 ] 140.205.225.205 /phpmyadmin/
INFO: [ app_init ] --START--
INFO: Run Behavior\BuildLiteBehavior [ RunTime:0.000015s ]
INFO: [ app_init ] --END-- [ RunTime:0.000107s ]
ERR: 无法加载模块:Phpmyadmin

[ 2017-09-23T10:22:39+08:00 ] 140.205.225.205 /phpmyadmin/
INFO: [ app_init ] --START--
INFO: Run Behavior\BuildLiteBehavior [ RunTime:0.000015s ]
INFO: [ app_init ] --END-- [ RunTime:0.000122s ]
ERR: 无法加载模块:Phpmyadmin

[ 2017-09-23T10:22:39+08:00 ] 140.205.225.205 /phpmyadmin/
INFO: [ app_init ] --START--
INFO: Run Behavior\BuildLiteBehavior [ RunTime:0.000018s ]
INFO: [ app_init ] --END-- [ RunTime:0.000115s ]
ERR: 无法加载模块:Phpmyadmin

[ 2017-09-23T10:22:39+08:00 ] 140.205.225.205 /phpmyadmin/
INFO: [ app_init ] --START--
INFO: Run Behavior\BuildLiteBehavior [ RunTime:0.000018s ]
INFO: [ app_init ] --END-- [ RunTime:0.000124s ]
ERR: 无法加载模块:Phpmyadmin

[ 2017-09-23T10:22:39+08:00 ] 140.205.225.205 /phpmyadmin/
INFO: [ app_init ] --START--
INFO: Run Behavior\BuildLiteBehavior [ RunTime:0.000015s ]
INFO: [ app_init ] --END-- [ RunTime:0.000103s ]
ERR: 无法加载模块:Phpmyadmin

[ 2017-09-23T10:22:39+08:00 ] 140.205.225.205 /phpmyadmin/
INFO: [ app_init ] --START--
INFO: Run Behavior\BuildLiteBehavior [ RunTime:0.000015s ]
INFO: [ app_init ] --END-- [ RunTime:0.000106s ]
ERR: 无法加载模块:Phpmyadmin

[ 2017-09-23T10:22:39+08:00 ] 140.205.225.205 /phpmyadmin/
INFO: [ app_init ] --START--
INFO: Run Behavior\BuildLiteBehavior [ RunTime:0.000015s ]
INFO: [ app_init ] --END-- [ RunTime:0.000109s ]
ERR: 无法加载模块:Phpmyadmin

[ 2017-09-23T10:22:39+08:00 ] 140.205.225.205 /phpmyadmin/
INFO: [ app_init ] --START--
INFO: Run Behavior\BuildLiteBehavior [ RunTime:0.000014s ]
INFO: [ app_init ] --END-- [ RunTime:0.000107s ]
ERR: 无法加载模块:Phpmyadmin

[ 2017-09-23T10:22:39+08:00 ] 140.205.225.205 /phpmyadmin/
INFO: [ app_init ] --START--
INFO: Run Behavior\BuildLiteBehavior [ RunTime:0.000014s ]
INFO: [ app_init ] --END-- [ RunTime:0.000102s ]
ERR: 无法加载模块:Phpmyadmin

[ 2017-09-23T10:22:39+08:00 ] 140.205.225.205 /phpmyadmin/
INFO: [ app_init ] --START--
INFO: Run Behavior\BuildLiteBehavior [ RunTime:0.000015s ]
INFO: [ app_init ] --END-- [ RunTime:0.000103s ]
ERR: 无法加载模块:Phpmyadmin

[ 2017-09-23T10:22:39+08:00 ] 140.205.225.205 /phpmyadmin/
INFO: [ app_init ] --START--
INFO: Run Behavior\BuildLiteBehavior [ RunTime:0.000014s ]
INFO: [ app_init ] --END-- [ RunTime:0.000101s ]
ERR: 无法加载模块:Phpmyadmin

[ 2017-09-23T10:22:39+08:00 ] 140.205.225.205 /phpmyadmin/
INFO: [ app_init ] --START--
INFO: Run Behavior\BuildLiteBehavior [ RunTime:0.000013s ]
INFO: [ app_init ] --END-- [ RunTime:0.000099s ]
ERR: 无法加载模块:Phpmyadmin

[ 2017-09-23T10:22:39+08:00 ] 140.205.225.205 /phpmyadmin/
INFO: [ app_init ] --START--
INFO: Run Behavior\BuildLiteBehavior [ RunTime:0.000017s ]
INFO: [ app_init ] --END-- [ RunTime:0.000112s ]
ERR: 无法加载模块:Phpmyadmin

[ 2017-09-23T10:22:39+08:00 ] 140.205.225.205 /phpmyadmin/
INFO: [ app_init ] --START--
INFO: Run Behavior\BuildLiteBehavior [ RunTime:0.000016s ]
INFO: [ app_init ] --END-- [ RunTime:0.000104s ]
ERR: 无法加载模块:Phpmyadmin

[ 2017-09-23T10:22:39+08:00 ] 140.205.225.205 /phpmyadmin/
INFO: [ app_init ] --START--
INFO: Run Behavior\BuildLiteBehavior [ RunTime:0.000014s ]
INFO: [ app_init ] --END-- [ RunTime:0.000101s ]
ERR: 无法加载模块:Phpmyadmin

[ 2017-09-23T10:22:39+08:00 ] 140.205.225.205 /phpmyadmin/
INFO: [ app_init ] --START--
INFO: Run Behavior\BuildLiteBehavior [ RunTime:0.000014s ]
INFO: [ app_init ] --END-- [ RunTime:0.000100s ]
ERR: 无法加载模块:Phpmyadmin

[ 2017-09-23T10:22:39+08:00 ] 140.205.225.205 /phpmyadmin/
INFO: [ app_init ] --START--
INFO: Run Behavior\BuildLiteBehavior [ RunTime:0.000014s ]
INFO: [ app_init ] --END-- [ RunTime:0.000098s ]
ERR: 无法加载模块:Phpmyadmin

[ 2017-09-23T10:22:39+08:00 ] 140.205.225.205 /phpmyadmin/
INFO: [ app_init ] --START--
INFO: Run Behavior\BuildLiteBehavior [ RunTime:0.000015s ]
INFO: [ app_init ] --END-- [ RunTime:0.000103s ]
ERR: 无法加载模块:Phpmyadmin

[ 2017-09-23T10:22:39+08:00 ] 140.205.225.205 /phpmyadmin/
INFO: [ app_init ] --START--
INFO: Run Behavior\BuildLiteBehavior [ RunTime:0.000013s ]
INFO: [ app_init ] --END-- [ RunTime:0.000100s ]
ERR: 无法加载模块:Phpmyadmin

[ 2017-09-23T10:24:47+08:00 ] 140.205.225.205 /showcase/integration/saveGangster.action
INFO: [ app_init ] --START--
INFO: Run Behavior\BuildLiteBehavior [ RunTime:0.000016s ]
INFO: [ app_init ] --END-- [ RunTime:0.000124s ]
ERR: 无法加载模块:Showcase

[ 2017-09-23T10:24:47+08:00 ] 140.205.225.205 /struts2-showcase/integration/saveGangster.action
INFO: [ app_init ] --START--
INFO: Run Behavior\BuildLiteBehavior [ RunTime:0.000015s ]
INFO: [ app_init ] --END-- [ RunTime:0.000116s ]
ERR: 无法加载模块:Struts2-showcase

[ 2017-09-23T10:24:47+08:00 ] 140.205.225.205 /integration/saveGangster.action
INFO: [ app_init ] --START--
INFO: Run Behavior\BuildLiteBehavior [ RunTime:0.000014s ]
INFO: [ app_init ] --END-- [ RunTime:0.000106s ]
ERR: 无法加载模块:Integration

[ 2017-09-23T10:25:13+08:00 ] 140.205.225.205 /master-status
INFO: [ app_init ] --START--
INFO: Run Behavior\BuildLiteBehavior [ RunTime:0.000019s ]
INFO: [ app_init ] --END-- [ RunTime:0.000141s ]
ERR: 无法加载模块:Master-status

[ 2017-09-23T10:26:14+08:00 ] 140.205.225.205 /wp-json/wp/v2/posts
INFO: [ app_init ] --START--
INFO: Run Behavior\BuildLiteBehavior [ RunTime:0.000015s ]
INFO: [ app_init ] --END-- [ RunTime:0.000105s ]
ERR: 无法加载模块:Wp-json

[ 2017-09-23T10:26:25+08:00 ] 140.205.225.205 /rs-status
INFO: [ app_init ] --START--
INFO: Run Behavior\BuildLiteBehavior [ RunTime:0.000016s ]
INFO: [ app_init ] --END-- [ RunTime:0.000127s ]
ERR: 无法加载模块:Rs-status

[ 2017-09-23T10:26:52+08:00 ] 140.205.225.205 /ganglia/index.php
INFO: [ app_init ] --START--
INFO: Run Behavior\BuildLiteBehavior [ RunTime:0.000017s ]
INFO: [ app_init ] --END-- [ RunTime:0.000139s ]
ERR: 无法加载模块:Ganglia

[ 2017-09-23T10:28:37+08:00 ] 140.205.225.205 /jobs/
INFO: [ app_init ] --START--
INFO: Run Behavior\BuildLiteBehavior [ RunTime:0.000017s ]
INFO: [ app_init ] --END-- [ RunTime:0.000134s ]
ERR: 无法加载模块:Jobs

[ 2017-09-23T10:30:08+08:00 ] 140.205.225.205 /poqrlktewacv
INFO: [ app_init ] --START--
INFO: Run Behavior\BuildLiteBehavior [ RunTime:0.000019s ]
INFO: [ app_init ] --END-- [ RunTime:0.000134s ]
ERR: 无法加载模块:Poqrlktewacv

[ 2017-09-23T10:30:08+08:00 ] 140.205.225.205 /poqrlktewacv
INFO: [ app_init ] --START--
INFO: Run Behavior\BuildLiteBehavior [ RunTime:0.000015s ]
INFO: [ app_init ] --END-- [ RunTime:0.000105s ]
ERR: 无法加载模块:Poqrlktewacv

[ 2017-09-23T10:30:08+08:00 ] 140.205.225.205 /poqrlktewacv
INFO: [ app_init ] --START--
INFO: Run Behavior\BuildLiteBehavior [ RunTime:0.000014s ]
INFO: [ app_init ] --END-- [ RunTime:0.000112s ]
ERR: 无法加载模块:Poqrlktewacv

[ 2017-09-23T10:32:09+08:00 ] 140.205.225.205 /hwi/
INFO: [ app_init ] --START--
INFO: Run Behavior\BuildLiteBehavior [ RunTime:0.000033s ]
INFO: [ app_init ] --END-- [ RunTime:0.000154s ]
ERR: 无法加载模块:Hwi

[ 2017-09-23T10:37:43+08:00 ] 140.205.225.205 /dfshealth.html
INFO: [ app_init ] --START--
INFO: Run Behavior\BuildLiteBehavior [ RunTime:0.000049s ]
INFO: [ app_init ] --END-- [ RunTime:0.000161s ]
ERR: 无法加载模块:Dfshealth

[ 2017-09-23T10:39:51+08:00 ] 140.205.225.205 /struts2-showcase/integration/saveGangster.action
INFO: [ app_init ] --START--
INFO: Run Behavior\BuildLiteBehavior [ RunTime:0.000019s ]
INFO: [ app_init ] --END-- [ RunTime:0.000138s ]
ERR: 无法加载模块:Struts2-showcase

[ 2017-09-23T10:40:13+08:00 ] 140.205.225.205 /clusters.jsf
INFO: [ app_init ] --START--
INFO: Run Behavior\BuildLiteBehavior [ RunTime:0.000017s ]
INFO: [ app_init ] --END-- [ RunTime:0.000129s ]
ERR: 无法加载模块:Clusters

[ 2017-09-23T10:40:18+08:00 ] 140.205.225.205 /info
INFO: [ app_init ] --START--
INFO: Run Behavior\BuildLiteBehavior [ RunTime:0.000016s ]
INFO: [ app_init ] --END-- [ RunTime:0.000141s ]
ERR: 无法加载模块:Info

[ 2017-09-23T10:41:31+08:00 ] 140.205.225.205 /jenkins/
INFO: [ app_init ] --START--
INFO: Run Behavior\BuildLiteBehavior [ RunTime:0.000025s ]
INFO: [ app_init ] --END-- [ RunTime:0.000144s ]
ERR: 无法加载模块:Jenkins

[ 2017-09-23T10:41:47+08:00 ] 140.205.225.205 /zabbix/
INFO: [ app_init ] --START--
INFO: Run Behavior\BuildLiteBehavior [ RunTime:0.000018s ]
INFO: [ app_init ] --END-- [ RunTime:0.000145s ]
ERR: 无法加载模块:Zabbix

[ 2017-09-23T10:41:51+08:00 ] 140.205.225.205 /solr/
INFO: [ app_init ] --START--
INFO: Run Behavior\BuildLiteBehavior [ RunTime:0.000017s ]
INFO: [ app_init ] --END-- [ RunTime:0.000126s ]
ERR: 无法加载模块:Solr

[ 2017-09-23T10:42:08+08:00 ] 140.205.225.205 /about/
INFO: [ app_init ] --START--
INFO: Run Behavior\BuildLiteBehavior [ RunTime:0.000017s ]
INFO: [ app_init ] --END-- [ RunTime:0.000131s ]
ERR: 无法加载模块:About

[ 2017-09-23T10:42:24+08:00 ] 140.205.225.205 /warning
INFO: [ app_init ] --START--
INFO: Run Behavior\BuildLiteBehavior [ RunTime:0.000017s ]
INFO: [ app_init ] --END-- [ RunTime:0.000128s ]
ERR: 无法加载模块:Warning

[ 2017-09-23T10:42:48+08:00 ] 140.205.225.205 /pleasereadthis
INFO: [ app_init ] --START--
INFO: Run Behavior\BuildLiteBehavior [ RunTime:0.000022s ]
INFO: [ app_init ] --END-- [ RunTime:0.000155s ]
ERR: 无法加载模块:Pleasereadthis

[ 2017-09-23T10:42:54+08:00 ] 140.205.225.205 /please_read/_search
INFO: [ app_init ] --START--
INFO: Run Behavior\BuildLiteBehavior [ RunTime:0.000020s ]
INFO: [ app_init ] --END-- [ RunTime:0.000161s ]
ERR: 无法加载模块:Please_read

[ 2017-09-23T10:42:58+08:00 ] 140.205.225.205 /dfshealth.jsp
INFO: [ app_init ] --START--
INFO: Run Behavior\BuildLiteBehavior [ RunTime:0.000021s ]
INFO: [ app_init ] --END-- [ RunTime:0.000147s ]
ERR: 无法加载模块:Dfshealth

[ 2017-09-23T10:42:58+08:00 ] 140.205.225.205 /hadoop/dfshealth.jsp
INFO: [ app_init ] --START--
INFO: Run Behavior\BuildLiteBehavior [ RunTime:0.000021s ]
INFO: [ app_init ] --END-- [ RunTime:0.000152s ]
ERR: 无法加载模块:Hadoop

[ 2017-09-23T15:33:35+08:00 ] 180.97.30.196 /phpMyAdmin/favicon.ico
INFO: [ app_init ] --START--
INFO: Run Behavior\BuildLiteBehavior [ RunTime:0.000031s ]
INFO: [ app_init ] --END-- [ RunTime:0.000129s ]
ERR: 无法加载模块:PhpMyAdmin

[ 2017-09-23T15:33:35+08:00 ] 180.97.30.196 /phpmyadmin/index.php
INFO: [ app_init ] --START--
INFO: Run Behavior\BuildLiteBehavior [ RunTime:0.000019s ]
INFO: [ app_init ] --END-- [ RunTime:0.000142s ]
ERR: 无法加载模块:Phpmyadmin

[ 2017-09-23T15:33:35+08:00 ] 180.97.30.196 /sql/index.php
INFO: [ app_init ] --START--
INFO: Run Behavior\BuildLiteBehavior [ RunTime:0.000017s ]
INFO: [ app_init ] --END-- [ RunTime:0.000127s ]
ERR: 无法加载模块:Sql

[ 2017-09-23T15:33:35+08:00 ] 180.97.30.196 /phpmyadminall/favicon.ico
INFO: [ app_init ] --START--
INFO: Run Behavior\BuildLiteBehavior [ RunTime:0.000018s ]
INFO: [ app_init ] --END-- [ RunTime:0.000132s ]
ERR: 无法加载模块:Phpmyadminall

[ 2017-09-23T15:33:35+08:00 ] 180.97.30.196 /pmd/index.php
INFO: [ app_init ] --START--
INFO: Run Behavior\BuildLiteBehavior [ RunTime:0.000016s ]
INFO: [ app_init ] --END-- [ RunTime:0.000126s ]
ERR: 无法加载模块:Pmd

[ 2017-09-23T15:33:35+08:00 ] 180.97.30.196 /pma/favicon.ico
INFO: [ app_init ] --START--
INFO: Run Behavior\BuildLiteBehavior [ RunTime:0.000016s ]
INFO: [ app_init ] --END-- [ RunTime:0.000103s ]
ERR: 无法加载模块:Pma

[ 2017-09-23T15:33:35+08:00 ] 180.97.30.196 /pmu/favicon.ico
INFO: [ app_init ] --START--
INFO: Run Behavior\BuildLiteBehavior [ RunTime:0.000015s ]
INFO: [ app_init ] --END-- [ RunTime:0.000103s ]
ERR: 无法加载模块:Pmu

[ 2017-09-23T15:33:35+08:00 ] 180.97.30.196 /diguo/images/logo.jpg
INFO: [ app_init ] --START--
INFO: Run Behavior\BuildLiteBehavior [ RunTime:0.000015s ]
INFO: [ app_init ] --END-- [ RunTime:0.000109s ]
ERR: 无法加载模块:Diguo

[ 2017-09-23T15:33:35+08:00 ] 180.97.30.196 /mysql/favicon.ico
INFO: [ app_init ] --START--
INFO: Run Behavior\BuildLiteBehavior [ RunTime:0.000019s ]
INFO: [ app_init ] --END-- [ RunTime:0.000120s ]
ERR: 无法加载模块:Mysql

[ 2017-09-23T15:33:35+08:00 ] 180.97.30.196 /pmy/favicon.ico
INFO: [ app_init ] --START--
INFO: Run Behavior\BuildLiteBehavior [ RunTime:0.000016s ]
INFO: [ app_init ] --END-- [ RunTime:0.000123s ]
ERR: 无法加载模块:Pmy

[ 2017-09-23T15:33:35+08:00 ] 180.97.30.196 /beifen/images/logo.jpg
INFO: [ app_init ] --START--
INFO: Run Behavior\BuildLiteBehavior [ RunTime:0.000020s ]
INFO: [ app_init ] --END-- [ RunTime:0.000157s ]
ERR: 无法加载模块:Beifen

[ 2017-09-23T15:33:36+08:00 ] 180.97.30.196 /dgbf/images/logo.jpg
INFO: [ app_init ] --START--
INFO: Run Behavior\BuildLiteBehavior [ RunTime:0.000018s ]
INFO: [ app_init ] --END-- [ RunTime:0.003158s ]
ERR: 无法加载模块:Dgbf

[ 2017-09-23T15:33:36+08:00 ] 180.97.30.196 /ebak/images/logo.jpg
INFO: [ app_init ] --START--
INFO: Run Behavior\BuildLiteBehavior [ RunTime:0.000020s ]
INFO: [ app_init ] --END-- [ RunTime:0.000145s ]
ERR: 无法加载模块:Ebak

[ 2017-09-23T15:49:04+08:00 ] 80.82.78.38 http://www.baidu.com/cache/global/img/gs.gif
INFO: [ app_init ] --START--
INFO: Run Behavior\BuildLiteBehavior [ RunTime:0.000017s ]
INFO: [ app_init ] --END-- [ RunTime:0.000127s ]
ERR: 无法加载模块:Cache

[ 2017-09-23T16:08:48+08:00 ] 14.152.78.16 /phpmyadmin
INFO: [ app_init ] --START--
INFO: Run Behavior\BuildLiteBehavior [ RunTime:0.000017s ]
INFO: [ app_init ] --END-- [ RunTime:0.000136s ]
ERR: 无法加载模块:Phpmyadmin

[ 2017-09-23T16:42:59+08:00 ] 140.205.201.47 /phpmyadmin/
INFO: [ app_init ] --START--
INFO: Run Behavior\BuildLiteBehavior [ RunTime:0.000017s ]
INFO: [ app_init ] --END-- [ RunTime:0.000126s ]
ERR: 无法加载模块:Phpmyadmin

[ 2017-09-23T16:42:59+08:00 ] 140.205.201.47 /phpmyadmin/
INFO: [ app_init ] --START--
INFO: Run Behavior\BuildLiteBehavior [ RunTime:0.000014s ]
INFO: [ app_init ] --END-- [ RunTime:0.000102s ]
ERR: 无法加载模块:Phpmyadmin

[ 2017-09-23T16:42:59+08:00 ] 140.205.201.47 /phpmyadmin/
INFO: [ app_init ] --START--
INFO: Run Behavior\BuildLiteBehavior [ RunTime:0.000018s ]
INFO: [ app_init ] --END-- [ RunTime:0.000125s ]
ERR: 无法加载模块:Phpmyadmin

[ 2017-09-23T16:42:59+08:00 ] 140.205.201.47 /phpmyadmin/
INFO: [ app_init ] --START--
INFO: Run Behavior\BuildLiteBehavior [ RunTime:0.000015s ]
INFO: [ app_init ] --END-- [ RunTime:0.000106s ]
ERR: 无法加载模块:Phpmyadmin

[ 2017-09-23T16:42:59+08:00 ] 140.205.201.47 /phpmyadmin/
INFO: [ app_init ] --START--
INFO: Run Behavior\BuildLiteBehavior [ RunTime:0.000017s ]
INFO: [ app_init ] --END-- [ RunTime:0.000128s ]
ERR: 无法加载模块:Phpmyadmin

[ 2017-09-23T16:42:59+08:00 ] 140.205.201.47 /phpmyadmin/
INFO: [ app_init ] --START--
INFO: Run Behavior\BuildLiteBehavior [ RunTime:0.000014s ]
INFO: [ app_init ] --END-- [ RunTime:0.000104s ]
ERR: 无法加载模块:Phpmyadmin

[ 2017-09-23T16:42:59+08:00 ] 140.205.201.47 /phpmyadmin/
INFO: [ app_init ] --START--
INFO: Run Behavior\BuildLiteBehavior [ RunTime:0.000017s ]
INFO: [ app_init ] --END-- [ RunTime:0.000113s ]
ERR: 无法加载模块:Phpmyadmin

[ 2017-09-23T16:42:59+08:00 ] 140.205.201.47 /phpmyadmin/
INFO: [ app_init ] --START--
INFO: Run Behavior\BuildLiteBehavior [ RunTime:0.000014s ]
INFO: [ app_init ] --END-- [ RunTime:0.000104s ]
ERR: 无法加载模块:Phpmyadmin

[ 2017-09-23T16:42:59+08:00 ] 140.205.201.47 /phpmyadmin/
INFO: [ app_init ] --START--
INFO: Run Behavior\BuildLiteBehavior [ RunTime:0.000014s ]
INFO: [ app_init ] --END-- [ RunTime:0.000106s ]
ERR: 无法加载模块:Phpmyadmin

[ 2017-09-23T16:42:59+08:00 ] 140.205.201.47 /phpmyadmin/
INFO: [ app_init ] --START--
INFO: Run Behavior\BuildLiteBehavior [ RunTime:0.000014s ]
INFO: [ app_init ] --END-- [ RunTime:0.000105s ]
ERR: 无法加载模块:Phpmyadmin

[ 2017-09-23T16:42:59+08:00 ] 140.205.201.47 /phpmyadmin/
INFO: [ app_init ] --START--
INFO: Run Behavior\BuildLiteBehavior [ RunTime:0.000015s ]
INFO: [ app_init ] --END-- [ RunTime:0.000104s ]
ERR: 无法加载模块:Phpmyadmin

[ 2017-09-23T16:42:59+08:00 ] 140.205.201.47 /phpmyadmin/
INFO: [ app_init ] --START--
INFO: Run Behavior\BuildLiteBehavior [ RunTime:0.000014s ]
INFO: [ app_init ] --END-- [ RunTime:0.000100s ]
ERR: 无法加载模块:Phpmyadmin

[ 2017-09-23T16:42:59+08:00 ] 140.205.201.47 /phpmyadmin/
INFO: [ app_init ] --START--
INFO: Run Behavior\BuildLiteBehavior [ RunTime:0.000017s ]
INFO: [ app_init ] --END-- [ RunTime:0.000120s ]
ERR: 无法加载模块:Phpmyadmin

[ 2017-09-23T16:42:59+08:00 ] 140.205.201.47 /phpmyadmin/
INFO: [ app_init ] --START--
INFO: Run Behavior\BuildLiteBehavior [ RunTime:0.000017s ]
INFO: [ app_init ] --END-- [ RunTime:0.000133s ]
ERR: 无法加载模块:Phpmyadmin

[ 2017-09-23T16:42:59+08:00 ] 140.205.201.47 /phpmyadmin/
INFO: [ app_init ] --START--
INFO: Run Behavior\BuildLiteBehavior [ RunTime:0.000014s ]
INFO: [ app_init ] --END-- [ RunTime:0.000104s ]
ERR: 无法加载模块:Phpmyadmin

[ 2017-09-23T16:42:59+08:00 ] 140.205.201.47 /phpmyadmin/
INFO: [ app_init ] --START--
INFO: Run Behavior\BuildLiteBehavior [ RunTime:0.000015s ]
INFO: [ app_init ] --END-- [ RunTime:0.000117s ]
ERR: 无法加载模块:Phpmyadmin

[ 2017-09-23T16:42:59+08:00 ] 140.205.201.47 /phpmyadmin/
INFO: [ app_init ] --START--
INFO: Run Behavior\BuildLiteBehavior [ RunTime:0.000016s ]
INFO: [ app_init ] --END-- [ RunTime:0.000106s ]
ERR: 无法加载模块:Phpmyadmin

[ 2017-09-23T16:42:59+08:00 ] 140.205.201.47 /phpmyadmin/
INFO: [ app_init ] --START--
INFO: Run Behavior\BuildLiteBehavior [ RunTime:0.000015s ]
INFO: [ app_init ] --END-- [ RunTime:0.000109s ]
ERR: 无法加载模块:Phpmyadmin

[ 2017-09-23T16:42:59+08:00 ] 140.205.201.47 /phpmyadmin/
INFO: [ app_init ] --START--
INFO: Run Behavior\BuildLiteBehavior [ RunTime:0.000016s ]
INFO: [ app_init ] --END-- [ RunTime:0.000117s ]
ERR: 无法加载模块:Phpmyadmin

[ 2017-09-23T16:42:59+08:00 ] 140.205.201.47 /phpmyadmin/
INFO: [ app_init ] --START--
INFO: Run Behavior\BuildLiteBehavior [ RunTime:0.000015s ]
INFO: [ app_init ] --END-- [ RunTime:0.000102s ]
ERR: 无法加载模块:Phpmyadmin

[ 2017-09-23T16:58:47+08:00 ] 140.205.201.47 /showcase/integration/saveGangster.action
INFO: [ app_init ] --START--
INFO: Run Behavior\BuildLiteBehavior [ RunTime:0.000016s ]
INFO: [ app_init ] --END-- [ RunTime:0.000122s ]
ERR: 无法加载模块:Showcase

[ 2017-09-23T16:58:47+08:00 ] 140.205.201.47 /struts2-showcase/integration/saveGangster.action
INFO: [ app_init ] --START--
INFO: Run Behavior\BuildLiteBehavior [ RunTime:0.000017s ]
INFO: [ app_init ] --END-- [ RunTime:0.000122s ]
ERR: 无法加载模块:Struts2-showcase

[ 2017-09-23T16:58:47+08:00 ] 140.205.201.47 /integration/saveGangster.action
INFO: [ app_init ] --START--
INFO: Run Behavior\BuildLiteBehavior [ RunTime:0.000014s ]
INFO: [ app_init ] --END-- [ RunTime:0.000119s ]
ERR: 无法加载模块:Integration

[ 2017-09-23T17:00:59+08:00 ] 140.205.201.47 /master-status
INFO: [ app_init ] --START--
INFO: Run Behavior\BuildLiteBehavior [ RunTime:0.000017s ]
INFO: [ app_init ] --END-- [ RunTime:0.000130s ]
ERR: 无法加载模块:Master-status

[ 2017-09-23T17:04:42+08:00 ] 140.205.201.47 /wp-json/wp/v2/posts
INFO: [ app_init ] --START--
INFO: Run Behavior\BuildLiteBehavior [ RunTime:0.000016s ]
INFO: [ app_init ] --END-- [ RunTime:0.000110s ]
ERR: 无法加载模块:Wp-json

[ 2017-09-23T17:08:53+08:00 ] 140.205.201.47 /rs-status
INFO: [ app_init ] --START--
INFO: Run Behavior\BuildLiteBehavior [ RunTime:0.000017s ]
INFO: [ app_init ] --END-- [ RunTime:0.000123s ]
ERR: 无法加载模块:Rs-status

[ 2017-09-23T17:12:15+08:00 ] 140.205.201.47 /ganglia/index.php
INFO: [ app_init ] --START--
INFO: Run Behavior\BuildLiteBehavior [ RunTime:0.000017s ]
INFO: [ app_init ] --END-- [ RunTime:0.000127s ]
ERR: 无法加载模块:Ganglia

[ 2017-09-23T17:25:51+08:00 ] 140.205.201.47 /jobs/
INFO: [ app_init ] --START--
INFO: Run Behavior\BuildLiteBehavior [ RunTime:0.000019s ]
INFO: [ app_init ] --END-- [ RunTime:0.000140s ]
ERR: 无法加载模块:Jobs

[ 2017-09-23T17:33:01+08:00 ] 140.205.201.47 /irgczmyqlxap
INFO: [ app_init ] --START--
INFO: Run Behavior\BuildLiteBehavior [ RunTime:0.000018s ]
INFO: [ app_init ] --END-- [ RunTime:0.000134s ]
ERR: 无法加载模块:Irgczmyqlxap

[ 2017-09-23T17:33:01+08:00 ] 140.205.201.47 /irgczmyqlxap
INFO: [ app_init ] --START--
INFO: Run Behavior\BuildLiteBehavior [ RunTime:0.000015s ]
INFO: [ app_init ] --END-- [ RunTime:0.000123s ]
ERR: 无法加载模块:Irgczmyqlxap

[ 2017-09-23T17:33:01+08:00 ] 140.205.201.47 /irgczmyqlxap
INFO: [ app_init ] --START--
INFO: Run Behavior\BuildLiteBehavior [ RunTime:0.000015s ]
INFO: [ app_init ] --END-- [ RunTime:0.000105s ]
ERR: 无法加载模块:Irgczmyqlxap

[ 2017-09-23T17:56:19+08:00 ] 140.205.201.47 /hwi/
INFO: [ app_init ] --START--
INFO: Run Behavior\BuildLiteBehavior [ RunTime:0.000019s ]
INFO: [ app_init ] --END-- [ RunTime:0.000160s ]
ERR: 无法加载模块:Hwi

[ 2017-09-23T18:08:07+08:00 ] 140.205.201.47 /dfshealth.html
INFO: [ app_init ] --START--
INFO: Run Behavior\BuildLiteBehavior [ RunTime:0.000019s ]
INFO: [ app_init ] --END-- [ RunTime:0.000143s ]
ERR: 无法加载模块:Dfshealth

[ 2017-09-23T18:08:58+08:00 ] 140.205.201.47 /struts2-showcase/integration/saveGangster.action
INFO: [ app_init ] --START--
INFO: Run Behavior\BuildLiteBehavior [ RunTime:0.000017s ]
INFO: [ app_init ] --END-- [ RunTime:0.000124s ]
ERR: 无法加载模块:Struts2-showcase

[ 2017-09-23T18:09:23+08:00 ] 140.205.201.47 /clusters.jsf
INFO: [ app_init ] --START--
INFO: Run Behavior\BuildLiteBehavior [ RunTime:0.000019s ]
INFO: [ app_init ] --END-- [ RunTime:0.000151s ]
ERR: 无法加载模块:Clusters

[ 2017-09-23T18:09:55+08:00 ] 140.205.201.47 /info
INFO: [ app_init ] --START--
INFO: Run Behavior\BuildLiteBehavior [ RunTime:0.000025s ]
INFO: [ app_init ] --END-- [ RunTime:0.000216s ]
ERR: 无法加载模块:Info

[ 2017-09-23T18:12:17+08:00 ] 140.205.201.47 /jenkins/
INFO: [ app_init ] --START--
INFO: Run Behavior\BuildLiteBehavior [ RunTime:0.000021s ]
INFO: [ app_init ] --END-- [ RunTime:0.000148s ]
ERR: 无法加载模块:Jenkins

[ 2017-09-23T18:14:57+08:00 ] 140.205.201.47 /zabbix/
INFO: [ app_init ] --START--
INFO: Run Behavior\BuildLiteBehavior [ RunTime:0.000016s ]
INFO: [ app_init ] --END-- [ RunTime:0.000129s ]
ERR: 无法加载模块:Zabbix

[ 2017-09-23T18:16:17+08:00 ] 140.205.201.47 /solr/
INFO: [ app_init ] --START--
INFO: Run Behavior\BuildLiteBehavior [ RunTime:0.000021s ]
INFO: [ app_init ] --END-- [ RunTime:0.000167s ]
ERR: 无法加载模块:Solr

[ 2017-09-23T18:19:39+08:00 ] 140.205.201.47 /about/
INFO: [ app_init ] --START--
INFO: Run Behavior\BuildLiteBehavior [ RunTime:0.000016s ]
INFO: [ app_init ] --END-- [ RunTime:0.000124s ]
ERR: 无法加载模块:About

[ 2017-09-23T18:21:09+08:00 ] 140.205.201.47 /warning
INFO: [ app_init ] --START--
INFO: Run Behavior\BuildLiteBehavior [ RunTime:0.000017s ]
INFO: [ app_init ] --END-- [ RunTime:0.000134s ]
ERR: 无法加载模块:Warning

[ 2017-09-23T18:23:28+08:00 ] 140.205.201.47 /pleasereadthis
INFO: [ app_init ] --START--
INFO: Run Behavior\BuildLiteBehavior [ RunTime:0.000017s ]
INFO: [ app_init ] --END-- [ RunTime:0.000130s ]
ERR: 无法加载模块:Pleasereadthis

[ 2017-09-23T18:25:27+08:00 ] 140.205.201.47 /please_read/_search
INFO: [ app_init ] --START--
INFO: Run Behavior\BuildLiteBehavior [ RunTime:0.000018s ]
INFO: [ app_init ] --END-- [ RunTime:0.000129s ]
ERR: 无法加载模块:Please_read

[ 2017-09-23T18:27:17+08:00 ] 140.205.201.47 /dfshealth.jsp
INFO: [ app_init ] --START--
INFO: Run Behavior\BuildLiteBehavior [ RunTime:0.000030s ]
INFO: [ app_init ] --END-- [ RunTime:0.000141s ]
ERR: 无法加载模块:Dfshealth

[ 2017-09-23T18:27:46+08:00 ] 140.205.201.47 /hadoop/dfshealth.jsp
INFO: [ app_init ] --START--
INFO: Run Behavior\BuildLiteBehavior [ RunTime:0.000031s ]
INFO: [ app_init ] --END-- [ RunTime:0.000167s ]
ERR: 无法加载模块:Hadoop

[ 2017-09-23T20:06:57+08:00 ] 139.162.88.63 http://clientapi.ipip.net/echo.php?info=1234567890
INFO: [ app_init ] --START--
INFO: Run Behavior\BuildLiteBehavior [ RunTime:0.000021s ]
INFO: [ app_init ] --END-- [ RunTime:0.000132s ]
ERR: 无法加载模块:Echo

