[ 2017-08-31T01:37:23+08:00 ] 95.213.187.190 http://check.best-proxies.ru/azenv.php?auth=150411464369&a=PSCN&i=1779340048&p=80
INFO: [ app_init ] --START--
INFO: Run Behavior\BuildLiteBehavior [ RunTime:0.000017s ]
INFO: [ app_init ] --END-- [ RunTime:0.000122s ]
ERR: 无法加载模块:Azenv

[ 2017-08-31T07:05:50+08:00 ] 95.213.187.189 http://check.best-proxies.ru/azenv.php?auth=150413435071&a=PSCN&i=1779340048&p=80
INFO: [ app_init ] --START--
INFO: Run Behavior\BuildLiteBehavior [ RunTime:0.000017s ]
INFO: [ app_init ] --END-- [ RunTime:0.000123s ]
ERR: 无法加载模块:Azenv

[ 2017-08-31T07:20:38+08:00 ] 222.186.21.167 http://180.97.33.108/s?ie=utf-8&f=8&rsv_bp=0&rsv_idx=1&tn=baidu&wd=106.14.147.16&rsv_pq=bf5332e1000
INFO: [ app_init ] --START--
INFO: Run Behavior\BuildLiteBehavior [ RunTime:0.000015s ]
INFO: [ app_init ] --END-- [ RunTime:0.000122s ]
ERR: 无法加载模块:S

[ 2017-08-31T08:35:12+08:00 ] 80.82.78.38 http://www.baidu.com/cache/global/img/gs.gif
INFO: [ app_init ] --START--
INFO: Run Behavior\BuildLiteBehavior [ RunTime:0.000016s ]
INFO: [ app_init ] --END-- [ RunTime:0.000134s ]
ERR: 无法加载模块:Cache

[ 2017-08-31T12:25:07+08:00 ] 5.178.86.74 http://check.best-proxies.ru/azenv.php?auth=150415350789&a=PSCN&i=1779340048&p=80
INFO: [ app_init ] --START--
INFO: Run Behavior\BuildLiteBehavior [ RunTime:0.000018s ]
INFO: [ app_init ] --END-- [ RunTime:0.000126s ]
ERR: 无法加载模块:Azenv

[ 2017-08-31T14:33:34+08:00 ] 140.205.201.40 /phpmyadmin/
INFO: [ app_init ] --START--
INFO: Run Behavior\BuildLiteBehavior [ RunTime:0.000018s ]
INFO: [ app_init ] --END-- [ RunTime:0.000122s ]
ERR: 无法加载模块:Phpmyadmin

[ 2017-08-31T14:33:34+08:00 ] 140.205.201.40 /phpmyadmin/
INFO: [ app_init ] --START--
INFO: Run Behavior\BuildLiteBehavior [ RunTime:0.000026s ]
INFO: [ app_init ] --END-- [ RunTime:0.000118s ]
ERR: 无法加载模块:Phpmyadmin

[ 2017-08-31T14:33:34+08:00 ] 140.205.201.40 /phpmyadmin/
INFO: [ app_init ] --START--
INFO: Run Behavior\BuildLiteBehavior [ RunTime:0.000015s ]
INFO: [ app_init ] --END-- [ RunTime:0.000106s ]
ERR: 无法加载模块:Phpmyadmin

[ 2017-08-31T14:33:34+08:00 ] 140.205.201.40 /phpmyadmin/
INFO: [ app_init ] --START--
INFO: Run Behavior\BuildLiteBehavior [ RunTime:0.000015s ]
INFO: [ app_init ] --END-- [ RunTime:0.000145s ]
ERR: 无法加载模块:Phpmyadmin

[ 2017-08-31T14:33:34+08:00 ] 140.205.201.40 /phpmyadmin/
INFO: [ app_init ] --START--
INFO: Run Behavior\BuildLiteBehavior [ RunTime:0.000014s ]
INFO: [ app_init ] --END-- [ RunTime:0.000108s ]
ERR: 无法加载模块:Phpmyadmin

[ 2017-08-31T14:33:34+08:00 ] 140.205.201.40 /phpmyadmin/
INFO: [ app_init ] --START--
INFO: Run Behavior\BuildLiteBehavior [ RunTime:0.000015s ]
INFO: [ app_init ] --END-- [ RunTime:0.000105s ]
ERR: 无法加载模块:Phpmyadmin

[ 2017-08-31T14:33:34+08:00 ] 140.205.201.40 /phpmyadmin/
INFO: [ app_init ] --START--
INFO: Run Behavior\BuildLiteBehavior [ RunTime:0.000015s ]
INFO: [ app_init ] --END-- [ RunTime:0.000111s ]
ERR: 无法加载模块:Phpmyadmin

[ 2017-08-31T14:33:34+08:00 ] 140.205.201.40 /phpmyadmin/
INFO: [ app_init ] --START--
INFO: Run Behavior\BuildLiteBehavior [ RunTime:0.000015s ]
INFO: [ app_init ] --END-- [ RunTime:0.000103s ]
ERR: 无法加载模块:Phpmyadmin

[ 2017-08-31T14:33:34+08:00 ] 140.205.201.40 /phpmyadmin/
INFO: [ app_init ] --START--
INFO: Run Behavior\BuildLiteBehavior [ RunTime:0.000014s ]
INFO: [ app_init ] --END-- [ RunTime:0.000112s ]
ERR: 无法加载模块:Phpmyadmin

[ 2017-08-31T14:33:34+08:00 ] 140.205.201.40 /phpmyadmin/
INFO: [ app_init ] --START--
INFO: Run Behavior\BuildLiteBehavior [ RunTime:0.000014s ]
INFO: [ app_init ] --END-- [ RunTime:0.000107s ]
ERR: 无法加载模块:Phpmyadmin

[ 2017-08-31T14:33:34+08:00 ] 140.205.201.40 /phpmyadmin/
INFO: [ app_init ] --START--
INFO: Run Behavior\BuildLiteBehavior [ RunTime:0.000014s ]
INFO: [ app_init ] --END-- [ RunTime:0.000101s ]
ERR: 无法加载模块:Phpmyadmin

[ 2017-08-31T14:33:34+08:00 ] 140.205.201.40 /phpmyadmin/
INFO: [ app_init ] --START--
INFO: Run Behavior\BuildLiteBehavior [ RunTime:0.000015s ]
INFO: [ app_init ] --END-- [ RunTime:0.000106s ]
ERR: 无法加载模块:Phpmyadmin

[ 2017-08-31T14:33:34+08:00 ] 140.205.201.40 /phpmyadmin/
INFO: [ app_init ] --START--
INFO: Run Behavior\BuildLiteBehavior [ RunTime:0.000027s ]
INFO: [ app_init ] --END-- [ RunTime:0.000117s ]
ERR: 无法加载模块:Phpmyadmin

[ 2017-08-31T14:33:34+08:00 ] 140.205.201.40 /phpmyadmin/
INFO: [ app_init ] --START--
INFO: Run Behavior\BuildLiteBehavior [ RunTime:0.000015s ]
INFO: [ app_init ] --END-- [ RunTime:0.000104s ]
ERR: 无法加载模块:Phpmyadmin

[ 2017-08-31T14:33:34+08:00 ] 140.205.201.40 /phpmyadmin/
INFO: [ app_init ] --START--
INFO: Run Behavior\BuildLiteBehavior [ RunTime:0.000015s ]
INFO: [ app_init ] --END-- [ RunTime:0.000105s ]
ERR: 无法加载模块:Phpmyadmin

[ 2017-08-31T14:33:34+08:00 ] 140.205.201.40 /phpmyadmin/
INFO: [ app_init ] --START--
INFO: Run Behavior\BuildLiteBehavior [ RunTime:0.000015s ]
INFO: [ app_init ] --END-- [ RunTime:0.000109s ]
ERR: 无法加载模块:Phpmyadmin

[ 2017-08-31T14:33:34+08:00 ] 140.205.201.40 /phpmyadmin/
INFO: [ app_init ] --START--
INFO: Run Behavior\BuildLiteBehavior [ RunTime:0.000016s ]
INFO: [ app_init ] --END-- [ RunTime:0.000108s ]
ERR: 无法加载模块:Phpmyadmin

[ 2017-08-31T14:33:34+08:00 ] 140.205.201.40 /phpmyadmin/
INFO: [ app_init ] --START--
INFO: Run Behavior\BuildLiteBehavior [ RunTime:0.000015s ]
INFO: [ app_init ] --END-- [ RunTime:0.000107s ]
ERR: 无法加载模块:Phpmyadmin

[ 2017-08-31T14:33:34+08:00 ] 140.205.201.40 /phpmyadmin/
INFO: [ app_init ] --START--
INFO: Run Behavior\BuildLiteBehavior [ RunTime:0.000014s ]
INFO: [ app_init ] --END-- [ RunTime:0.000115s ]
ERR: 无法加载模块:Phpmyadmin

[ 2017-08-31T14:33:34+08:00 ] 140.205.201.40 /phpmyadmin/
INFO: [ app_init ] --START--
INFO: Run Behavior\BuildLiteBehavior [ RunTime:0.000015s ]
INFO: [ app_init ] --END-- [ RunTime:0.000103s ]
ERR: 无法加载模块:Phpmyadmin

[ 2017-08-31T14:33:37+08:00 ] 140.205.201.40 /rs-status
INFO: [ app_init ] --START--
INFO: Run Behavior\BuildLiteBehavior [ RunTime:0.000016s ]
INFO: [ app_init ] --END-- [ RunTime:0.000122s ]
ERR: 无法加载模块:Rs-status

[ 2017-08-31T14:33:38+08:00 ] 140.205.201.40 /ganglia/index.php
INFO: [ app_init ] --START--
INFO: Run Behavior\BuildLiteBehavior [ RunTime:0.000017s ]
INFO: [ app_init ] --END-- [ RunTime:0.000134s ]
ERR: 无法加载模块:Ganglia

[ 2017-08-31T14:33:50+08:00 ] 140.205.201.40 /tlsnerzpqhka
INFO: [ app_init ] --START--
INFO: Run Behavior\BuildLiteBehavior [ RunTime:0.000016s ]
INFO: [ app_init ] --END-- [ RunTime:0.000124s ]
ERR: 无法加载模块:Tlsnerzpqhka

[ 2017-08-31T14:33:50+08:00 ] 140.205.201.40 /tlsnerzpqhka
INFO: [ app_init ] --START--
INFO: Run Behavior\BuildLiteBehavior [ RunTime:0.000016s ]
INFO: [ app_init ] --END-- [ RunTime:0.000111s ]
ERR: 无法加载模块:Tlsnerzpqhka

[ 2017-08-31T14:33:50+08:00 ] 140.205.201.40 /tlsnerzpqhka
INFO: [ app_init ] --START--
INFO: Run Behavior\BuildLiteBehavior [ RunTime:0.000015s ]
INFO: [ app_init ] --END-- [ RunTime:0.000103s ]
ERR: 无法加载模块:Tlsnerzpqhka

[ 2017-08-31T14:33:51+08:00 ] 140.205.201.40 /jobs/
INFO: [ app_init ] --START--
INFO: Run Behavior\BuildLiteBehavior [ RunTime:0.000017s ]
INFO: [ app_init ] --END-- [ RunTime:0.000122s ]
ERR: 无法加载模块:Jobs

[ 2017-08-31T14:33:56+08:00 ] 140.205.201.40 /showcase/integration/saveGangster.action
INFO: [ app_init ] --START--
INFO: Run Behavior\BuildLiteBehavior [ RunTime:0.000017s ]
INFO: [ app_init ] --END-- [ RunTime:0.000119s ]
ERR: 无法加载模块:Showcase

[ 2017-08-31T14:33:56+08:00 ] 140.205.201.40 /struts2-showcase/integration/saveGangster.action
INFO: [ app_init ] --START--
INFO: Run Behavior\BuildLiteBehavior [ RunTime:0.000016s ]
INFO: [ app_init ] --END-- [ RunTime:0.000121s ]
ERR: 无法加载模块:Struts2-showcase

[ 2017-08-31T14:33:56+08:00 ] 140.205.201.40 /integration/saveGangster.action
INFO: [ app_init ] --START--
INFO: Run Behavior\BuildLiteBehavior [ RunTime:0.000015s ]
INFO: [ app_init ] --END-- [ RunTime:0.000121s ]
ERR: 无法加载模块:Integration

[ 2017-08-31T14:37:59+08:00 ] 140.205.201.40 /wp-json/wp/v2/posts
INFO: [ app_init ] --START--
INFO: Run Behavior\BuildLiteBehavior [ RunTime:0.000015s ]
INFO: [ app_init ] --END-- [ RunTime:0.000108s ]
ERR: 无法加载模块:Wp-json

[ 2017-08-31T14:41:20+08:00 ] 140.205.201.40 /hwi/
INFO: [ app_init ] --START--
INFO: Run Behavior\BuildLiteBehavior [ RunTime:0.000017s ]
INFO: [ app_init ] --END-- [ RunTime:0.000126s ]
ERR: 无法加载模块:Hwi

[ 2017-08-31T14:42:49+08:00 ] 140.205.201.40 /master-status
INFO: [ app_init ] --START--
INFO: Run Behavior\BuildLiteBehavior [ RunTime:0.000016s ]
INFO: [ app_init ] --END-- [ RunTime:0.000126s ]
ERR: 无法加载模块:Master-status

[ 2017-08-31T14:42:58+08:00 ] 140.205.201.40 /dfshealth.html
INFO: [ app_init ] --START--
INFO: Run Behavior\BuildLiteBehavior [ RunTime:0.000017s ]
INFO: [ app_init ] --END-- [ RunTime:0.000123s ]
ERR: 无法加载模块:Dfshealth

[ 2017-08-31T14:43:56+08:00 ] 140.205.201.40 /struts2-showcase/integration/saveGangster.action
INFO: [ app_init ] --START--
INFO: Run Behavior\BuildLiteBehavior [ RunTime:0.000016s ]
INFO: [ app_init ] --END-- [ RunTime:0.000136s ]
ERR: 无法加载模块:Struts2-showcase

[ 2017-08-31T14:44:18+08:00 ] 140.205.201.40 /clusters.jsf
INFO: [ app_init ] --START--
INFO: Run Behavior\BuildLiteBehavior [ RunTime:0.000016s ]
INFO: [ app_init ] --END-- [ RunTime:0.000128s ]
ERR: 无法加载模块:Clusters

[ 2017-08-31T14:44:42+08:00 ] 140.205.201.40 /about/
INFO: [ app_init ] --START--
INFO: Run Behavior\BuildLiteBehavior [ RunTime:0.000017s ]
INFO: [ app_init ] --END-- [ RunTime:0.000123s ]
ERR: 无法加载模块:About

[ 2017-08-31T14:44:52+08:00 ] 140.205.201.40 /info
INFO: [ app_init ] --START--
INFO: Run Behavior\BuildLiteBehavior [ RunTime:0.000018s ]
INFO: [ app_init ] --END-- [ RunTime:0.000129s ]
ERR: 无法加载模块:Info

[ 2017-08-31T14:46:24+08:00 ] 140.205.201.40 /jenkins/
INFO: [ app_init ] --START--
INFO: Run Behavior\BuildLiteBehavior [ RunTime:0.000018s ]
INFO: [ app_init ] --END-- [ RunTime:0.000134s ]
ERR: 无法加载模块:Jenkins

[ 2017-08-31T14:46:36+08:00 ] 140.205.201.40 /zabbix/
INFO: [ app_init ] --START--
INFO: Run Behavior\BuildLiteBehavior [ RunTime:0.000018s ]
INFO: [ app_init ] --END-- [ RunTime:0.000124s ]
ERR: 无法加载模块:Zabbix

[ 2017-08-31T14:46:42+08:00 ] 140.205.201.40 /solr/
INFO: [ app_init ] --START--
INFO: Run Behavior\BuildLiteBehavior [ RunTime:0.000017s ]
INFO: [ app_init ] --END-- [ RunTime:0.000131s ]
ERR: 无法加载模块:Solr

[ 2017-08-31T14:46:47+08:00 ] 140.205.201.40 /warning
INFO: [ app_init ] --START--
INFO: Run Behavior\BuildLiteBehavior [ RunTime:0.000018s ]
INFO: [ app_init ] --END-- [ RunTime:0.000125s ]
ERR: 无法加载模块:Warning

[ 2017-08-31T14:46:50+08:00 ] 140.205.201.40 /pleasereadthis
INFO: [ app_init ] --START--
INFO: Run Behavior\BuildLiteBehavior [ RunTime:0.000025s ]
INFO: [ app_init ] --END-- [ RunTime:0.000133s ]
ERR: 无法加载模块:Pleasereadthis

[ 2017-08-31T14:46:53+08:00 ] 140.205.201.40 /please_read/_search
INFO: [ app_init ] --START--
INFO: Run Behavior\BuildLiteBehavior [ RunTime:0.000018s ]
INFO: [ app_init ] --END-- [ RunTime:0.000133s ]
ERR: 无法加载模块:Please_read

[ 2017-08-31T14:46:57+08:00 ] 140.205.201.40 /dfshealth.jsp
INFO: [ app_init ] --START--
INFO: Run Behavior\BuildLiteBehavior [ RunTime:0.000019s ]
INFO: [ app_init ] --END-- [ RunTime:0.000143s ]
ERR: 无法加载模块:Dfshealth

[ 2017-08-31T14:46:57+08:00 ] 140.205.201.40 /hadoop/dfshealth.jsp
INFO: [ app_init ] --START--
INFO: Run Behavior\BuildLiteBehavior [ RunTime:0.000017s ]
INFO: [ app_init ] --END-- [ RunTime:0.000121s ]
ERR: 无法加载模块:Hadoop

[ 2017-08-31T17:57:36+08:00 ] 5.178.86.74 http://check.best-proxies.ru/azenv.php?auth=150417345607&a=PSCN&i=1779340048&p=80
INFO: [ app_init ] --START--
INFO: Run Behavior\BuildLiteBehavior [ RunTime:0.000017s ]
INFO: [ app_init ] --END-- [ RunTime:0.000130s ]
ERR: 无法加载模块:Azenv

[ 2017-08-31T21:16:06+08:00 ] 139.162.88.63 http://clientapi.ipip.net/echo.php?info=1234567890
INFO: [ app_init ] --START--
INFO: Run Behavior\BuildLiteBehavior [ RunTime:0.000016s ]
INFO: [ app_init ] --END-- [ RunTime:0.000126s ]
ERR: 无法加载模块:Echo

[ 2017-08-31T23:26:04+08:00 ] 95.213.187.190 http://check.best-proxies.ru/azenv.php?auth=150419316407&a=PSCN&i=1779340048&p=80
INFO: [ app_init ] --START--
INFO: Run Behavior\BuildLiteBehavior [ RunTime:0.000016s ]
INFO: [ app_init ] --END-- [ RunTime:0.000124s ]
ERR: 无法加载模块:Azenv

