[ 2017-09-12T00:11:15+08:00 ] 140.205.225.200 /jobs/
INFO: [ app_init ] --START--
INFO: Run Behavior\BuildLiteBehavior [ RunTime:0.000017s ]
INFO: [ app_init ] --END-- [ RunTime:0.000126s ]
ERR: 无法加载模块:Jobs

[ 2017-09-12T00:17:03+08:00 ] 140.205.225.200 /anfqtvksylbh
INFO: [ app_init ] --START--
INFO: Run Behavior\BuildLiteBehavior [ RunTime:0.000016s ]
INFO: [ app_init ] --END-- [ RunTime:0.000124s ]
ERR: 无法加载模块:Anfqtvksylbh

[ 2017-09-12T00:17:03+08:00 ] 140.205.225.200 /anfqtvksylbh
INFO: [ app_init ] --START--
INFO: Run Behavior\BuildLiteBehavior [ RunTime:0.000015s ]
INFO: [ app_init ] --END-- [ RunTime:0.000107s ]
ERR: 无法加载模块:Anfqtvksylbh

[ 2017-09-12T00:17:03+08:00 ] 140.205.225.200 /anfqtvksylbh
INFO: [ app_init ] --START--
INFO: Run Behavior\BuildLiteBehavior [ RunTime:0.000014s ]
INFO: [ app_init ] --END-- [ RunTime:0.000105s ]
ERR: 无法加载模块:Anfqtvksylbh

[ 2017-09-12T00:26:23+08:00 ] 140.205.225.200 /hwi/
INFO: [ app_init ] --START--
INFO: Run Behavior\BuildLiteBehavior [ RunTime:0.000018s ]
INFO: [ app_init ] --END-- [ RunTime:0.000128s ]
ERR: 无法加载模块:Hwi

[ 2017-09-12T00:37:38+08:00 ] 140.205.225.200 /dfshealth.html
INFO: [ app_init ] --START--
INFO: Run Behavior\BuildLiteBehavior [ RunTime:0.000026s ]
INFO: [ app_init ] --END-- [ RunTime:0.000243s ]
ERR: 无法加载模块:Dfshealth

[ 2017-09-12T00:46:11+08:00 ] 140.205.225.200 /struts2-showcase/integration/saveGangster.action
INFO: [ app_init ] --START--
INFO: Run Behavior\BuildLiteBehavior [ RunTime:0.000016s ]
INFO: [ app_init ] --END-- [ RunTime:0.000125s ]
ERR: 无法加载模块:Struts2-showcase

[ 2017-09-12T00:47:04+08:00 ] 140.205.225.200 /clusters.jsf
INFO: [ app_init ] --START--
INFO: Run Behavior\BuildLiteBehavior [ RunTime:0.000017s ]
INFO: [ app_init ] --END-- [ RunTime:0.000125s ]
ERR: 无法加载模块:Clusters

[ 2017-09-12T00:47:26+08:00 ] 140.205.225.200 /info
INFO: [ app_init ] --START--
INFO: Run Behavior\BuildLiteBehavior [ RunTime:0.000017s ]
INFO: [ app_init ] --END-- [ RunTime:0.000137s ]
ERR: 无法加载模块:Info

[ 2017-09-12T00:51:35+08:00 ] 140.205.225.200 /jenkins/
INFO: [ app_init ] --START--
INFO: Run Behavior\BuildLiteBehavior [ RunTime:0.000018s ]
INFO: [ app_init ] --END-- [ RunTime:0.000125s ]
ERR: 无法加载模块:Jenkins

[ 2017-09-12T01:05:07+08:00 ] 140.205.225.200 /zabbix/
INFO: [ app_init ] --START--
INFO: Run Behavior\BuildLiteBehavior [ RunTime:0.000017s ]
INFO: [ app_init ] --END-- [ RunTime:0.000124s ]
ERR: 无法加载模块:Zabbix

[ 2017-09-12T01:07:37+08:00 ] 140.205.225.200 /solr/
INFO: [ app_init ] --START--
INFO: Run Behavior\BuildLiteBehavior [ RunTime:0.000019s ]
INFO: [ app_init ] --END-- [ RunTime:0.000156s ]
ERR: 无法加载模块:Solr

[ 2017-09-12T01:29:45+08:00 ] 140.205.225.200 /about/
INFO: [ app_init ] --START--
INFO: Run Behavior\BuildLiteBehavior [ RunTime:0.000018s ]
INFO: [ app_init ] --END-- [ RunTime:0.000139s ]
ERR: 无法加载模块:About

[ 2017-09-12T01:34:10+08:00 ] 140.205.225.200 /warning
INFO: [ app_init ] --START--
INFO: Run Behavior\BuildLiteBehavior [ RunTime:0.000017s ]
INFO: [ app_init ] --END-- [ RunTime:0.000126s ]
ERR: 无法加载模块:Warning

[ 2017-09-12T01:38:12+08:00 ] 140.205.225.200 /pleasereadthis
INFO: [ app_init ] --START--
INFO: Run Behavior\BuildLiteBehavior [ RunTime:0.000020s ]
INFO: [ app_init ] --END-- [ RunTime:0.000170s ]
ERR: 无法加载模块:Pleasereadthis

[ 2017-09-12T01:40:09+08:00 ] 140.205.225.200 /please_read/_search
INFO: [ app_init ] --START--
INFO: Run Behavior\BuildLiteBehavior [ RunTime:0.000016s ]
INFO: [ app_init ] --END-- [ RunTime:0.000125s ]
ERR: 无法加载模块:Please_read

[ 2017-09-12T01:45:06+08:00 ] 66.249.75.207 /robots.txt
INFO: [ app_init ] --START--
INFO: Run Behavior\BuildLiteBehavior [ RunTime:0.000017s ]
INFO: [ app_init ] --END-- [ RunTime:0.000134s ]
ERR: 无法加载模块:Robots

[ 2017-09-12T01:46:13+08:00 ] 140.205.225.200 /dfshealth.jsp
INFO: [ app_init ] --START--
INFO: Run Behavior\BuildLiteBehavior [ RunTime:0.000017s ]
INFO: [ app_init ] --END-- [ RunTime:0.000137s ]
ERR: 无法加载模块:Dfshealth

[ 2017-09-12T01:51:50+08:00 ] 140.205.225.200 /hadoop/dfshealth.jsp
INFO: [ app_init ] --START--
INFO: Run Behavior\BuildLiteBehavior [ RunTime:0.000017s ]
INFO: [ app_init ] --END-- [ RunTime:0.000124s ]
ERR: 无法加载模块:Hadoop

[ 2017-09-12T02:48:50+08:00 ] 120.132.3.151 http://www.qq.com/404/search_children.js
INFO: [ app_init ] --START--
INFO: Run Behavior\BuildLiteBehavior [ RunTime:0.000017s ]
INFO: [ app_init ] --END-- [ RunTime:0.000136s ]
ERR: 无法加载模块:404

[ 2017-09-12T08:44:24+08:00 ] 5.188.203.23 /wp-admin/admin-ajax.php
INFO: [ app_init ] --START--
INFO: Run Behavior\BuildLiteBehavior [ RunTime:0.000018s ]
INFO: [ app_init ] --END-- [ RunTime:0.000141s ]
ERR: 无法加载模块:Wp-admin

[ 2017-09-12T08:55:25+08:00 ] 80.82.78.38 http://www.baidu.com/cache/global/img/gs.gif
INFO: [ app_init ] --START--
INFO: Run Behavior\BuildLiteBehavior [ RunTime:0.000029s ]
INFO: [ app_init ] --END-- [ RunTime:0.000235s ]
ERR: 无法加载模块:Cache

[ 2017-09-12T10:40:30+08:00 ] 140.205.225.191 /phpmyadmin/
INFO: [ app_init ] --START--
INFO: Run Behavior\BuildLiteBehavior [ RunTime:0.000017s ]
INFO: [ app_init ] --END-- [ RunTime:0.000124s ]
ERR: 无法加载模块:Phpmyadmin

[ 2017-09-12T10:40:30+08:00 ] 140.205.225.191 /phpmyadmin/
INFO: [ app_init ] --START--
INFO: Run Behavior\BuildLiteBehavior [ RunTime:0.000015s ]
INFO: [ app_init ] --END-- [ RunTime:0.000104s ]
ERR: 无法加载模块:Phpmyadmin

[ 2017-09-12T10:40:30+08:00 ] 140.205.225.191 /phpmyadmin/
INFO: [ app_init ] --START--
INFO: Run Behavior\BuildLiteBehavior [ RunTime:0.000015s ]
INFO: [ app_init ] --END-- [ RunTime:0.000104s ]
ERR: 无法加载模块:Phpmyadmin

[ 2017-09-12T10:40:30+08:00 ] 140.205.225.191 /phpmyadmin/
INFO: [ app_init ] --START--
INFO: Run Behavior\BuildLiteBehavior [ RunTime:0.000014s ]
INFO: [ app_init ] --END-- [ RunTime:0.000102s ]
ERR: 无法加载模块:Phpmyadmin

[ 2017-09-12T10:40:30+08:00 ] 140.205.225.191 /phpmyadmin/
INFO: [ app_init ] --START--
INFO: Run Behavior\BuildLiteBehavior [ RunTime:0.000014s ]
INFO: [ app_init ] --END-- [ RunTime:0.000115s ]
ERR: 无法加载模块:Phpmyadmin

[ 2017-09-12T10:40:30+08:00 ] 140.205.225.191 /phpmyadmin/
INFO: [ app_init ] --START--
INFO: Run Behavior\BuildLiteBehavior [ RunTime:0.000014s ]
INFO: [ app_init ] --END-- [ RunTime:0.000104s ]
ERR: 无法加载模块:Phpmyadmin

[ 2017-09-12T10:40:30+08:00 ] 140.205.225.191 /phpmyadmin/
INFO: [ app_init ] --START--
INFO: Run Behavior\BuildLiteBehavior [ RunTime:0.000016s ]
INFO: [ app_init ] --END-- [ RunTime:0.000116s ]
ERR: 无法加载模块:Phpmyadmin

[ 2017-09-12T10:40:30+08:00 ] 140.205.225.191 /phpmyadmin/
INFO: [ app_init ] --START--
INFO: Run Behavior\BuildLiteBehavior [ RunTime:0.000013s ]
INFO: [ app_init ] --END-- [ RunTime:0.000107s ]
ERR: 无法加载模块:Phpmyadmin

[ 2017-09-12T10:40:30+08:00 ] 140.205.225.191 /phpmyadmin/
INFO: [ app_init ] --START--
INFO: Run Behavior\BuildLiteBehavior [ RunTime:0.000015s ]
INFO: [ app_init ] --END-- [ RunTime:0.000118s ]
ERR: 无法加载模块:Phpmyadmin

[ 2017-09-12T10:40:30+08:00 ] 140.205.225.191 /phpmyadmin/
INFO: [ app_init ] --START--
INFO: Run Behavior\BuildLiteBehavior [ RunTime:0.000015s ]
INFO: [ app_init ] --END-- [ RunTime:0.000165s ]
ERR: 无法加载模块:Phpmyadmin

[ 2017-09-12T10:40:30+08:00 ] 140.205.225.191 /phpmyadmin/
INFO: [ app_init ] --START--
INFO: Run Behavior\BuildLiteBehavior [ RunTime:0.000015s ]
INFO: [ app_init ] --END-- [ RunTime:0.000103s ]
ERR: 无法加载模块:Phpmyadmin

[ 2017-09-12T10:40:30+08:00 ] 140.205.225.191 /phpmyadmin/
INFO: [ app_init ] --START--
INFO: Run Behavior\BuildLiteBehavior [ RunTime:0.000015s ]
INFO: [ app_init ] --END-- [ RunTime:0.000104s ]
ERR: 无法加载模块:Phpmyadmin

[ 2017-09-12T10:40:30+08:00 ] 140.205.225.191 /phpmyadmin/
INFO: [ app_init ] --START--
INFO: Run Behavior\BuildLiteBehavior [ RunTime:0.000015s ]
INFO: [ app_init ] --END-- [ RunTime:0.000104s ]
ERR: 无法加载模块:Phpmyadmin

[ 2017-09-12T10:40:30+08:00 ] 140.205.225.191 /phpmyadmin/
INFO: [ app_init ] --START--
INFO: Run Behavior\BuildLiteBehavior [ RunTime:0.000014s ]
INFO: [ app_init ] --END-- [ RunTime:0.000104s ]
ERR: 无法加载模块:Phpmyadmin

[ 2017-09-12T10:40:30+08:00 ] 140.205.225.191 /phpmyadmin/
INFO: [ app_init ] --START--
INFO: Run Behavior\BuildLiteBehavior [ RunTime:0.000015s ]
INFO: [ app_init ] --END-- [ RunTime:0.000102s ]
ERR: 无法加载模块:Phpmyadmin

[ 2017-09-12T10:40:30+08:00 ] 140.205.225.191 /phpmyadmin/
INFO: [ app_init ] --START--
INFO: Run Behavior\BuildLiteBehavior [ RunTime:0.000015s ]
INFO: [ app_init ] --END-- [ RunTime:0.000103s ]
ERR: 无法加载模块:Phpmyadmin

[ 2017-09-12T10:40:30+08:00 ] 140.205.225.191 /phpmyadmin/
INFO: [ app_init ] --START--
INFO: Run Behavior\BuildLiteBehavior [ RunTime:0.000014s ]
INFO: [ app_init ] --END-- [ RunTime:0.000105s ]
ERR: 无法加载模块:Phpmyadmin

[ 2017-09-12T10:40:30+08:00 ] 140.205.225.191 /phpmyadmin/
INFO: [ app_init ] --START--
INFO: Run Behavior\BuildLiteBehavior [ RunTime:0.000015s ]
INFO: [ app_init ] --END-- [ RunTime:0.000103s ]
ERR: 无法加载模块:Phpmyadmin

[ 2017-09-12T10:40:30+08:00 ] 140.205.225.191 /phpmyadmin/
INFO: [ app_init ] --START--
INFO: Run Behavior\BuildLiteBehavior [ RunTime:0.000014s ]
INFO: [ app_init ] --END-- [ RunTime:0.000104s ]
ERR: 无法加载模块:Phpmyadmin

[ 2017-09-12T10:40:30+08:00 ] 140.205.225.191 /phpmyadmin/
INFO: [ app_init ] --START--
INFO: Run Behavior\BuildLiteBehavior [ RunTime:0.000015s ]
INFO: [ app_init ] --END-- [ RunTime:0.000103s ]
ERR: 无法加载模块:Phpmyadmin

[ 2017-09-12T10:51:46+08:00 ] 140.205.225.191 /showcase/integration/saveGangster.action
INFO: [ app_init ] --START--
INFO: Run Behavior\BuildLiteBehavior [ RunTime:0.000020s ]
INFO: [ app_init ] --END-- [ RunTime:0.000141s ]
ERR: 无法加载模块:Showcase

[ 2017-09-12T10:51:46+08:00 ] 140.205.225.191 /struts2-showcase/integration/saveGangster.action
INFO: [ app_init ] --START--
INFO: Run Behavior\BuildLiteBehavior [ RunTime:0.000016s ]
INFO: [ app_init ] --END-- [ RunTime:0.000120s ]
ERR: 无法加载模块:Struts2-showcase

[ 2017-09-12T10:51:46+08:00 ] 140.205.225.191 /integration/saveGangster.action
INFO: [ app_init ] --START--
INFO: Run Behavior\BuildLiteBehavior [ RunTime:0.000014s ]
INFO: [ app_init ] --END-- [ RunTime:0.000110s ]
ERR: 无法加载模块:Integration

[ 2017-09-12T10:51:51+08:00 ] 140.205.225.191 /master-status
INFO: [ app_init ] --START--
INFO: Run Behavior\BuildLiteBehavior [ RunTime:0.000019s ]
INFO: [ app_init ] --END-- [ RunTime:0.000150s ]
ERR: 无法加载模块:Master-status

[ 2017-09-12T10:58:52+08:00 ] 140.205.225.191 /wp-json/wp/v2/posts
INFO: [ app_init ] --START--
INFO: Run Behavior\BuildLiteBehavior [ RunTime:0.000015s ]
INFO: [ app_init ] --END-- [ RunTime:0.000116s ]
ERR: 无法加载模块:Wp-json

[ 2017-09-12T11:02:00+08:00 ] 140.205.225.191 /rs-status
INFO: [ app_init ] --START--
INFO: Run Behavior\BuildLiteBehavior [ RunTime:0.000019s ]
INFO: [ app_init ] --END-- [ RunTime:0.000156s ]
ERR: 无法加载模块:Rs-status

[ 2017-09-12T11:04:45+08:00 ] 140.205.225.191 /ganglia/index.php
INFO: [ app_init ] --START--
INFO: Run Behavior\BuildLiteBehavior [ RunTime:0.000016s ]
INFO: [ app_init ] --END-- [ RunTime:0.000122s ]
ERR: 无法加载模块:Ganglia

[ 2017-09-12T11:05:41+08:00 ] 121.43.157.235 /login.action
INFO: [ app_init ] --START--
INFO: Run Behavior\BuildLiteBehavior [ RunTime:0.000017s ]
INFO: [ app_init ] --END-- [ RunTime:0.000124s ]
ERR: 无法加载模块:Login

[ 2017-09-12T11:05:41+08:00 ] 121.43.157.235 /login.action
INFO: [ app_init ] --START--
INFO: Run Behavior\BuildLiteBehavior [ RunTime:0.000015s ]
INFO: [ app_init ] --END-- [ RunTime:0.000106s ]
ERR: 无法加载模块:Login

[ 2017-09-12T11:05:41+08:00 ] 121.43.157.235 /login.action
INFO: [ app_init ] --START--
INFO: Run Behavior\BuildLiteBehavior [ RunTime:0.000015s ]
INFO: [ app_init ] --END-- [ RunTime:0.000106s ]
ERR: 无法加载模块:Login

[ 2017-09-12T11:05:41+08:00 ] 121.43.157.235 /login.action
INFO: [ app_init ] --START--
INFO: Run Behavior\BuildLiteBehavior [ RunTime:0.000015s ]
INFO: [ app_init ] --END-- [ RunTime:0.000117s ]
ERR: 无法加载模块:Login

[ 2017-09-12T11:05:41+08:00 ] 121.43.157.235 /login.action
INFO: [ app_init ] --START--
INFO: Run Behavior\BuildLiteBehavior [ RunTime:0.000014s ]
INFO: [ app_init ] --END-- [ RunTime:0.000106s ]
ERR: 无法加载模块:Login

[ 2017-09-12T11:05:41+08:00 ] 121.43.157.235 /login.action
INFO: [ app_init ] --START--
INFO: Run Behavior\BuildLiteBehavior [ RunTime:0.000014s ]
INFO: [ app_init ] --END-- [ RunTime:0.000107s ]
ERR: 无法加载模块:Login

[ 2017-09-12T11:14:26+08:00 ] 140.205.225.191 /jobs/
INFO: [ app_init ] --START--
INFO: Run Behavior\BuildLiteBehavior [ RunTime:0.000025s ]
INFO: [ app_init ] --END-- [ RunTime:0.000135s ]
ERR: 无法加载模块:Jobs

[ 2017-09-12T11:23:02+08:00 ] 140.205.225.191 /dynmtixucjqb
INFO: [ app_init ] --START--
INFO: Run Behavior\BuildLiteBehavior [ RunTime:0.000017s ]
INFO: [ app_init ] --END-- [ RunTime:0.000125s ]
ERR: 无法加载模块:Dynmtixucjqb

[ 2017-09-12T11:23:02+08:00 ] 140.205.225.191 /dynmtixucjqb
INFO: [ app_init ] --START--
INFO: Run Behavior\BuildLiteBehavior [ RunTime:0.000017s ]
INFO: [ app_init ] --END-- [ RunTime:0.000116s ]
ERR: 无法加载模块:Dynmtixucjqb

[ 2017-09-12T11:23:02+08:00 ] 140.205.225.191 /dynmtixucjqb
INFO: [ app_init ] --START--
INFO: Run Behavior\BuildLiteBehavior [ RunTime:0.000015s ]
INFO: [ app_init ] --END-- [ RunTime:0.000105s ]
ERR: 无法加载模块:Dynmtixucjqb

[ 2017-09-12T11:47:11+08:00 ] 140.205.225.191 /hwi/
INFO: [ app_init ] --START--
INFO: Run Behavior\BuildLiteBehavior [ RunTime:0.000019s ]
INFO: [ app_init ] --END-- [ RunTime:0.000129s ]
ERR: 无法加载模块:Hwi

[ 2017-09-12T11:57:34+08:00 ] 140.205.225.191 /dfshealth.html
INFO: [ app_init ] --START--
INFO: Run Behavior\BuildLiteBehavior [ RunTime:0.000017s ]
INFO: [ app_init ] --END-- [ RunTime:0.000124s ]
ERR: 无法加载模块:Dfshealth

[ 2017-09-12T11:58:29+08:00 ] 140.205.225.191 /struts2-showcase/integration/saveGangster.action
INFO: [ app_init ] --START--
INFO: Run Behavior\BuildLiteBehavior [ RunTime:0.000018s ]
INFO: [ app_init ] --END-- [ RunTime:0.000127s ]
ERR: 无法加载模块:Struts2-showcase

[ 2017-09-12T11:58:37+08:00 ] 140.205.225.191 /clusters.jsf
INFO: [ app_init ] --START--
INFO: Run Behavior\BuildLiteBehavior [ RunTime:0.000018s ]
INFO: [ app_init ] --END-- [ RunTime:0.000129s ]
ERR: 无法加载模块:Clusters

[ 2017-09-12T11:58:40+08:00 ] 140.205.225.191 /info
INFO: [ app_init ] --START--
INFO: Run Behavior\BuildLiteBehavior [ RunTime:0.000019s ]
INFO: [ app_init ] --END-- [ RunTime:0.000137s ]
ERR: 无法加载模块:Info

[ 2017-09-12T12:03:41+08:00 ] 140.205.225.191 /jenkins/
INFO: [ app_init ] --START--
INFO: Run Behavior\BuildLiteBehavior [ RunTime:0.000018s ]
INFO: [ app_init ] --END-- [ RunTime:0.000138s ]
ERR: 无法加载模块:Jenkins

[ 2017-09-12T12:07:27+08:00 ] 140.205.225.191 /zabbix/
INFO: [ app_init ] --START--
INFO: Run Behavior\BuildLiteBehavior [ RunTime:0.000016s ]
INFO: [ app_init ] --END-- [ RunTime:0.000124s ]
ERR: 无法加载模块:Zabbix

[ 2017-09-12T12:09:24+08:00 ] 140.205.225.191 /solr/
INFO: [ app_init ] --START--
INFO: Run Behavior\BuildLiteBehavior [ RunTime:0.000020s ]
INFO: [ app_init ] --END-- [ RunTime:0.000137s ]
ERR: 无法加载模块:Solr

[ 2017-09-12T12:16:04+08:00 ] 140.205.225.191 /about/
INFO: [ app_init ] --START--
INFO: Run Behavior\BuildLiteBehavior [ RunTime:0.000016s ]
INFO: [ app_init ] --END-- [ RunTime:0.000123s ]
ERR: 无法加载模块:About

[ 2017-09-12T12:33:16+08:00 ] 140.205.225.191 /warning
INFO: [ app_init ] --START--
INFO: Run Behavior\BuildLiteBehavior [ RunTime:0.000019s ]
INFO: [ app_init ] --END-- [ RunTime:0.000150s ]
ERR: 无法加载模块:Warning

[ 2017-09-12T12:44:04+08:00 ] 140.205.225.191 /pleasereadthis
INFO: [ app_init ] --START--
INFO: Run Behavior\BuildLiteBehavior [ RunTime:0.000030s ]
INFO: [ app_init ] --END-- [ RunTime:0.000222s ]
ERR: 无法加载模块:Pleasereadthis

[ 2017-09-12T13:03:09+08:00 ] 140.205.225.191 /please_read/_search
INFO: [ app_init ] --START--
INFO: Run Behavior\BuildLiteBehavior [ RunTime:0.000026s ]
INFO: [ app_init ] --END-- [ RunTime:0.000139s ]
ERR: 无法加载模块:Please_read

[ 2017-09-12T13:12:48+08:00 ] 140.205.225.191 /dfshealth.jsp
INFO: [ app_init ] --START--
INFO: Run Behavior\BuildLiteBehavior [ RunTime:0.000031s ]
INFO: [ app_init ] --END-- [ RunTime:0.000150s ]
ERR: 无法加载模块:Dfshealth

[ 2017-09-12T13:16:37+08:00 ] 140.205.225.191 /hadoop/dfshealth.jsp
INFO: [ app_init ] --START--
INFO: Run Behavior\BuildLiteBehavior [ RunTime:0.000017s ]
INFO: [ app_init ] --END-- [ RunTime:0.000147s ]
ERR: 无法加载模块:Hadoop

[ 2017-09-12T16:54:01+08:00 ] 139.162.88.63 http://clientapi.ipip.net/echo.php?info=1234567890
INFO: [ app_init ] --START--
INFO: Run Behavior\BuildLiteBehavior [ RunTime:0.000018s ]
INFO: [ app_init ] --END-- [ RunTime:0.000129s ]
ERR: 无法加载模块:Echo

[ 2017-09-12T17:20:10+08:00 ] 140.205.225.197 /phpmyadmin/
INFO: [ app_init ] --START--
INFO: Run Behavior\BuildLiteBehavior [ RunTime:0.000018s ]
INFO: [ app_init ] --END-- [ RunTime:0.000135s ]
ERR: 无法加载模块:Phpmyadmin

[ 2017-09-12T17:20:10+08:00 ] 140.205.225.197 /phpmyadmin/
INFO: [ app_init ] --START--
INFO: Run Behavior\BuildLiteBehavior [ RunTime:0.000013s ]
INFO: [ app_init ] --END-- [ RunTime:0.000102s ]
ERR: 无法加载模块:Phpmyadmin

[ 2017-09-12T17:20:10+08:00 ] 140.205.225.197 /phpmyadmin/
INFO: [ app_init ] --START--
INFO: Run Behavior\BuildLiteBehavior [ RunTime:0.000015s ]
INFO: [ app_init ] --END-- [ RunTime:0.000112s ]
ERR: 无法加载模块:Phpmyadmin

[ 2017-09-12T17:20:10+08:00 ] 140.205.225.197 /phpmyadmin/
INFO: [ app_init ] --START--
INFO: Run Behavior\BuildLiteBehavior [ RunTime:0.000014s ]
INFO: [ app_init ] --END-- [ RunTime:0.000102s ]
ERR: 无法加载模块:Phpmyadmin

[ 2017-09-12T17:20:10+08:00 ] 140.205.225.197 /phpmyadmin/
INFO: [ app_init ] --START--
INFO: Run Behavior\BuildLiteBehavior [ RunTime:0.000014s ]
INFO: [ app_init ] --END-- [ RunTime:0.000112s ]
ERR: 无法加载模块:Phpmyadmin

[ 2017-09-12T17:20:10+08:00 ] 140.205.225.197 /phpmyadmin/
INFO: [ app_init ] --START--
INFO: Run Behavior\BuildLiteBehavior [ RunTime:0.000013s ]
INFO: [ app_init ] --END-- [ RunTime:0.000102s ]
ERR: 无法加载模块:Phpmyadmin

[ 2017-09-12T17:20:10+08:00 ] 140.205.225.197 /phpmyadmin/
INFO: [ app_init ] --START--
INFO: Run Behavior\BuildLiteBehavior [ RunTime:0.000013s ]
INFO: [ app_init ] --END-- [ RunTime:0.000100s ]
ERR: 无法加载模块:Phpmyadmin

[ 2017-09-12T17:20:10+08:00 ] 140.205.225.197 /phpmyadmin/
INFO: [ app_init ] --START--
INFO: Run Behavior\BuildLiteBehavior [ RunTime:0.000014s ]
INFO: [ app_init ] --END-- [ RunTime:0.000115s ]
ERR: 无法加载模块:Phpmyadmin

[ 2017-09-12T17:20:10+08:00 ] 140.205.225.197 /phpmyadmin/
INFO: [ app_init ] --START--
INFO: Run Behavior\BuildLiteBehavior [ RunTime:0.000014s ]
INFO: [ app_init ] --END-- [ RunTime:0.000105s ]
ERR: 无法加载模块:Phpmyadmin

[ 2017-09-12T17:20:10+08:00 ] 140.205.225.197 /phpmyadmin/
INFO: [ app_init ] --START--
INFO: Run Behavior\BuildLiteBehavior [ RunTime:0.000014s ]
INFO: [ app_init ] --END-- [ RunTime:0.000105s ]
ERR: 无法加载模块:Phpmyadmin

[ 2017-09-12T17:20:10+08:00 ] 140.205.225.197 /phpmyadmin/
INFO: [ app_init ] --START--
INFO: Run Behavior\BuildLiteBehavior [ RunTime:0.000015s ]
INFO: [ app_init ] --END-- [ RunTime:0.000111s ]
ERR: 无法加载模块:Phpmyadmin

[ 2017-09-12T17:20:10+08:00 ] 140.205.225.197 /phpmyadmin/
INFO: [ app_init ] --START--
INFO: Run Behavior\BuildLiteBehavior [ RunTime:0.000015s ]
INFO: [ app_init ] --END-- [ RunTime:0.000116s ]
ERR: 无法加载模块:Phpmyadmin

[ 2017-09-12T17:20:10+08:00 ] 140.205.225.197 /phpmyadmin/
INFO: [ app_init ] --START--
INFO: Run Behavior\BuildLiteBehavior [ RunTime:0.000015s ]
INFO: [ app_init ] --END-- [ RunTime:0.000109s ]
ERR: 无法加载模块:Phpmyadmin

[ 2017-09-12T17:20:10+08:00 ] 140.205.225.197 /phpmyadmin/
INFO: [ app_init ] --START--
INFO: Run Behavior\BuildLiteBehavior [ RunTime:0.000015s ]
INFO: [ app_init ] --END-- [ RunTime:0.000102s ]
ERR: 无法加载模块:Phpmyadmin

[ 2017-09-12T17:20:10+08:00 ] 140.205.225.197 /phpmyadmin/
INFO: [ app_init ] --START--
INFO: Run Behavior\BuildLiteBehavior [ RunTime:0.000013s ]
INFO: [ app_init ] --END-- [ RunTime:0.000100s ]
ERR: 无法加载模块:Phpmyadmin

[ 2017-09-12T17:20:10+08:00 ] 140.205.225.197 /phpmyadmin/
INFO: [ app_init ] --START--
INFO: Run Behavior\BuildLiteBehavior [ RunTime:0.000014s ]
INFO: [ app_init ] --END-- [ RunTime:0.000102s ]
ERR: 无法加载模块:Phpmyadmin

[ 2017-09-12T17:20:10+08:00 ] 140.205.225.197 /phpmyadmin/
INFO: [ app_init ] --START--
INFO: Run Behavior\BuildLiteBehavior [ RunTime:0.000015s ]
INFO: [ app_init ] --END-- [ RunTime:0.000103s ]
ERR: 无法加载模块:Phpmyadmin

[ 2017-09-12T17:20:10+08:00 ] 140.205.225.197 /phpmyadmin/
INFO: [ app_init ] --START--
INFO: Run Behavior\BuildLiteBehavior [ RunTime:0.000015s ]
INFO: [ app_init ] --END-- [ RunTime:0.000111s ]
ERR: 无法加载模块:Phpmyadmin

[ 2017-09-12T17:20:10+08:00 ] 140.205.225.197 /phpmyadmin/
INFO: [ app_init ] --START--
INFO: Run Behavior\BuildLiteBehavior [ RunTime:0.000014s ]
INFO: [ app_init ] --END-- [ RunTime:0.000103s ]
ERR: 无法加载模块:Phpmyadmin

[ 2017-09-12T17:20:10+08:00 ] 140.205.225.197 /phpmyadmin/
INFO: [ app_init ] --START--
INFO: Run Behavior\BuildLiteBehavior [ RunTime:0.000042s ]
INFO: [ app_init ] --END-- [ RunTime:0.000137s ]
ERR: 无法加载模块:Phpmyadmin

[ 2017-09-12T17:28:41+08:00 ] 140.205.225.197 /showcase/integration/saveGangster.action
INFO: [ app_init ] --START--
INFO: Run Behavior\BuildLiteBehavior [ RunTime:0.000025s ]
INFO: [ app_init ] --END-- [ RunTime:0.000190s ]
ERR: 无法加载模块:Showcase

[ 2017-09-12T17:28:41+08:00 ] 140.205.225.197 /struts2-showcase/integration/saveGangster.action
INFO: [ app_init ] --START--
INFO: Run Behavior\BuildLiteBehavior [ RunTime:0.000026s ]
INFO: [ app_init ] --END-- [ RunTime:0.000191s ]
ERR: 无法加载模块:Struts2-showcase

[ 2017-09-12T17:28:41+08:00 ] 140.205.225.197 /integration/saveGangster.action
INFO: [ app_init ] --START--
INFO: Run Behavior\BuildLiteBehavior [ RunTime:0.000025s ]
INFO: [ app_init ] --END-- [ RunTime:0.000194s ]
ERR: 无法加载模块:Integration

[ 2017-09-12T17:29:38+08:00 ] 140.205.225.197 /master-status
INFO: [ app_init ] --START--
INFO: Run Behavior\BuildLiteBehavior [ RunTime:0.000017s ]
INFO: [ app_init ] --END-- [ RunTime:0.000140s ]
ERR: 无法加载模块:Master-status

[ 2017-09-12T17:32:27+08:00 ] 140.205.225.197 /wp-json/wp/v2/posts
INFO: [ app_init ] --START--
INFO: Run Behavior\BuildLiteBehavior [ RunTime:0.000015s ]
INFO: [ app_init ] --END-- [ RunTime:0.000110s ]
ERR: 无法加载模块:Wp-json

[ 2017-09-12T17:34:15+08:00 ] 140.205.225.197 /rs-status
INFO: [ app_init ] --START--
INFO: Run Behavior\BuildLiteBehavior [ RunTime:0.000017s ]
INFO: [ app_init ] --END-- [ RunTime:0.000124s ]
ERR: 无法加载模块:Rs-status

[ 2017-09-12T17:35:27+08:00 ] 140.205.225.197 /ganglia/index.php
INFO: [ app_init ] --START--
INFO: Run Behavior\BuildLiteBehavior [ RunTime:0.000025s ]
INFO: [ app_init ] --END-- [ RunTime:0.000135s ]
ERR: 无法加载模块:Ganglia

[ 2017-09-12T17:39:23+08:00 ] 140.205.225.197 /jobs/
INFO: [ app_init ] --START--
INFO: Run Behavior\BuildLiteBehavior [ RunTime:0.000018s ]
INFO: [ app_init ] --END-- [ RunTime:0.000135s ]
ERR: 无法加载模块:Jobs

[ 2017-09-12T17:44:43+08:00 ] 140.205.225.197 /kvjwycsqxrfn
INFO: [ app_init ] --START--
INFO: Run Behavior\BuildLiteBehavior [ RunTime:0.000016s ]
INFO: [ app_init ] --END-- [ RunTime:0.000122s ]
ERR: 无法加载模块:Kvjwycsqxrfn

[ 2017-09-12T17:44:43+08:00 ] 140.205.225.197 /kvjwycsqxrfn
INFO: [ app_init ] --START--
INFO: Run Behavior\BuildLiteBehavior [ RunTime:0.000015s ]
INFO: [ app_init ] --END-- [ RunTime:0.000103s ]
ERR: 无法加载模块:Kvjwycsqxrfn

[ 2017-09-12T17:44:43+08:00 ] 140.205.225.197 /kvjwycsqxrfn
INFO: [ app_init ] --START--
INFO: Run Behavior\BuildLiteBehavior [ RunTime:0.000014s ]
INFO: [ app_init ] --END-- [ RunTime:0.000102s ]
ERR: 无法加载模块:Kvjwycsqxrfn

[ 2017-09-12T17:48:12+08:00 ] 140.205.201.32 /phpmyadmin/
INFO: [ app_init ] --START--
INFO: Run Behavior\BuildLiteBehavior [ RunTime:0.000018s ]
INFO: [ app_init ] --END-- [ RunTime:0.000139s ]
ERR: 无法加载模块:Phpmyadmin

[ 2017-09-12T17:48:12+08:00 ] 140.205.201.32 /phpmyadmin/
INFO: [ app_init ] --START--
INFO: Run Behavior\BuildLiteBehavior [ RunTime:0.000016s ]
INFO: [ app_init ] --END-- [ RunTime:0.000118s ]
ERR: 无法加载模块:Phpmyadmin

[ 2017-09-12T17:48:12+08:00 ] 140.205.201.32 /phpmyadmin/
INFO: [ app_init ] --START--
INFO: Run Behavior\BuildLiteBehavior [ RunTime:0.000015s ]
INFO: [ app_init ] --END-- [ RunTime:0.000107s ]
ERR: 无法加载模块:Phpmyadmin

[ 2017-09-12T17:48:12+08:00 ] 140.205.201.32 /phpmyadmin/
INFO: [ app_init ] --START--
INFO: Run Behavior\BuildLiteBehavior [ RunTime:0.000015s ]
INFO: [ app_init ] --END-- [ RunTime:0.000113s ]
ERR: 无法加载模块:Phpmyadmin

[ 2017-09-12T17:48:12+08:00 ] 140.205.201.32 /phpmyadmin/
INFO: [ app_init ] --START--
INFO: Run Behavior\BuildLiteBehavior [ RunTime:0.000015s ]
INFO: [ app_init ] --END-- [ RunTime:0.000106s ]
ERR: 无法加载模块:Phpmyadmin

[ 2017-09-12T17:48:12+08:00 ] 140.205.201.32 /phpmyadmin/
INFO: [ app_init ] --START--
INFO: Run Behavior\BuildLiteBehavior [ RunTime:0.000016s ]
INFO: [ app_init ] --END-- [ RunTime:0.000118s ]
ERR: 无法加载模块:Phpmyadmin

[ 2017-09-12T17:48:12+08:00 ] 140.205.201.32 /phpmyadmin/
INFO: [ app_init ] --START--
INFO: Run Behavior\BuildLiteBehavior [ RunTime:0.000014s ]
INFO: [ app_init ] --END-- [ RunTime:0.000104s ]
ERR: 无法加载模块:Phpmyadmin

[ 2017-09-12T17:48:12+08:00 ] 140.205.201.32 /phpmyadmin/
INFO: [ app_init ] --START--
INFO: Run Behavior\BuildLiteBehavior [ RunTime:0.000014s ]
INFO: [ app_init ] --END-- [ RunTime:0.000105s ]
ERR: 无法加载模块:Phpmyadmin

[ 2017-09-12T17:48:12+08:00 ] 140.205.201.32 /phpmyadmin/
INFO: [ app_init ] --START--
INFO: Run Behavior\BuildLiteBehavior [ RunTime:0.000022s ]
INFO: [ app_init ] --END-- [ RunTime:0.000117s ]
ERR: 无法加载模块:Phpmyadmin

[ 2017-09-12T17:48:12+08:00 ] 140.205.201.32 /phpmyadmin/
INFO: [ app_init ] --START--
INFO: Run Behavior\BuildLiteBehavior [ RunTime:0.000014s ]
INFO: [ app_init ] --END-- [ RunTime:0.000119s ]
ERR: 无法加载模块:Phpmyadmin

[ 2017-09-12T17:48:12+08:00 ] 140.205.201.32 /phpmyadmin/
INFO: [ app_init ] --START--
INFO: Run Behavior\BuildLiteBehavior [ RunTime:0.000015s ]
INFO: [ app_init ] --END-- [ RunTime:0.000107s ]
ERR: 无法加载模块:Phpmyadmin

[ 2017-09-12T17:48:12+08:00 ] 140.205.201.32 /phpmyadmin/
INFO: [ app_init ] --START--
INFO: Run Behavior\BuildLiteBehavior [ RunTime:0.000016s ]
INFO: [ app_init ] --END-- [ RunTime:0.000109s ]
ERR: 无法加载模块:Phpmyadmin

[ 2017-09-12T17:48:12+08:00 ] 140.205.201.32 /phpmyadmin/
INFO: [ app_init ] --START--
INFO: Run Behavior\BuildLiteBehavior [ RunTime:0.000015s ]
INFO: [ app_init ] --END-- [ RunTime:0.000102s ]
ERR: 无法加载模块:Phpmyadmin

[ 2017-09-12T17:48:12+08:00 ] 140.205.201.32 /phpmyadmin/
INFO: [ app_init ] --START--
INFO: Run Behavior\BuildLiteBehavior [ RunTime:0.000014s ]
INFO: [ app_init ] --END-- [ RunTime:0.000102s ]
ERR: 无法加载模块:Phpmyadmin

[ 2017-09-12T17:48:12+08:00 ] 140.205.201.32 /phpmyadmin/
INFO: [ app_init ] --START--
INFO: Run Behavior\BuildLiteBehavior [ RunTime:0.000015s ]
INFO: [ app_init ] --END-- [ RunTime:0.000120s ]
ERR: 无法加载模块:Phpmyadmin

[ 2017-09-12T17:48:12+08:00 ] 140.205.201.32 /phpmyadmin/
INFO: [ app_init ] --START--
INFO: Run Behavior\BuildLiteBehavior [ RunTime:0.000014s ]
INFO: [ app_init ] --END-- [ RunTime:0.000108s ]
ERR: 无法加载模块:Phpmyadmin

[ 2017-09-12T17:48:12+08:00 ] 140.205.201.32 /phpmyadmin/
INFO: [ app_init ] --START--
INFO: Run Behavior\BuildLiteBehavior [ RunTime:0.000014s ]
INFO: [ app_init ] --END-- [ RunTime:0.000104s ]
ERR: 无法加载模块:Phpmyadmin

[ 2017-09-12T17:48:12+08:00 ] 140.205.201.32 /phpmyadmin/
INFO: [ app_init ] --START--
INFO: Run Behavior\BuildLiteBehavior [ RunTime:0.000014s ]
INFO: [ app_init ] --END-- [ RunTime:0.000107s ]
ERR: 无法加载模块:Phpmyadmin

[ 2017-09-12T17:48:12+08:00 ] 140.205.201.32 /phpmyadmin/
INFO: [ app_init ] --START--
INFO: Run Behavior\BuildLiteBehavior [ RunTime:0.000014s ]
INFO: [ app_init ] --END-- [ RunTime:0.000104s ]
ERR: 无法加载模块:Phpmyadmin

[ 2017-09-12T17:48:12+08:00 ] 140.205.201.32 /phpmyadmin/
INFO: [ app_init ] --START--
INFO: Run Behavior\BuildLiteBehavior [ RunTime:0.000014s ]
INFO: [ app_init ] --END-- [ RunTime:0.000105s ]
ERR: 无法加载模块:Phpmyadmin

[ 2017-09-12T17:52:35+08:00 ] 66.249.75.207 /robots.txt
INFO: [ app_init ] --START--
INFO: Run Behavior\BuildLiteBehavior [ RunTime:0.000018s ]
INFO: [ app_init ] --END-- [ RunTime:0.000133s ]
ERR: 无法加载模块:Robots

[ 2017-09-12T18:02:24+08:00 ] 140.205.201.32 /showcase/integration/saveGangster.action
INFO: [ app_init ] --START--
INFO: Run Behavior\BuildLiteBehavior [ RunTime:0.000018s ]
INFO: [ app_init ] --END-- [ RunTime:0.000144s ]
ERR: 无法加载模块:Showcase

[ 2017-09-12T18:02:24+08:00 ] 140.205.201.32 /struts2-showcase/integration/saveGangster.action
INFO: [ app_init ] --START--
INFO: Run Behavior\BuildLiteBehavior [ RunTime:0.000015s ]
INFO: [ app_init ] --END-- [ RunTime:0.000123s ]
ERR: 无法加载模块:Struts2-showcase

[ 2017-09-12T18:02:25+08:00 ] 140.205.201.32 /integration/saveGangster.action
INFO: [ app_init ] --START--
INFO: Run Behavior\BuildLiteBehavior [ RunTime:0.000014s ]
INFO: [ app_init ] --END-- [ RunTime:0.000107s ]
ERR: 无法加载模块:Integration

[ 2017-09-12T18:09:03+08:00 ] 140.205.201.32 /wp-json/wp/v2/posts
INFO: [ app_init ] --START--
INFO: Run Behavior\BuildLiteBehavior [ RunTime:0.000014s ]
INFO: [ app_init ] --END-- [ RunTime:0.000104s ]
ERR: 无法加载模块:Wp-json

[ 2017-09-12T18:20:11+08:00 ] 140.205.225.197 /hwi/
INFO: [ app_init ] --START--
INFO: Run Behavior\BuildLiteBehavior [ RunTime:0.000017s ]
INFO: [ app_init ] --END-- [ RunTime:0.000131s ]
ERR: 无法加载模块:Hwi

[ 2017-09-12T18:21:49+08:00 ] 140.205.201.32 /vzlnqguiftds
INFO: [ app_init ] --START--
INFO: Run Behavior\BuildLiteBehavior [ RunTime:0.000018s ]
INFO: [ app_init ] --END-- [ RunTime:0.000126s ]
ERR: 无法加载模块:Vzlnqguiftds

[ 2017-09-12T18:21:49+08:00 ] 140.205.201.32 /vzlnqguiftds
INFO: [ app_init ] --START--
INFO: Run Behavior\BuildLiteBehavior [ RunTime:0.000015s ]
INFO: [ app_init ] --END-- [ RunTime:0.000116s ]
ERR: 无法加载模块:Vzlnqguiftds

[ 2017-09-12T18:21:49+08:00 ] 140.205.201.32 /vzlnqguiftds
INFO: [ app_init ] --START--
INFO: Run Behavior\BuildLiteBehavior [ RunTime:0.000014s ]
INFO: [ app_init ] --END-- [ RunTime:0.000104s ]
ERR: 无法加载模块:Vzlnqguiftds

[ 2017-09-12T18:38:07+08:00 ] 140.205.201.32 /dfshealth.html
INFO: [ app_init ] --START--
INFO: Run Behavior\BuildLiteBehavior [ RunTime:0.000018s ]
INFO: [ app_init ] --END-- [ RunTime:0.000123s ]
ERR: 无法加载模块:Dfshealth

[ 2017-09-12T18:41:53+08:00 ] 140.205.225.197 /struts2-showcase/integration/saveGangster.action
INFO: [ app_init ] --START--
INFO: Run Behavior\BuildLiteBehavior [ RunTime:0.000016s ]
INFO: [ app_init ] --END-- [ RunTime:0.000122s ]
ERR: 无法加载模块:Struts2-showcase

[ 2017-09-12T18:47:47+08:00 ] 140.205.201.32 /clusters.jsf
INFO: [ app_init ] --START--
INFO: Run Behavior\BuildLiteBehavior [ RunTime:0.000017s ]
INFO: [ app_init ] --END-- [ RunTime:0.000125s ]
ERR: 无法加载模块:Clusters

[ 2017-09-12T18:49:27+08:00 ] 140.205.201.32 /info
INFO: [ app_init ] --START--
INFO: Run Behavior\BuildLiteBehavior [ RunTime:0.000017s ]
INFO: [ app_init ] --END-- [ RunTime:0.000127s ]
ERR: 无法加载模块:Info

[ 2017-09-12T18:51:13+08:00 ] 140.205.201.32 /jenkins/
INFO: [ app_init ] --START--
INFO: Run Behavior\BuildLiteBehavior [ RunTime:0.000016s ]
INFO: [ app_init ] --END-- [ RunTime:0.000138s ]
ERR: 无法加载模块:Jenkins

[ 2017-09-12T18:51:25+08:00 ] 140.205.201.32 /zabbix/
INFO: [ app_init ] --START--
INFO: Run Behavior\BuildLiteBehavior [ RunTime:0.000016s ]
INFO: [ app_init ] --END-- [ RunTime:0.000123s ]
ERR: 无法加载模块:Zabbix

[ 2017-09-12T18:54:48+08:00 ] 140.205.201.32 /solr/
INFO: [ app_init ] --START--
INFO: Run Behavior\BuildLiteBehavior [ RunTime:0.000016s ]
INFO: [ app_init ] --END-- [ RunTime:0.000125s ]
ERR: 无法加载模块:Solr

[ 2017-09-12T19:17:27+08:00 ] 140.205.201.32 /about/
INFO: [ app_init ] --START--
INFO: Run Behavior\BuildLiteBehavior [ RunTime:0.000017s ]
INFO: [ app_init ] --END-- [ RunTime:0.000123s ]
ERR: 无法加载模块:About

[ 2017-09-12T19:20:28+08:00 ] 140.205.201.32 /warning
INFO: [ app_init ] --START--
INFO: Run Behavior\BuildLiteBehavior [ RunTime:0.000017s ]
INFO: [ app_init ] --END-- [ RunTime:0.000129s ]
ERR: 无法加载模块:Warning

[ 2017-09-12T19:24:23+08:00 ] 140.205.201.32 /pleasereadthis
INFO: [ app_init ] --START--
INFO: Run Behavior\BuildLiteBehavior [ RunTime:0.000016s ]
INFO: [ app_init ] --END-- [ RunTime:0.000123s ]
ERR: 无法加载模块:Pleasereadthis

[ 2017-09-12T19:36:37+08:00 ] 140.205.201.32 /please_read/_search
INFO: [ app_init ] --START--
INFO: Run Behavior\BuildLiteBehavior [ RunTime:0.000017s ]
INFO: [ app_init ] --END-- [ RunTime:0.000123s ]
ERR: 无法加载模块:Please_read

[ 2017-09-12T19:37:19+08:00 ] 140.205.225.197 /please_read/_search
INFO: [ app_init ] --START--
INFO: Run Behavior\BuildLiteBehavior [ RunTime:0.000017s ]
INFO: [ app_init ] --END-- [ RunTime:0.000124s ]
ERR: 无法加载模块:Please_read

[ 2017-09-12T19:38:20+08:00 ] 140.205.225.197 /dfshealth.jsp
INFO: [ app_init ] --START--
INFO: Run Behavior\BuildLiteBehavior [ RunTime:0.000019s ]
INFO: [ app_init ] --END-- [ RunTime:0.000161s ]
ERR: 无法加载模块:Dfshealth

[ 2017-09-12T19:38:32+08:00 ] 140.205.225.197 /hadoop/dfshealth.jsp
INFO: [ app_init ] --START--
INFO: Run Behavior\BuildLiteBehavior [ RunTime:0.000017s ]
INFO: [ app_init ] --END-- [ RunTime:0.000128s ]
ERR: 无法加载模块:Hadoop

[ 2017-09-12T23:05:04+08:00 ] 187.2.135.28 /cgi/common.cgi
INFO: [ app_init ] --START--
INFO: Run Behavior\BuildLiteBehavior [ RunTime:0.000019s ]
INFO: [ app_init ] --END-- [ RunTime:0.000137s ]
ERR: 无法加载模块:Cgi

[ 2017-09-12T23:05:08+08:00 ] 187.2.135.28 /stssys.htm
INFO: [ app_init ] --START--
INFO: Run Behavior\BuildLiteBehavior [ RunTime:0.000017s ]
INFO: [ app_init ] --END-- [ RunTime:0.000135s ]
ERR: 无法加载模块:Stssys

[ 2017-09-12T23:05:13+08:00 ] 187.2.135.28 /command.php
INFO: [ app_init ] --START--
INFO: Run Behavior\BuildLiteBehavior [ RunTime:0.000018s ]
INFO: [ app_init ] --END-- [ RunTime:0.000124s ]
ERR: 无法加载模块:Command

